Added Component: Designator=C1(0805)
Added Component: Designator=C2(0805)
Added Component: Designator=C3(0805)
Added Component: Designator=C4(0805)
Added Component: Designator=C5(0805)
Added Component: Designator=C6(0805)
Added Component: Designator=C7(0805)
Added Component: Designator=C8(0805)
Added Component: Designator=C9(0805)
Added Component: Designator=C10(0805)
Added Component: Designator=C11(0805)
Added Component: Designator=C12(0805)
Added Component: Designator=C13(0805)
Added Component: Designator=C14(0805)
Added Component: Designator=C15(0805)
Added Component: Designator=C16(0805)
Added Component: Designator=C17(0805)
Added Component: Designator=C18(0805)
Added Component: Designator=C19(0805)
Added Component: Designator=C20(0805)
Added Component: Designator=C21(0805)
Added Component: Designator=C22(0805)
Added Component: Designator=C23(0805)
Added Component: Designator=C24(0805)
Added Component: Designator=C25(0805)
Added Component: Designator=C26(0805)
Added Component: Designator=C27(0805)
Added Component: Designator=C28(0805)
Added Component: Designator=C29(0805)
Added Component: Designator=C30(0805)
Added Component: Designator=C31(0805)
Added Component: Designator=C32(0805)
Added Component: Designator=C33(0805)
Added Component: Designator=C34(0805)
Added Component: Designator=C35(0805)
Added Component: Designator=C36(0805)
Added Component: Designator=C37(0805)
Added Component: Designator=C38(0805)
Added Component: Designator=C39(0805)
Added Component: Designator=C40(0805)
Added Component: Designator=C41(0805)
Added Component: Designator=D2(SMB)
Added Component: Designator=D3(SMB)
Added Component: Designator=D6(0805)
Added Component: Designator=P1(XH2.54-3p)
Added Component: Designator=P2(HDR2X8)
Added Component: Designator=R15(0805)
Added Component: Designator=R16(0805)
Added Component: Designator=R18(0805)
Added Component: Designator=R19(0805)
Added Component: Designator=R20(0805)
Added Component: Designator=R21(0805)
Added Component: Designator=R22(0805)
Added Component: Designator=R23(0805)
Added Component: Designator=R24(0805)
Added Component: Designator=R25(0805)
Added Component: Designator=R26(0805)
Added Component: Designator=R27(0805)
Added Component: Designator=R28(0805)
Added Component: Designator=R29(0805)
Added Component: Designator=R30(0805)
Added Component: Designator=R31(0805)
Added Component: Designator=R32(0805)
Added Component: Designator=R33(0805)
Added Component: Designator=R34(0805)
Added Component: Designator=R35(0805)
Added Component: Designator=R36(0805)
Added Component: Designator=R37(0805)
Added Component: Designator=R38(0805)
Added Component: Designator=R39(0805)
Added Component: Designator=R40(0805)
Added Component: Designator=R41(0805)
Added Component: Designator=R42(0805)
Added Component: Designator=R43(0805)
Added Component: Designator=R44(0805)
Added Component: Designator=R45(0805)
Added Component: Designator=R46(0805)
Added Component: Designator=R47(0805)
Added Component: Designator=R48(0805)
Added Component: Designator=R49(0805)
Added Component: Designator=R50(0805)
Added Component: Designator=R51(0805)
Added Component: Designator=R52(0805)
Added Component: Designator=R53(0805)
Added Component: Designator=R54(0805)
Added Component: Designator=R55(0805)
Added Component: Designator=R56(0805)
Added Component: Designator=R57(0805)
Added Component: Designator=R58(0805)
Added Component: Designator=R59(0805)
Added Component: Designator=R60(0805)
Added Component: Designator=R61(0805)
Added Component: Designator=R62(0805)
Added Component: Designator=R63(0805)
Added Component: Designator=R64(0805)
Added Component: Designator=R65(0805)
Added Component: Designator=R66(0805)
Added Component: Designator=R67(0805)
Added Component: Designator=R68(0805)
Added Component: Designator=R69(0805)
Added Component: Designator=U2(SOT223)
Added Component: Designator=U3(SOT223)
Added Component: Designator=U4(SOT223)
Added Component: Designator=U9(LC-SOIC-8_150mil)
Added Component: Designator=U10(LC-SOIC-8_150mil)
Added Component: Designator=U11(LC-SOIC-8_150mil)
Added Component: Designator=U12(LC-SOIC-8_150mil)
Added Component: Designator=Vo_S0(SMA-LYING)
Added Component: Designator=Vo_S1(SMA-LYING)
Added Component: Designator=Vo_S2(SMA-LYING)
Added Component: Designator=Vo_S3(SMA-LYING)
Added Component: Designator=X1(R38)
Added Pin To Net: NetName=+5VA Pin=C15-2
Added Pin To Net: NetName=+5VA Pin=C24-2
Added Pin To Net: NetName=+5VA Pin=C26-2
Added Pin To Net: NetName=+5VA Pin=C27-2
Added Pin To Net: NetName=+5VA Pin=C28-2
Added Pin To Net: NetName=+5VA Pin=C29-2
Added Pin To Net: NetName=+5VA Pin=C34-2
Added Pin To Net: NetName=+5VA Pin=C35-2
Added Pin To Net: NetName=+5VA Pin=C36-2
Added Pin To Net: NetName=+5VA Pin=C37-2
Added Pin To Net: NetName=+5VA Pin=R31-2
Added Pin To Net: NetName=+5VA Pin=U2-3
Added Pin To Net: NetName=+5VA Pin=U10-7
Added Pin To Net: NetName=+5VA Pin=U11-7
Added Pin To Net: NetName=+5VA Pin=U12-7
Added Net: Name=+5VA
Added Pin To Net: NetName=-5VA Pin=C25-2
Added Pin To Net: NetName=-5VA Pin=C30-2
Added Pin To Net: NetName=-5VA Pin=C31-2
Added Pin To Net: NetName=-5VA Pin=C32-2
Added Pin To Net: NetName=-5VA Pin=C33-2
Added Pin To Net: NetName=-5VA Pin=C38-2
Added Pin To Net: NetName=-5VA Pin=C39-2
Added Pin To Net: NetName=-5VA Pin=C40-2
Added Pin To Net: NetName=-5VA Pin=C41-2
Added Pin To Net: NetName=-5VA Pin=R32-2
Added Pin To Net: NetName=-5VA Pin=U9-4
Added Pin To Net: NetName=-5VA Pin=U10-4
Added Pin To Net: NetName=-5VA Pin=U11-4
Added Pin To Net: NetName=-5VA Pin=U12-4
Added Net: Name=-5VA
Added Pin To Net: NetName=1.8VA Pin=C1-2
Added Pin To Net: NetName=1.8VA Pin=C2-2
Added Pin To Net: NetName=1.8VA Pin=C3-2
Added Pin To Net: NetName=1.8VA Pin=C4-2
Added Pin To Net: NetName=1.8VA Pin=C5-2
Added Pin To Net: NetName=1.8VA Pin=C6-2
Added Pin To Net: NetName=1.8VA Pin=C7-2
Added Pin To Net: NetName=1.8VA Pin=C8-2
Added Pin To Net: NetName=1.8VA Pin=C18-2
Added Pin To Net: NetName=1.8VA Pin=R18-2
Added Pin To Net: NetName=1.8VA Pin=R19-2
Added Pin To Net: NetName=1.8VA Pin=R20-2
Added Pin To Net: NetName=1.8VA Pin=R21-2
Added Pin To Net: NetName=1.8VA Pin=R22-2
Added Pin To Net: NetName=1.8VA Pin=R23-2
Added Pin To Net: NetName=1.8VA Pin=R24-2
Added Pin To Net: NetName=1.8VA Pin=R25-2
Added Pin To Net: NetName=1.8VA Pin=R29-1
Added Pin To Net: NetName=1.8VA Pin=U3-2
Added Net: Name=1.8VA
Added Pin To Net: NetName=1.8VD Pin=C9-2
Added Pin To Net: NetName=1.8VD Pin=C10-2
Added Pin To Net: NetName=1.8VD Pin=C11-2
Added Pin To Net: NetName=1.8VD Pin=C12-2
Added Pin To Net: NetName=1.8VD Pin=C20-2
Added Pin To Net: NetName=1.8VD Pin=U4-2
Added Net: Name=1.8VD
Added Pin To Net: NetName=3.3VD Pin=C13-2
Added Pin To Net: NetName=3.3VD Pin=C14-2
Added Pin To Net: NetName=3.3VD Pin=C16-2
Added Pin To Net: NetName=3.3VD Pin=C17-2
Added Pin To Net: NetName=3.3VD Pin=D6-1
Added Pin To Net: NetName=3.3VD Pin=U2-2
Added Pin To Net: NetName=3.3VD Pin=U3-3
Added Net: Name=3.3VD
Added Pin To Net: NetName=AGND Pin=C1-1
Added Pin To Net: NetName=AGND Pin=C2-1
Added Pin To Net: NetName=AGND Pin=C3-1
Added Pin To Net: NetName=AGND Pin=C4-1
Added Pin To Net: NetName=AGND Pin=C5-1
Added Pin To Net: NetName=AGND Pin=C6-1
Added Pin To Net: NetName=AGND Pin=C7-1
Added Pin To Net: NetName=AGND Pin=C8-1
Added Pin To Net: NetName=AGND Pin=C15-1
Added Pin To Net: NetName=AGND Pin=C16-1
Added Pin To Net: NetName=AGND Pin=C17-1
Added Pin To Net: NetName=AGND Pin=C18-1
Added Pin To Net: NetName=AGND Pin=C19-1
Added Pin To Net: NetName=AGND Pin=C20-1
Added Pin To Net: NetName=AGND Pin=C21-1
Added Pin To Net: NetName=AGND Pin=C22-1
Added Pin To Net: NetName=AGND Pin=C23-2
Added Pin To Net: NetName=AGND Pin=C24-1
Added Pin To Net: NetName=AGND Pin=C25-1
Added Pin To Net: NetName=AGND Pin=C26-1
Added Pin To Net: NetName=AGND Pin=C27-1
Added Pin To Net: NetName=AGND Pin=C28-1
Added Pin To Net: NetName=AGND Pin=C29-1
Added Pin To Net: NetName=AGND Pin=C30-1
Added Pin To Net: NetName=AGND Pin=C31-1
Added Pin To Net: NetName=AGND Pin=C32-1
Added Pin To Net: NetName=AGND Pin=C33-1
Added Pin To Net: NetName=AGND Pin=C34-1
Added Pin To Net: NetName=AGND Pin=C35-1
Added Pin To Net: NetName=AGND Pin=C36-1
Added Pin To Net: NetName=AGND Pin=C37-1
Added Pin To Net: NetName=AGND Pin=C38-1
Added Pin To Net: NetName=AGND Pin=C39-1
Added Pin To Net: NetName=AGND Pin=C40-1
Added Pin To Net: NetName=AGND Pin=C41-1
Added Pin To Net: NetName=AGND Pin=P1-2
Added Pin To Net: NetName=AGND Pin=R15-1
Added Pin To Net: NetName=AGND Pin=R16-1
Added Pin To Net: NetName=AGND Pin=R26-2
Added Pin To Net: NetName=AGND Pin=R28-1
Added Pin To Net: NetName=AGND Pin=R30-1
Added Pin To Net: NetName=AGND Pin=R42-2
Added Pin To Net: NetName=AGND Pin=R49-1
Added Pin To Net: NetName=AGND Pin=R58-1
Added Pin To Net: NetName=AGND Pin=R67-1
Added Pin To Net: NetName=AGND Pin=U2-1
Added Pin To Net: NetName=AGND Pin=U3-1
Added Pin To Net: NetName=AGND Pin=U4-1
Added Pin To Net: NetName=AGND Pin=Vo_S0-1
Added Pin To Net: NetName=AGND Pin=Vo_S0-1
Added Pin To Net: NetName=AGND Pin=Vo_S0-1
Added Pin To Net: NetName=AGND Pin=Vo_S0-1
Added Pin To Net: NetName=AGND Pin=Vo_S1-1
Added Pin To Net: NetName=AGND Pin=Vo_S1-1
Added Pin To Net: NetName=AGND Pin=Vo_S1-1
Added Pin To Net: NetName=AGND Pin=Vo_S1-1
Added Pin To Net: NetName=AGND Pin=Vo_S2-1
Added Pin To Net: NetName=AGND Pin=Vo_S2-1
Added Pin To Net: NetName=AGND Pin=Vo_S2-1
Added Pin To Net: NetName=AGND Pin=Vo_S2-1
Added Pin To Net: NetName=AGND Pin=Vo_S3-1
Added Pin To Net: NetName=AGND Pin=Vo_S3-1
Added Pin To Net: NetName=AGND Pin=Vo_S3-1
Added Pin To Net: NetName=AGND Pin=Vo_S3-1
Added Net: Name=AGND
Added Pin To Net: NetName=CH0 IOUTN Pin=R19-1
Added Net: Name=CH0 IOUTN
Added Pin To Net: NetName=CH0 IOUT Pin=R18-1
Added Net: Name=CH0 IOUT
Added Pin To Net: NetName=CH1 IOUTN Pin=R21-1
Added Net: Name=CH1 IOUTN
Added Pin To Net: NetName=CH1 IOUT Pin=R20-1
Added Net: Name=CH1 IOUT
Added Pin To Net: NetName=CH2 IOUTN Pin=R23-1
Added Net: Name=CH2 IOUTN
Added Pin To Net: NetName=CH2 IOUT Pin=R22-1
Added Net: Name=CH2 IOUT
Added Pin To Net: NetName=CH3 IOUTN Pin=R25-1
Added Net: Name=CH3 IOUTN
Added Pin To Net: NetName=CH3 IOUT Pin=R24-1
Added Net: Name=CH3 IOUT
Added Pin To Net: NetName=CLKSEL Pin=R29-2
Added Net: Name=CLKSEL
Added Pin To Net: NetName=CS Pin=P2-8
Added Net: Name=CS
Added Pin To Net: NetName=DGND Pin=C9-1
Added Pin To Net: NetName=DGND Pin=C10-1
Added Pin To Net: NetName=DGND Pin=C11-1
Added Pin To Net: NetName=DGND Pin=C12-1
Added Pin To Net: NetName=DGND Pin=C13-1
Added Pin To Net: NetName=DGND Pin=C14-1
Added Pin To Net: NetName=DGND Pin=P2-1
Added Pin To Net: NetName=DGND Pin=P2-6
Added Pin To Net: NetName=DGND Pin=P2-10
Added Pin To Net: NetName=DGND Pin=P2-16
Added Pin To Net: NetName=DGND Pin=R15-2
Added Pin To Net: NetName=DGND Pin=R16-2
Added Pin To Net: NetName=DGND Pin=R33-2
Added Net: Name=DGND
Added Pin To Net: NetName=NetC19_2 Pin=C19-2
Added Pin To Net: NetName=NetC19_2 Pin=U4-3
Added Net: Name=NetC19_2
Added Pin To Net: NetName=NetC23_1 Pin=C23-1
Added Pin To Net: NetName=NetC23_1 Pin=R27-2
Added Net: Name=NetC23_1
Added Pin To Net: NetName=NetD6_2 Pin=D6-2
Added Pin To Net: NetName=NetD6_2 Pin=R33-1
Added Net: Name=NetD6_2
Added Pin To Net: NetName=NetR26_1 Pin=R26-1
Added Net: Name=NetR26_1
Added Pin To Net: NetName=NetR27_1 Pin=R27-1
Added Net: Name=NetR27_1
Added Pin To Net: NetName=NetR30_2 Pin=R30-2
Added Net: Name=NetR30_2
Added Pin To Net: NetName=NetR34_1 Pin=R34-1
Added Pin To Net: NetName=NetR34_1 Pin=R36-1
Added Net: Name=NetR34_1
Added Pin To Net: NetName=NetR34_2 Pin=R34-2
Added Pin To Net: NetName=NetR34_2 Pin=R35-2
Added Net: Name=NetR34_2
Added Pin To Net: NetName=NetR35_1 Pin=R35-1
Added Pin To Net: NetName=NetR35_1 Pin=R38-1
Added Net: Name=NetR35_1
Added Pin To Net: NetName=NetR36_2 Pin=R36-2
Added Pin To Net: NetName=NetR36_2 Pin=R37-1
Added Net: Name=NetR36_2
Added Pin To Net: NetName=NetR37_2 Pin=R37-2
Added Pin To Net: NetName=NetR37_2 Pin=R42-1
Added Pin To Net: NetName=NetR37_2 Pin=U9-3
Added Net: Name=NetR37_2
Added Pin To Net: NetName=NetR38_2 Pin=R38-2
Added Pin To Net: NetName=NetR38_2 Pin=R39-1
Added Pin To Net: NetName=NetR38_2 Pin=U9-2
Added Net: Name=NetR38_2
Added Pin To Net: NetName=NetR39_2 Pin=R39-2
Added Pin To Net: NetName=NetR39_2 Pin=R40-2
Added Pin To Net: NetName=NetR39_2 Pin=R41-1
Added Net: Name=NetR39_2
Added Pin To Net: NetName=NetR40_1 Pin=R40-1
Added Pin To Net: NetName=NetR40_1 Pin=U9-6
Added Net: Name=NetR40_1
Added Pin To Net: NetName=NetR41_2 Pin=R41-2
Added Pin To Net: NetName=NetR41_2 Pin=Vo_S0-0
Added Net: Name=NetR41_2
Added Pin To Net: NetName=NetR43_1 Pin=R43-1
Added Pin To Net: NetName=NetR43_1 Pin=R45-2
Added Net: Name=NetR43_1
Added Pin To Net: NetName=NetR43_2 Pin=R43-2
Added Pin To Net: NetName=NetR43_2 Pin=R47-2
Added Net: Name=NetR43_2
Added Pin To Net: NetName=NetR44_1 Pin=R44-1
Added Pin To Net: NetName=NetR44_1 Pin=R46-2
Added Net: Name=NetR44_1
Added Pin To Net: NetName=NetR44_2 Pin=R44-2
Added Pin To Net: NetName=NetR44_2 Pin=R45-1
Added Net: Name=NetR44_2
Added Pin To Net: NetName=NetR46_1 Pin=R46-1
Added Pin To Net: NetName=NetR46_1 Pin=R49-2
Added Pin To Net: NetName=NetR46_1 Pin=U10-3
Added Net: Name=NetR46_1
Added Pin To Net: NetName=NetR47_1 Pin=R47-1
Added Pin To Net: NetName=NetR47_1 Pin=R48-2
Added Pin To Net: NetName=NetR47_1 Pin=U10-2
Added Net: Name=NetR47_1
Added Pin To Net: NetName=NetR48_1 Pin=R48-1
Added Pin To Net: NetName=NetR48_1 Pin=R50-1
Added Pin To Net: NetName=NetR48_1 Pin=R51-2
Added Net: Name=NetR48_1
Added Pin To Net: NetName=NetR50_2 Pin=R50-2
Added Pin To Net: NetName=NetR50_2 Pin=U10-6
Added Net: Name=NetR50_2
Added Pin To Net: NetName=NetR51_1 Pin=R51-1
Added Pin To Net: NetName=NetR51_1 Pin=Vo_S1-0
Added Net: Name=NetR51_1
Added Pin To Net: NetName=NetR52_1 Pin=R52-1
Added Pin To Net: NetName=NetR52_1 Pin=R54-2
Added Net: Name=NetR52_1
Added Pin To Net: NetName=NetR52_2 Pin=R52-2
Added Pin To Net: NetName=NetR52_2 Pin=R56-2
Added Net: Name=NetR52_2
Added Pin To Net: NetName=NetR53_1 Pin=R53-1
Added Pin To Net: NetName=NetR53_1 Pin=R55-2
Added Net: Name=NetR53_1
Added Pin To Net: NetName=NetR53_2 Pin=R53-2
Added Pin To Net: NetName=NetR53_2 Pin=R54-1
Added Net: Name=NetR53_2
Added Pin To Net: NetName=NetR55_1 Pin=R55-1
Added Pin To Net: NetName=NetR55_1 Pin=R58-2
Added Pin To Net: NetName=NetR55_1 Pin=U11-3
Added Net: Name=NetR55_1
Added Pin To Net: NetName=NetR56_1 Pin=R56-1
Added Pin To Net: NetName=NetR56_1 Pin=R57-2
Added Pin To Net: NetName=NetR56_1 Pin=U11-2
Added Net: Name=NetR56_1
Added Pin To Net: NetName=NetR57_1 Pin=R57-1
Added Pin To Net: NetName=NetR57_1 Pin=R59-1
Added Pin To Net: NetName=NetR57_1 Pin=R60-2
Added Net: Name=NetR57_1
Added Pin To Net: NetName=NetR59_2 Pin=R59-2
Added Pin To Net: NetName=NetR59_2 Pin=U11-6
Added Net: Name=NetR59_2
Added Pin To Net: NetName=NetR60_1 Pin=R60-1
Added Pin To Net: NetName=NetR60_1 Pin=Vo_S2-0
Added Net: Name=NetR60_1
Added Pin To Net: NetName=NetR61_1 Pin=R61-1
Added Pin To Net: NetName=NetR61_1 Pin=R63-2
Added Net: Name=NetR61_1
Added Pin To Net: NetName=NetR61_2 Pin=R61-2
Added Pin To Net: NetName=NetR61_2 Pin=R64-2
Added Net: Name=NetR61_2
Added Pin To Net: NetName=NetR62_1 Pin=R62-1
Added Pin To Net: NetName=NetR62_1 Pin=R65-2
Added Net: Name=NetR62_1
Added Pin To Net: NetName=NetR62_2 Pin=R62-2
Added Pin To Net: NetName=NetR62_2 Pin=R63-1
Added Net: Name=NetR62_2
Added Pin To Net: NetName=NetR64_1 Pin=R64-1
Added Pin To Net: NetName=NetR64_1 Pin=R66-2
Added Pin To Net: NetName=NetR64_1 Pin=U12-2
Added Net: Name=NetR64_1
Added Pin To Net: NetName=NetR65_1 Pin=R65-1
Added Pin To Net: NetName=NetR65_1 Pin=R67-2
Added Pin To Net: NetName=NetR65_1 Pin=U12-3
Added Net: Name=NetR65_1
Added Pin To Net: NetName=NetR66_1 Pin=R66-1
Added Pin To Net: NetName=NetR66_1 Pin=R68-1
Added Pin To Net: NetName=NetR66_1 Pin=R69-2
Added Net: Name=NetR66_1
Added Pin To Net: NetName=NetR68_2 Pin=R68-2
Added Pin To Net: NetName=NetR68_2 Pin=U12-6
Added Net: Name=NetR68_2
Added Pin To Net: NetName=NetR69_1 Pin=R69-1
Added Pin To Net: NetName=NetR69_1 Pin=Vo_S3-0
Added Net: Name=NetR69_1
Added Pin To Net: NetName=P0 Pin=P2-2
Added Net: Name=P0
Added Pin To Net: NetName=P1 Pin=P2-3
Added Net: Name=P1
Added Pin To Net: NetName=P2 Pin=P2-4
Added Net: Name=P2
Added Pin To Net: NetName=P3 Pin=P2-5
Added Net: Name=P3
Added Pin To Net: NetName=REFCLKN Pin=C22-2
Added Pin To Net: NetName=REFCLKN Pin=X1-2
Added Net: Name=REFCLKN
Added Pin To Net: NetName=REFCLK Pin=C21-2
Added Pin To Net: NetName=REFCLK Pin=X1-1
Added Net: Name=REFCLK
Added Pin To Net: NetName=RESET Pin=P2-15
Added Pin To Net: NetName=RESET Pin=R28-2
Added Net: Name=RESET
Added Pin To Net: NetName=SCLK Pin=P2-9
Added Net: Name=SCLK
Added Pin To Net: NetName=SDIO0 Pin=P2-12
Added Net: Name=SDIO0
Added Pin To Net: NetName=SDIO1 Pin=P2-11
Added Net: Name=SDIO1
Added Pin To Net: NetName=SDIO2 Pin=P2-14
Added Net: Name=SDIO2
Added Pin To Net: NetName=SDIO3 Pin=P2-13
Added Net: Name=SDIO3
Added Pin To Net: NetName=UP Pin=P2-7
Added Net: Name=UP
Added Pin To Net: NetName=V+ Pin=P1-3
Added Pin To Net: NetName=V+ Pin=R31-1
Added Net: Name=V+
Added Pin To Net: NetName=V- Pin=P1-1
Added Pin To Net: NetName=V- Pin=R32-1
Added Net: Name=V-
