Change Component Library : Designator=U1 Old Library=Altium Content Vault New Library=Schlib1.SchLib
Added Component: Designator=C11(0805)
Added Component: Designator=C12(0805)
Added Component: Designator=C14(0805)
Added Component: Designator=R15(0805)
Added Component: Designator=R16(0805)
Added Component: Designator=U5(LC-SOIC-8_150mil)
Added Component: Designator=U6(LC-SOIC-8_150mil)
Added Component: Designator=U7(LC-SOIC-8_150mil)
Added Component: Designator=U8(LC-SOIC-8_150mil)
Added Pin To Net: NetName=DGND Pin=C11-1
Added Pin To Net: NetName=1.8VD Pin=C11-2
Added Pin To Net: NetName=DGND Pin=C12-1
Added Pin To Net: NetName=1.8VD Pin=C12-2
Added Pin To Net: NetName=DGND Pin=C14-1
Added Pin To Net: NetName=3.3VD Pin=C14-2
Added Pin To Net: NetName=AGND Pin=R15-1
Added Pin To Net: NetName=DGND Pin=R15-2
Added Pin To Net: NetName=AGND Pin=R16-1
Added Pin To Net: NetName=DGND Pin=R16-2
Added Pin To Net: NetName=NetR35_1 Pin=U5-1
Added Pin To Net: NetName=NetR34_2 Pin=U5-2
Added Pin To Net: NetName=CH0 IOUT Pin=U5-3
Added Pin To Net: NetName=-5VA Pin=U5-4
Added Pin To Net: NetName=CH0 IOUTN Pin=U5-5
Added Pin To Net: NetName=NetR34_1 Pin=U5-6
Added Pin To Net: NetName=NetR36_2 Pin=U5-7
Added Pin To Net: NetName=+5VA Pin=U5-8
Added Pin To Net: NetName=NetR43_2 Pin=U6-1
Added Pin To Net: NetName=NetR43_1 Pin=U6-2
Added Pin To Net: NetName=CH1 IOUT Pin=U6-3
Added Pin To Net: NetName=-5VA Pin=U6-4
Added Pin To Net: NetName=CH1 IOUTN Pin=U6-5
Added Pin To Net: NetName=NetR44_2 Pin=U6-6
Added Pin To Net: NetName=NetR44_1 Pin=U6-7
Added Pin To Net: NetName=+5VA Pin=U6-8
Added Pin To Net: NetName=NetR52_2 Pin=U7-1
Added Pin To Net: NetName=NetR52_1 Pin=U7-2
Added Pin To Net: NetName=CH2 IOUT Pin=U7-3
Added Pin To Net: NetName=-5VA Pin=U7-4
Added Pin To Net: NetName=CH2 IOUTN Pin=U7-5
Added Pin To Net: NetName=NetR53_2 Pin=U7-6
Added Pin To Net: NetName=NetR53_1 Pin=U7-7
Added Pin To Net: NetName=+5VA Pin=U7-8
Added Pin To Net: NetName=NetR61_2 Pin=U8-1
Added Pin To Net: NetName=NetR61_1 Pin=U8-2
Added Pin To Net: NetName=CH3 IOUT Pin=U8-3
Added Pin To Net: NetName=-5VA Pin=U8-4
Added Pin To Net: NetName=CH3 IOUTN Pin=U8-5
Added Pin To Net: NetName=NetR62_2 Pin=U8-6
Added Pin To Net: NetName=NetR62_1 Pin=U8-7
Added Pin To Net: NetName=+5VA Pin=U8-8
