Removed Pin From Net: NetName=AGND Pin=R58-1
Removed Pin From Net: NetName=CH2 IOUT Pin=U7-3
Removed Pin From Net: NetName=CH2 IOUTN Pin=U7-5
Removed Pin From Net: NetName=NetR56_1 Pin=U11-2
Removed Pin From Net: NetName=NetR55_1 Pin=U11-3
Added Component: Designator=C7(0805)
Added Component: Designator=C11(0805)
Added Component: Designator=C12(0805)
Added Component: Designator=C14(0805)
Added Pin To Net: NetName=AGND Pin=C7-1
Added Pin To Net: NetName=1.8VA Pin=C7-2
Added Pin To Net: NetName=DGND Pin=C11-1
Added Pin To Net: NetName=1.8VD Pin=C11-2
Added Pin To Net: NetName=DGND Pin=C12-1
Added Pin To Net: NetName=1.8VD Pin=C12-2
Added Pin To Net: NetName=DGND Pin=C14-1
Added Pin To Net: NetName=3.3VD Pin=C14-2
Added Pin To Net: NetName=AGND Pin=R57-1
Added Pin To Net: NetName=CH2 IOUTN Pin=U7-3
Added Pin To Net: NetName=CH2 IOUT Pin=U7-5
Added Pin To Net: NetName=NetR55_1 Pin=U11-2
Added Pin To Net: NetName=NetR56_1 Pin=U11-3
Added Pin To Net: NetName=NetR58_1 Pin=R58-1
Added Pin To Net: NetName=NetR58_1 Pin=R59-1
Added Pin To Net: NetName=NetR58_1 Pin=R60-2
Added Net: Name=NetR58_1
