Added Component: Designator=C1(0603C)
Added Component: Designator=C2(0603C)
Added Component: Designator=C5(0603C)
Added Component: Designator=C6(0603C)
Added Component: Designator=C7(0603C)
Added Component: Designator=C8(0603C)
Added Component: Designator=C9(0603C)
Added Component: Designator=C10(0603C)
Added Component: Designator=C11(0603C)
Added Component: Designator=C12(0603C)
Added Component: Designator=C13(0603C)
Added Component: Designator=C14(0603C)
Added Component: Designator=C15(0603C)
Added Component: Designator=C16(0603C)
Added Component: Designator=C17(0603C)
Added Component: Designator=C18(0603C)
Added Component: Designator=C19(0603C)
Added Component: Designator=C21(0603C)
Added Component: Designator=J1(SM-22)
Added Component: Designator=P2(HDR2X15)
Added Component: Designator=Po1(Power_S_2Port)
Added Component: Designator=R1(0603R)
Added Component: Designator=R2(0603R)
Added Component: Designator=R3(0603R)
Added Component: Designator=R4(0603R)
Added Component: Designator=R5(0603R)
Added Component: Designator=R6(0603R)
Added Component: Designator=R7(0603R)
Added Component: Designator=R8(0603R)
Added Component: Designator=R9(0603R)
Added Component: Designator=R10(0603R)
Added Component: Designator=R11(0603R)
Added Component: Designator=R12(0603R)
Added Component: Designator=R13(0603R)
Added Component: Designator=R14(0603R)
Added Component: Designator=R15(0603R)
Added Component: Designator=R17(0603R)
Added Component: Designator=R19(0603R)
Added Component: Designator=R20(0603R)
Added Component: Designator=R22(0603R)
Added Component: Designator=U1(TI-PW28_N)
Added Component: Designator=Vo_S1(SMA-LYING)
Added Pin To Net: NetName=3.3V Pin=C2-2
Added Pin To Net: NetName=3.3V Pin=C5-2
Added Pin To Net: NetName=3.3V Pin=C6-2
Added Pin To Net: NetName=3.3V Pin=C7-2
Added Pin To Net: NetName=3.3V Pin=C8-2
Added Pin To Net: NetName=3.3V Pin=C9-2
Added Pin To Net: NetName=3.3V Pin=C10-2
Added Pin To Net: NetName=3.3V Pin=C11-2
Added Pin To Net: NetName=3.3V Pin=C12-2
Added Pin To Net: NetName=3.3V Pin=C13-2
Added Pin To Net: NetName=3.3V Pin=C14-2
Added Pin To Net: NetName=3.3V Pin=C16-2
Added Pin To Net: NetName=3.3V Pin=U1-24
Added Pin To Net: NetName=3.3V Pin=U1-27
Added Net: Name=3.3V
Added Pin To Net: NetName=AGND Pin=C1-1
Added Pin To Net: NetName=AGND Pin=C2-1
Added Pin To Net: NetName=AGND Pin=C5-1
Added Pin To Net: NetName=AGND Pin=C6-1
Added Pin To Net: NetName=AGND Pin=C7-1
Added Pin To Net: NetName=AGND Pin=C8-1
Added Pin To Net: NetName=AGND Pin=C9-1
Added Pin To Net: NetName=AGND Pin=C15-1
Added Pin To Net: NetName=AGND Pin=C17-2
Added Pin To Net: NetName=AGND Pin=C18-1
Added Pin To Net: NetName=AGND Pin=C19-1
Added Pin To Net: NetName=AGND Pin=J1-4
Added Pin To Net: NetName=AGND Pin=Po1-2
Added Pin To Net: NetName=AGND Pin=R17-1
Added Pin To Net: NetName=AGND Pin=R19-1
Added Pin To Net: NetName=AGND Pin=R20-1
Added Pin To Net: NetName=AGND Pin=R22-1
Added Pin To Net: NetName=AGND Pin=U1-20
Added Pin To Net: NetName=AGND Pin=Vo_S1-1
Added Pin To Net: NetName=AGND Pin=Vo_S1-1
Added Pin To Net: NetName=AGND Pin=Vo_S1-1
Added Pin To Net: NetName=AGND Pin=Vo_S1-1
Added Net: Name=AGND
Added Pin To Net: NetName=CLK Pin=P2-29
Added Pin To Net: NetName=CLK Pin=R15-1
Added Net: Name=CLK
Added Pin To Net: NetName=D0 Pin=P2-1
Added Pin To Net: NetName=D0 Pin=R1-1
Added Net: Name=D0
Added Pin To Net: NetName=D1 Pin=P2-3
Added Pin To Net: NetName=D1 Pin=R2-1
Added Net: Name=D1
Added Pin To Net: NetName=D2 Pin=P2-5
Added Pin To Net: NetName=D2 Pin=R3-1
Added Net: Name=D2
Added Pin To Net: NetName=D3 Pin=P2-7
Added Pin To Net: NetName=D3 Pin=R4-1
Added Net: Name=D3
Added Pin To Net: NetName=D4 Pin=P2-9
Added Pin To Net: NetName=D4 Pin=R5-1
Added Net: Name=D4
Added Pin To Net: NetName=D5 Pin=P2-11
Added Pin To Net: NetName=D5 Pin=R6-1
Added Net: Name=D5
Added Pin To Net: NetName=D6 Pin=P2-13
Added Pin To Net: NetName=D6 Pin=R7-1
Added Net: Name=D6
Added Pin To Net: NetName=D7 Pin=P2-15
Added Pin To Net: NetName=D7 Pin=R8-1
Added Net: Name=D7
Added Pin To Net: NetName=D8 Pin=P2-17
Added Pin To Net: NetName=D8 Pin=R9-1
Added Net: Name=D8
Added Pin To Net: NetName=D9 Pin=P2-19
Added Pin To Net: NetName=D9 Pin=R10-1
Added Net: Name=D9
Added Pin To Net: NetName=D10 Pin=P2-21
Added Pin To Net: NetName=D10 Pin=R11-1
Added Net: Name=D10
Added Pin To Net: NetName=D11 Pin=P2-23
Added Pin To Net: NetName=D11 Pin=R12-1
Added Net: Name=D11
Added Pin To Net: NetName=D12 Pin=P2-25
Added Pin To Net: NetName=D12 Pin=R13-1
Added Net: Name=D12
Added Pin To Net: NetName=D13 Pin=P2-27
Added Pin To Net: NetName=D13 Pin=R14-1
Added Net: Name=D13
Added Pin To Net: NetName=DGND Pin=C10-1
Added Pin To Net: NetName=DGND Pin=C11-1
Added Pin To Net: NetName=DGND Pin=C12-1
Added Pin To Net: NetName=DGND Pin=C13-1
Added Pin To Net: NetName=DGND Pin=C14-1
Added Pin To Net: NetName=DGND Pin=P2-2
Added Pin To Net: NetName=DGND Pin=P2-4
Added Pin To Net: NetName=DGND Pin=P2-6
Added Pin To Net: NetName=DGND Pin=P2-8
Added Pin To Net: NetName=DGND Pin=P2-10
Added Pin To Net: NetName=DGND Pin=P2-12
Added Pin To Net: NetName=DGND Pin=P2-14
Added Pin To Net: NetName=DGND Pin=P2-16
Added Pin To Net: NetName=DGND Pin=P2-18
Added Pin To Net: NetName=DGND Pin=P2-20
Added Pin To Net: NetName=DGND Pin=P2-22
Added Pin To Net: NetName=DGND Pin=P2-24
Added Pin To Net: NetName=DGND Pin=P2-26
Added Pin To Net: NetName=DGND Pin=P2-28
Added Pin To Net: NetName=DGND Pin=P2-30
Added Pin To Net: NetName=DGND Pin=R22-2
Added Pin To Net: NetName=DGND Pin=U1-15
Added Pin To Net: NetName=DGND Pin=U1-16
Added Pin To Net: NetName=DGND Pin=U1-25
Added Pin To Net: NetName=DGND Pin=U1-26
Added Net: Name=DGND
Added Pin To Net: NetName=IOUT_N Pin=C19-2
Added Pin To Net: NetName=IOUT_N Pin=J1-5
Added Pin To Net: NetName=IOUT_N Pin=R20-2
Added Pin To Net: NetName=IOUT_N Pin=U1-21
Added Net: Name=IOUT_N
Added Pin To Net: NetName=IOUT_P Pin=C18-2
Added Pin To Net: NetName=IOUT_P Pin=J1-1
Added Pin To Net: NetName=IOUT_P Pin=R19-2
Added Pin To Net: NetName=IOUT_P Pin=U1-22
Added Net: Name=IOUT_P
Added Pin To Net: NetName=NetC1_2 Pin=C1-2
Added Pin To Net: NetName=NetC1_2 Pin=Po1-1
Added Net: Name=NetC1_2
Added Pin To Net: NetName=NetC15_2 Pin=C15-2
Added Pin To Net: NetName=NetC15_2 Pin=U1-17
Added Net: Name=NetC15_2
Added Pin To Net: NetName=NetC16_1 Pin=C16-1
Added Pin To Net: NetName=NetC16_1 Pin=U1-19
Added Net: Name=NetC16_1
Added Pin To Net: NetName=NetC17_1 Pin=C17-1
Added Pin To Net: NetName=NetC17_1 Pin=U1-23
Added Net: Name=NetC17_1
Added Pin To Net: NetName=NetC21_1 Pin=C21-1
Added Pin To Net: NetName=NetC21_1 Pin=J1-3
Added Net: Name=NetC21_1
Added Pin To Net: NetName=NetC21_2 Pin=C21-2
Added Pin To Net: NetName=NetC21_2 Pin=Vo_S1-0
Added Net: Name=NetC21_2
Added Pin To Net: NetName=NetR1_2 Pin=R1-2
Added Pin To Net: NetName=NetR1_2 Pin=U1-14
Added Net: Name=NetR1_2
Added Pin To Net: NetName=NetR2_2 Pin=R2-2
Added Pin To Net: NetName=NetR2_2 Pin=U1-13
Added Net: Name=NetR2_2
Added Pin To Net: NetName=NetR3_2 Pin=R3-2
Added Pin To Net: NetName=NetR3_2 Pin=U1-12
Added Net: Name=NetR3_2
Added Pin To Net: NetName=NetR4_2 Pin=R4-2
Added Pin To Net: NetName=NetR4_2 Pin=U1-11
Added Net: Name=NetR4_2
Added Pin To Net: NetName=NetR5_2 Pin=R5-2
Added Pin To Net: NetName=NetR5_2 Pin=U1-10
Added Net: Name=NetR5_2
Added Pin To Net: NetName=NetR6_2 Pin=R6-2
Added Pin To Net: NetName=NetR6_2 Pin=U1-9
Added Net: Name=NetR6_2
Added Pin To Net: NetName=NetR7_2 Pin=R7-2
Added Pin To Net: NetName=NetR7_2 Pin=U1-8
Added Net: Name=NetR7_2
Added Pin To Net: NetName=NetR8_2 Pin=R8-2
Added Pin To Net: NetName=NetR8_2 Pin=U1-7
Added Net: Name=NetR8_2
Added Pin To Net: NetName=NetR9_2 Pin=R9-2
Added Pin To Net: NetName=NetR9_2 Pin=U1-6
Added Net: Name=NetR9_2
Added Pin To Net: NetName=NetR10_2 Pin=R10-2
Added Pin To Net: NetName=NetR10_2 Pin=U1-5
Added Net: Name=NetR10_2
Added Pin To Net: NetName=NetR11_2 Pin=R11-2
Added Pin To Net: NetName=NetR11_2 Pin=U1-4
Added Net: Name=NetR11_2
Added Pin To Net: NetName=NetR12_2 Pin=R12-2
Added Pin To Net: NetName=NetR12_2 Pin=U1-3
Added Net: Name=NetR12_2
Added Pin To Net: NetName=NetR13_2 Pin=R13-2
Added Pin To Net: NetName=NetR13_2 Pin=U1-2
Added Net: Name=NetR13_2
Added Pin To Net: NetName=NetR14_2 Pin=R14-2
Added Pin To Net: NetName=NetR14_2 Pin=U1-1
Added Net: Name=NetR14_2
Added Pin To Net: NetName=NetR15_2 Pin=R15-2
Added Pin To Net: NetName=NetR15_2 Pin=U1-28
Added Net: Name=NetR15_2
Added Pin To Net: NetName=NetR17_2 Pin=R17-2
Added Pin To Net: NetName=NetR17_2 Pin=U1-18
Added Net: Name=NetR17_2
Added Differential Pair: Name=IOUT
