Change Component Designator: OldDesignator=OUTPUT NewDesignator=Vo_S1
Added Component: Designator=C6(0603C)
Added Component: Designator=C7(0603C)
Added Component: Designator=C8(0603C)
Added Component: Designator=C9(0603C)
Added Component: Designator=C11(0603C)
Added Component: Designator=C12(0603C)
Added Component: Designator=C13(0603C)
Added Component: Designator=C14(0603C)
Added Component: Designator=R23(0603R)
Added Component: Designator=R24(0603R)
Added Component: Designator=R25(0603R)
Added Component: Designator=R26(0603R)
Added Component: Designator=R27(0603R)
Added Component: Designator=R28(0603R)
Added Component: Designator=R29(0603R)
Added Component: Designator=R30(0603R)
Added Component: Designator=R31(0603R)
Added Component: Designator=R32(0603R)
Added Component: Designator=R33(0603R)
Added Component: Designator=R34(0603R)
Added Component: Designator=R35(0603R)
Added Component: Designator=R36(0603R)
Added Component: Designator=R37(0603R)
Added Pin To Net: NetName=AGND Pin=C6-1
Added Pin To Net: NetName=3.3V Pin=C6-2
Added Pin To Net: NetName=AGND Pin=C7-1
Added Pin To Net: NetName=3.3V Pin=C7-2
Added Pin To Net: NetName=AGND Pin=C8-1
Added Pin To Net: NetName=3.3V Pin=C8-2
Added Pin To Net: NetName=AGND Pin=C9-1
Added Pin To Net: NetName=3.3V Pin=C9-2
Added Pin To Net: NetName=DGND Pin=C11-1
Added Pin To Net: NetName=3.3V Pin=C11-2
Added Pin To Net: NetName=DGND Pin=C12-1
Added Pin To Net: NetName=3.3V Pin=C12-2
Added Pin To Net: NetName=DGND Pin=C13-1
Added Pin To Net: NetName=3.3V Pin=C13-2
Added Pin To Net: NetName=DGND Pin=C14-1
Added Pin To Net: NetName=3.3V Pin=C14-2
Added Pin To Net: NetName=D12 Pin=R23-1
Added Pin To Net: NetName=DGND Pin=R23-2
Added Pin To Net: NetName=D11 Pin=R24-1
Added Pin To Net: NetName=DGND Pin=R24-2
Added Pin To Net: NetName=D10 Pin=R25-1
Added Pin To Net: NetName=DGND Pin=R25-2
Added Pin To Net: NetName=D9 Pin=R26-1
Added Pin To Net: NetName=DGND Pin=R26-2
Added Pin To Net: NetName=D8 Pin=R27-1
Added Pin To Net: NetName=DGND Pin=R27-2
Added Pin To Net: NetName=D7 Pin=R28-1
Added Pin To Net: NetName=DGND Pin=R28-2
Added Pin To Net: NetName=D6 Pin=R29-1
Added Pin To Net: NetName=DGND Pin=R29-2
Added Pin To Net: NetName=D5 Pin=R30-1
Added Pin To Net: NetName=DGND Pin=R30-2
Added Pin To Net: NetName=D4 Pin=R31-1
Added Pin To Net: NetName=DGND Pin=R31-2
Added Pin To Net: NetName=D3 Pin=R32-1
Added Pin To Net: NetName=DGND Pin=R32-2
Added Pin To Net: NetName=D2 Pin=R33-1
Added Pin To Net: NetName=DGND Pin=R33-2
Added Pin To Net: NetName=D1 Pin=R34-1
Added Pin To Net: NetName=DGND Pin=R34-2
Added Pin To Net: NetName=D0 Pin=R35-1
Added Pin To Net: NetName=DGND Pin=R35-2
Added Pin To Net: NetName=DGND Pin=R36-1
Added Pin To Net: NetName=D13 Pin=R36-2
Added Pin To Net: NetName=DGND Pin=R37-1
Added Pin To Net: NetName=CLK Pin=R37-2
