Added Component: Designator=C6(0603C)
Added Component: Designator=C7(0603C)
Added Component: Designator=C8(0603C)
Added Component: Designator=C9(0603C)
Added Component: Designator=C11(0603C)
Added Component: Designator=C12(0603C)
Added Component: Designator=C13(0603C)
Added Component: Designator=C14(0603C)
Added Pin To Net: NetName=AGND Pin=C6-1
Added Pin To Net: NetName=3.3V Pin=C6-2
Added Pin To Net: NetName=AGND Pin=C7-1
Added Pin To Net: NetName=3.3V Pin=C7-2
Added Pin To Net: NetName=AGND Pin=C8-1
Added Pin To Net: NetName=3.3V Pin=C8-2
Added Pin To Net: NetName=AGND Pin=C9-1
Added Pin To Net: NetName=3.3V Pin=C9-2
Added Pin To Net: NetName=DGND Pin=C11-1
Added Pin To Net: NetName=3.3V Pin=C11-2
Added Pin To Net: NetName=DGND Pin=C12-1
Added Pin To Net: NetName=3.3V Pin=C12-2
Added Pin To Net: NetName=DGND Pin=C13-1
Added Pin To Net: NetName=3.3V Pin=C13-2
Added Pin To Net: NetName=DGND Pin=C14-1
Added Pin To Net: NetName=3.3V Pin=C14-2
Added Member To Class: ClassName=Sheet1 Member=Component C6 0.1uf
Added Member To Class: ClassName=Sheet1 Member=Component C7 0.1uf
Added Member To Class: ClassName=Sheet1 Member=Component C8 0.1uf
Added Member To Class: ClassName=Sheet1 Member=Component C9 0.1uf
Added Member To Class: ClassName=Sheet1 Member=Component C11 0.1uf
Added Member To Class: ClassName=Sheet1 Member=Component C12 0.1uf
Added Member To Class: ClassName=Sheet1 Member=Component C13 0.1uf
Added Member To Class: ClassName=Sheet1 Member=Component C14 0.1uf
