Added Component: Designator=C1(0805)
Added Component: Designator=C2(0805)
Added Component: Designator=C3(7343C-TYPE_D)
Added Component: Designator=C4(7343C-TYPE_D)
Added Component: Designator=C5(0603C)
Added Component: Designator=C6(0603C)
Added Component: Designator=C7(0603C)
Added Component: Designator=C8(0603C)
Added Component: Designator=C9(0603C)
Added Component: Designator=C10(0603C)
Added Component: Designator=C11(0603C)
Added Component: Designator=C12(0603C)
Added Component: Designator=C13(0603C)
Added Component: Designator=C14(0603C)
Added Component: Designator=C15(0603C)
Added Component: Designator=C16(0603C)
Added Component: Designator=C17(0603C)
Added Component: Designator=C21(0603C)
Added Component: Designator=C23(0603C)
Added Component: Designator=C24(0603C)
Added Component: Designator=C25(7343C-TYPE_D)
Added Component: Designator=C26(0603C)
Added Component: Designator=C27(0603C)
Added Component: Designator=C28(7343C-TYPE_D)
Added Component: Designator=C29(0603C)
Added Component: Designator=C30(0603C)
Added Component: Designator=I1(0603C)
Added Component: Designator=I2(0603C)
Added Component: Designator=I3(0603C)
Added Component: Designator=P1(VH3.96-4P)
Added Component: Designator=P2(HDR2X15)
Added Component: Designator=R1(0603R)
Added Component: Designator=R2(0603R)
Added Component: Designator=R3(0603R)
Added Component: Designator=R4(0603R)
Added Component: Designator=R5(0603R)
Added Component: Designator=R6(0603R)
Added Component: Designator=R7(0603R)
Added Component: Designator=R8(0603R)
Added Component: Designator=R9(0603R)
Added Component: Designator=R10(0603R)
Added Component: Designator=R11(0603R)
Added Component: Designator=R12(0603R)
Added Component: Designator=R13(0603R)
Added Component: Designator=R14(0603R)
Added Component: Designator=R15(0603R)
Added Component: Designator=R17(0603R)
Added Component: Designator=R19(0603R)
Added Component: Designator=R20(0603R)
Added Component: Designator=R22(0603R)
Added Component: Designator=R23(0603R)
Added Component: Designator=R24(0603R)
Added Component: Designator=R25(0603R)
Added Component: Designator=R26(0603R)
Added Component: Designator=R27(0603R)
Added Component: Designator=R28(0603R)
Added Component: Designator=R29(0603R)
Added Component: Designator=R30(0603R)
Added Component: Designator=R31(0603R)
Added Component: Designator=R32(0603R)
Added Component: Designator=R33(0603R)
Added Component: Designator=R34(0603R)
Added Component: Designator=R35(0603R)
Added Component: Designator=R36(0603R)
Added Component: Designator=R37(0603R)
Added Component: Designator=R39(0603R)
Added Component: Designator=R40(0603R)
Added Component: Designator=R41(0603R)
Added Component: Designator=R42(0603R)
Added Component: Designator=R43(0603R)
Added Component: Designator=R44(0603R)
Added Component: Designator=R45(0603R)
Added Component: Designator=R46(0603R)
Added Component: Designator=U1(TI-PW28_N)
Added Component: Designator=U2(SOT-223)
Added Component: Designator=U3(TI-D8_M)
Added Component: Designator=Vo_S1(SMA-LYING)
Added Pin To Net: NetName=AGND Pin=C1-1
Added Pin To Net: NetName=5V Pin=C1-2
Added Pin To Net: NetName=AGND Pin=C2-1
Added Pin To Net: NetName=3.3V Pin=C2-2
Added Pin To Net: NetName=5V Pin=C3-1
Added Pin To Net: NetName=AGND Pin=C3-2
Added Pin To Net: NetName=3.3V Pin=C4-1
Added Pin To Net: NetName=AGND Pin=C4-2
Added Pin To Net: NetName=AGND Pin=C5-1
Added Pin To Net: NetName=3.3V Pin=C5-2
Added Pin To Net: NetName=AGND Pin=C6-1
Added Pin To Net: NetName=3.3V Pin=C6-2
Added Pin To Net: NetName=AGND Pin=C7-1
Added Pin To Net: NetName=3.3V Pin=C7-2
Added Pin To Net: NetName=AGND Pin=C8-1
Added Pin To Net: NetName=3.3V Pin=C8-2
Added Pin To Net: NetName=AGND Pin=C9-1
Added Pin To Net: NetName=3.3V Pin=C9-2
Added Pin To Net: NetName=DGND Pin=C10-1
Added Pin To Net: NetName=3.3V Pin=C10-2
Added Pin To Net: NetName=DGND Pin=C11-1
Added Pin To Net: NetName=3.3V Pin=C11-2
Added Pin To Net: NetName=DGND Pin=C12-1
Added Pin To Net: NetName=3.3V Pin=C12-2
Added Pin To Net: NetName=DGND Pin=C13-1
Added Pin To Net: NetName=3.3V Pin=C13-2
Added Pin To Net: NetName=DGND Pin=C14-1
Added Pin To Net: NetName=3.3V Pin=C14-2
Added Pin To Net: NetName=AGND Pin=C15-1
Added Pin To Net: NetName=NetC15_2 Pin=C15-2
Added Pin To Net: NetName=NetC16_1 Pin=C16-1
Added Pin To Net: NetName=3.3V Pin=C16-2
Added Pin To Net: NetName=NetC17_1 Pin=C17-1
Added Pin To Net: NetName=AGND Pin=C17-2
Added Pin To Net: NetName=NetC21_1 Pin=C21-1
Added Pin To Net: NetName=AGND Pin=C21-2
Added Pin To Net: NetName=AGND Pin=C23-1
Added Pin To Net: NetName=NetC23_2 Pin=C23-2
Added Pin To Net: NetName=AGND Pin=C24-1
Added Pin To Net: NetName=NetC24_2 Pin=C24-2
Added Pin To Net: NetName=5V Pin=C25-1
Added Pin To Net: NetName=AGND Pin=C25-2
Added Pin To Net: NetName=5V Pin=C26-1
Added Pin To Net: NetName=AGND Pin=C26-2
Added Pin To Net: NetName=5V Pin=C27-1
Added Pin To Net: NetName=AGND Pin=C27-2
Added Pin To Net: NetName=-5V Pin=C28-1
Added Pin To Net: NetName=AGND Pin=C28-2
Added Pin To Net: NetName=-5V Pin=C29-1
Added Pin To Net: NetName=AGND Pin=C29-2
Added Pin To Net: NetName=-5V Pin=C30-1
Added Pin To Net: NetName=5V Pin=C30-2
Added Pin To Net: NetName=NetI1_1 Pin=I1-1
Added Pin To Net: NetName=NetC21_1 Pin=I1-2
Added Pin To Net: NetName=NetC21_1 Pin=I2-1
Added Pin To Net: NetName=NetC23_2 Pin=I2-2
Added Pin To Net: NetName=NetC23_2 Pin=I3-1
Added Pin To Net: NetName=NetC24_2 Pin=I3-2
Added Pin To Net: NetName=5V Pin=P1-1
Added Pin To Net: NetName=AGND Pin=P1-2
Added Pin To Net: NetName=AGND Pin=P1-3
Added Pin To Net: NetName=-5V Pin=P1-4
Added Pin To Net: NetName=D0 Pin=P2-1
Added Pin To Net: NetName=DGND Pin=P2-2
Added Pin To Net: NetName=D1 Pin=P2-3
Added Pin To Net: NetName=DGND Pin=P2-4
Added Pin To Net: NetName=D2 Pin=P2-5
Added Pin To Net: NetName=DGND Pin=P2-6
Added Pin To Net: NetName=D3 Pin=P2-7
Added Pin To Net: NetName=DGND Pin=P2-8
Added Pin To Net: NetName=D4 Pin=P2-9
Added Pin To Net: NetName=DGND Pin=P2-10
Added Pin To Net: NetName=D5 Pin=P2-11
Added Pin To Net: NetName=DGND Pin=P2-12
Added Pin To Net: NetName=D6 Pin=P2-13
Added Pin To Net: NetName=DGND Pin=P2-14
Added Pin To Net: NetName=D7 Pin=P2-15
Added Pin To Net: NetName=DGND Pin=P2-16
Added Pin To Net: NetName=D8 Pin=P2-17
Added Pin To Net: NetName=DGND Pin=P2-18
Added Pin To Net: NetName=D9 Pin=P2-19
Added Pin To Net: NetName=DGND Pin=P2-20
Added Pin To Net: NetName=D10 Pin=P2-21
Added Pin To Net: NetName=DGND Pin=P2-22
Added Pin To Net: NetName=D11 Pin=P2-23
Added Pin To Net: NetName=DGND Pin=P2-24
Added Pin To Net: NetName=D12 Pin=P2-25
Added Pin To Net: NetName=DGND Pin=P2-26
Added Pin To Net: NetName=D13 Pin=P2-27
Added Pin To Net: NetName=DGND Pin=P2-28
Added Pin To Net: NetName=CLK Pin=P2-29
Added Pin To Net: NetName=DGND Pin=P2-30
Added Pin To Net: NetName=D0 Pin=R1-1
Added Pin To Net: NetName=NetR1_2 Pin=R1-2
Added Pin To Net: NetName=D1 Pin=R2-1
Added Pin To Net: NetName=NetR2_2 Pin=R2-2
Added Pin To Net: NetName=D2 Pin=R3-1
Added Pin To Net: NetName=NetR3_2 Pin=R3-2
Added Pin To Net: NetName=D3 Pin=R4-1
Added Pin To Net: NetName=NetR4_2 Pin=R4-2
Added Pin To Net: NetName=D4 Pin=R5-1
Added Pin To Net: NetName=NetR5_2 Pin=R5-2
Added Pin To Net: NetName=D5 Pin=R6-1
Added Pin To Net: NetName=NetR6_2 Pin=R6-2
Added Pin To Net: NetName=D6 Pin=R7-1
Added Pin To Net: NetName=NetR7_2 Pin=R7-2
Added Pin To Net: NetName=D7 Pin=R8-1
Added Pin To Net: NetName=NetR8_2 Pin=R8-2
Added Pin To Net: NetName=D8 Pin=R9-1
Added Pin To Net: NetName=NetR9_2 Pin=R9-2
Added Pin To Net: NetName=D9 Pin=R10-1
Added Pin To Net: NetName=NetR10_2 Pin=R10-2
Added Pin To Net: NetName=D10 Pin=R11-1
Added Pin To Net: NetName=NetR11_2 Pin=R11-2
Added Pin To Net: NetName=D11 Pin=R12-1
Added Pin To Net: NetName=NetR12_2 Pin=R12-2
Added Pin To Net: NetName=D12 Pin=R13-1
Added Pin To Net: NetName=NetR13_2 Pin=R13-2
Added Pin To Net: NetName=D13 Pin=R14-1
Added Pin To Net: NetName=NetR14_2 Pin=R14-2
Added Pin To Net: NetName=CLK Pin=R15-1
Added Pin To Net: NetName=NetR15_2 Pin=R15-2
Added Pin To Net: NetName=AGND Pin=R17-1
Added Pin To Net: NetName=NetR17_2 Pin=R17-2
Added Pin To Net: NetName=AGND Pin=R19-1
Added Pin To Net: NetName=IOUT_P Pin=R19-2
Added Pin To Net: NetName=AGND Pin=R20-1
Added Pin To Net: NetName=IOUT_N Pin=R20-2
Added Pin To Net: NetName=AGND Pin=R22-1
Added Pin To Net: NetName=DGND Pin=R22-2
Added Pin To Net: NetName=D12 Pin=R23-1
Added Pin To Net: NetName=DGND Pin=R23-2
Added Pin To Net: NetName=D11 Pin=R24-1
Added Pin To Net: NetName=DGND Pin=R24-2
Added Pin To Net: NetName=D10 Pin=R25-1
Added Pin To Net: NetName=DGND Pin=R25-2
Added Pin To Net: NetName=D9 Pin=R26-1
Added Pin To Net: NetName=DGND Pin=R26-2
Added Pin To Net: NetName=D8 Pin=R27-1
Added Pin To Net: NetName=DGND Pin=R27-2
Added Pin To Net: NetName=D7 Pin=R28-1
Added Pin To Net: NetName=DGND Pin=R28-2
Added Pin To Net: NetName=D6 Pin=R29-1
Added Pin To Net: NetName=DGND Pin=R29-2
Added Pin To Net: NetName=D5 Pin=R30-1
Added Pin To Net: NetName=DGND Pin=R30-2
Added Pin To Net: NetName=D4 Pin=R31-1
Added Pin To Net: NetName=DGND Pin=R31-2
Added Pin To Net: NetName=D3 Pin=R32-1
Added Pin To Net: NetName=DGND Pin=R32-2
Added Pin To Net: NetName=D2 Pin=R33-1
Added Pin To Net: NetName=DGND Pin=R33-2
Added Pin To Net: NetName=D1 Pin=R34-1
Added Pin To Net: NetName=DGND Pin=R34-2
Added Pin To Net: NetName=D0 Pin=R35-1
Added Pin To Net: NetName=DGND Pin=R35-2
Added Pin To Net: NetName=DGND Pin=R36-1
Added Pin To Net: NetName=D13 Pin=R36-2
Added Pin To Net: NetName=DGND Pin=R37-1
Added Pin To Net: NetName=CLK Pin=R37-2
Added Pin To Net: NetName=AGND Pin=R39-1
Added Pin To Net: NetName=IOUT_P Pin=R39-2
Added Pin To Net: NetName=AGND Pin=R40-1
Added Pin To Net: NetName=IOUT_N Pin=R40-2
Added Pin To Net: NetName=IOUT_P Pin=R41-1
Added Pin To Net: NetName=NetR41_2 Pin=R41-2
Added Pin To Net: NetName=IOUT_N Pin=R42-1
Added Pin To Net: NetName=NetR42_2 Pin=R42-2
Added Pin To Net: NetName=NetR41_2 Pin=R43-1
Added Pin To Net: NetName=NetR43_2 Pin=R43-2
Added Pin To Net: NetName=NetR43_2 Pin=R44-1
Added Pin To Net: NetName=NetI1_1 Pin=R44-2
Added Pin To Net: NetName=NetR42_2 Pin=R45-1
Added Pin To Net: NetName=NetR45_2 Pin=R45-2
Added Pin To Net: NetName=NetR45_2 Pin=R46-1
Added Pin To Net: NetName=AGND Pin=R46-2
Added Pin To Net: NetName=NetR14_2 Pin=U1-1
Added Pin To Net: NetName=NetR13_2 Pin=U1-2
Added Pin To Net: NetName=NetR12_2 Pin=U1-3
Added Pin To Net: NetName=NetR11_2 Pin=U1-4
Added Pin To Net: NetName=NetR10_2 Pin=U1-5
Added Pin To Net: NetName=NetR9_2 Pin=U1-6
Added Pin To Net: NetName=NetR8_2 Pin=U1-7
Added Pin To Net: NetName=NetR7_2 Pin=U1-8
Added Pin To Net: NetName=NetR6_2 Pin=U1-9
Added Pin To Net: NetName=NetR5_2 Pin=U1-10
Added Pin To Net: NetName=NetR4_2 Pin=U1-11
Added Pin To Net: NetName=NetR3_2 Pin=U1-12
Added Pin To Net: NetName=NetR2_2 Pin=U1-13
Added Pin To Net: NetName=NetR1_2 Pin=U1-14
Added Pin To Net: NetName=DGND Pin=U1-15
Added Pin To Net: NetName=DGND Pin=U1-16
Added Pin To Net: NetName=NetC15_2 Pin=U1-17
Added Pin To Net: NetName=NetR17_2 Pin=U1-18
Added Pin To Net: NetName=NetC16_1 Pin=U1-19
Added Pin To Net: NetName=AGND Pin=U1-20
Added Pin To Net: NetName=IOUT_N Pin=U1-21
Added Pin To Net: NetName=IOUT_P Pin=U1-22
Added Pin To Net: NetName=NetC17_1 Pin=U1-23
Added Pin To Net: NetName=3.3V Pin=U1-24
Added Pin To Net: NetName=DGND Pin=U1-25
Added Pin To Net: NetName=DGND Pin=U1-26
Added Pin To Net: NetName=3.3V Pin=U1-27
Added Pin To Net: NetName=NetR15_2 Pin=U1-28
Added Pin To Net: NetName=AGND Pin=U2-1
Added Pin To Net: NetName=3.3V Pin=U2-2
Added Pin To Net: NetName=3.3V Pin=U2-2
Added Pin To Net: NetName=5V Pin=U2-3
Added Pin To Net: NetName=NetR41_2 Pin=U3-2
Added Pin To Net: NetName=NetR42_2 Pin=U3-3
Added Pin To Net: NetName=-5V Pin=U3-4
Added Pin To Net: NetName=NetI1_1 Pin=U3-6
Added Pin To Net: NetName=5V Pin=U3-7
Added Pin To Net: NetName=5V Pin=U3-8
Added Pin To Net: NetName=NetC24_2 Pin=Vo_S1-0
Added Pin To Net: NetName=AGND Pin=Vo_S1-1
Added Pin To Net: NetName=AGND Pin=Vo_S1-1
Added Pin To Net: NetName=AGND Pin=Vo_S1-1
Added Pin To Net: NetName=AGND Pin=Vo_S1-1
Added Class: Name=Sheet1
Added Room: Name=Sheet1
