Removed Pin From Net: NetName=NetP7_1 Pin=U1-1
Removed Pin From Net: NetName=NetP9_1 Pin=U1-2
Removed Pin From Net: NetName=NetP10_1 Pin=U1-4
Removed Pin From Net: NetName=NetP8_1 Pin=U1-5
Removed Pin From Net: NetName=NetP6_1 Pin=U1-12
Removed Pin From Net: NetName=NetP3_1 Pin=U1-13
Removed Pin From Net: NetName=NetP4_1 Pin=U1-14
Removed Pin From Net: NetName=NetP5_1 Pin=U1-15
Added Component: Designator=R1(0805)
Added Component: Designator=R2(0805)
Added Component: Designator=R3(0805)
Added Component: Designator=R4(0805)
Added Component: Designator=R5(0805)
Added Component: Designator=R6(0805)
Added Component: Designator=R7(0805)
Added Component: Designator=R8(0805)
Added Component: Designator=R9(0805)
Added Pin To Net: NetName=NetP3_1 Pin=R1-2
Added Pin To Net: NetName=NetP4_1 Pin=R2-2
Added Pin To Net: NetName=NetP5_1 Pin=R3-2
Added Pin To Net: NetName=NetP6_1 Pin=R4-2
Added Pin To Net: NetName=NetP7_1 Pin=R5-2
Added Pin To Net: NetName=NetP8_1 Pin=R6-2
Added Pin To Net: NetName=NetP9_1 Pin=R7-2
Added Pin To Net: NetName=NetP10_1 Pin=R8-2
Added Pin To Net: NetName=GND Pin=R9-1
Added Pin To Net: NetName=NetP11_1 Pin=R9-2
Added Pin To Net: NetName=NetR1_1 Pin=R1-1
Added Pin To Net: NetName=NetR1_1 Pin=U1-13
Added Net: Name=NetR1_1
Added Pin To Net: NetName=NetR2_1 Pin=R2-1
Added Pin To Net: NetName=NetR2_1 Pin=U1-14
Added Net: Name=NetR2_1
Added Pin To Net: NetName=NetR3_1 Pin=R3-1
Added Pin To Net: NetName=NetR3_1 Pin=U1-15
Added Net: Name=NetR3_1
Added Pin To Net: NetName=NetR4_1 Pin=R4-1
Added Pin To Net: NetName=NetR4_1 Pin=U1-12
Added Net: Name=NetR4_1
Added Pin To Net: NetName=NetR5_1 Pin=R5-1
Added Pin To Net: NetName=NetR5_1 Pin=U1-1
Added Net: Name=NetR5_1
Added Pin To Net: NetName=NetR6_1 Pin=R6-1
Added Pin To Net: NetName=NetR6_1 Pin=U1-5
Added Net: Name=NetR6_1
Added Pin To Net: NetName=NetR7_1 Pin=R7-1
Added Pin To Net: NetName=NetR7_1 Pin=U1-2
Added Net: Name=NetR7_1
Added Pin To Net: NetName=NetR8_1 Pin=R8-1
Added Pin To Net: NetName=NetR8_1 Pin=U1-4
Added Net: Name=NetR8_1
