Removed Pin From Net: NetName=NetC3_2 Pin=C3-2
Removed Pin From Net: NetName=NetC4_2 Pin=C4-2
Removed Pin From Net: NetName=GND Pin=L2-1
Removed Pin From Net: NetName=AGND Pin=U1-0
Removed Pin From Net: NetName=AGND Pin=U1-4
Removed Pin From Net: NetName=AGND Pin=U1-5
Removed Pin From Net: NetName=AGND Pin=U1-6
Removed Pin From Net: NetName=AGND Pin=U1-8
Change Component Comment : Designator=L1 Old Comment=4.7UF New Comment=4.7UH
Change Component Comment : Designator=L2 Old Comment=4.7uf New Comment=4.7uH
Added Pin To Net: NetName=NetC4_2 Pin=C3-2
Added Pin To Net: NetName=NetC3_2 Pin=C4-2
Added Pin To Net: NetName=GND Pin=L2-2
Added Pin To Net: NetName=GND Pin=U1-0
Added Pin To Net: NetName=GND Pin=U1-4
Added Pin To Net: NetName=GND Pin=U1-5
Added Pin To Net: NetName=GND Pin=U1-6
Added Pin To Net: NetName=GND Pin=U1-8
Change Net Name : Old Net Name=NetC3_2 New Net Name=NetC4_2
Change Net Name : Old Net Name=NetC4_2 New Net Name=NetC3_2
Added Pin To Net: NetName=NetL2_1 Pin=L2-1
Added Pin To Net: NetName=NetL2_1 Pin=U1-10
Added Net: Name=NetL2_1
