Removed Pin From Net: NetName=NetC1_1 Pin=U2-1
Removed Pin From Net: NetName=NetC2_2 Pin=U2-3
Added Component: Designator=C5(0805)
Added Component: Designator=C6(0805)
Added Component: Designator=U3(TO-220)
Added Component: Designator=U4(TO-220)
Added Pin To Net: NetName=GND Pin=C5-1
Added Pin To Net: NetName=GND Pin=C6-1
Added Pin To Net: NetName=GND Pin=U3-2
Added Pin To Net: NetName=NetC1_1 Pin=U3-3
Added Pin To Net: NetName=GND Pin=U4-1
Added Pin To Net: NetName=NetC2_2 Pin=U4-3
Added Pin To Net: NetName=NetC5_2 Pin=C5-2
Added Pin To Net: NetName=NetC5_2 Pin=U2-1
Added Pin To Net: NetName=NetC5_2 Pin=U3-1
Added Net: Name=NetC5_2
Added Pin To Net: NetName=NetC6_2 Pin=C6-2
Added Pin To Net: NetName=NetC6_2 Pin=U2-3
Added Pin To Net: NetName=NetC6_2 Pin=U4-2
Added Net: Name=NetC6_2
Added Member To Class: ClassName=AD835³Ë·¨Æ÷ Member=Component C5 Cap1
Added Member To Class: ClassName=AD835³Ë·¨Æ÷ Member=Component C6 Cap1
Added Member To Class: ClassName=AD835³Ë·¨Æ÷ Member=Component U3 LM7805
Added Member To Class: ClassName=AD835³Ë·¨Æ÷ Member=Component U4 LM7905
Added Room: Name=AD835³Ë·¨Æ÷
