Added Component: Designator=5V(Power_S_2Port)
Added Component: Designator=AVDD(Power_S_2Port)
Added Component: Designator=C1(0805)
Added Component: Designator=C2(0805)
Added Component: Designator=C3(0805)
Added Component: Designator=C4(0805)
Added Component: Designator=C5(0805)
Added Component: Designator=C6(0805)
Added Component: Designator=C7(0805)
Added Component: Designator=C8(0805)
Added Component: Designator=C9(0805)
Added Component: Designator=C10(0805)
Added Component: Designator=C13(0805)
Added Component: Designator=C14(0805)
Added Component: Designator=C15(0805)
Added Component: Designator=C16(0805)
Added Component: Designator=C20(0805)
Added Component: Designator=DVDD(Power_S_2Port)
Added Component: Designator=H1(HDR4X1_A)
Added Component: Designator=IOUTB(SMA-2)
Added Component: Designator=IOUT(SMA-2)
Added Component: Designator=LK1(HDR3X1_A)
Added Component: Designator=LK3(HDR2X1_A)
Added Component: Designator=R1(0805)
Added Component: Designator=R4(0805)
Added Component: Designator=R5(0805)
Added Component: Designator=R6(0805)
Added Component: Designator=R7(0805)
Added Component: Designator=R9(0805)
Added Component: Designator=R11(0805)
Added Component: Designator=R14(0805)
Added Component: Designator=R16(0805)
Added Component: Designator=R17(0805)
Added Component: Designator=SBOUT(SMA-KE)
Added Component: Designator=SPI(HDR3X1_A)
Added Component: Designator=U1(RU_20)
Added Component: Designator=U2(SOT-223)
Added Component: Designator=Y1(SMDXTAL5032)
Added Pin To Net: NetName=AGND Pin=AVDD-2
Added Pin To Net: NetName=AGND Pin=C2-1
Added Pin To Net: NetName=AGND Pin=C4-2
Added Pin To Net: NetName=AGND Pin=C5-1
Added Pin To Net: NetName=AGND Pin=C8-1
Added Pin To Net: NetName=AGND Pin=C9-1
Added Pin To Net: NetName=AGND Pin=C15-1
Added Pin To Net: NetName=AGND Pin=IOUT-2
Added Pin To Net: NetName=AGND Pin=IOUTB-2
Added Pin To Net: NetName=AGND Pin=R1-2
Added Pin To Net: NetName=AGND Pin=R4-1
Added Pin To Net: NetName=AGND Pin=R5-2
Added Pin To Net: NetName=AGND Pin=R6-1
Added Pin To Net: NetName=AGND Pin=SBOUT-2
Added Pin To Net: NetName=AGND Pin=U1-18
Added Net: Name=AGND
Added Pin To Net: NetName=AVDD Pin=AVDD-1
Added Pin To Net: NetName=AVDD Pin=C2-2
Added Pin To Net: NetName=AVDD Pin=C3-2
Added Pin To Net: NetName=AVDD Pin=C8-2
Added Pin To Net: NetName=AVDD Pin=C9-2
Added Pin To Net: NetName=AVDD Pin=U1-4
Added Net: Name=AVDD
Added Pin To Net: NetName=CAP/2.5V Pin=C13-2
Added Pin To Net: NetName=CAP/2.5V Pin=C14-2
Added Pin To Net: NetName=CAP/2.5V Pin=LK3-1
Added Pin To Net: NetName=CAP/2.5V Pin=U1-6
Added Net: Name=CAP/2.5V
Added Pin To Net: NetName=DGND Pin=5V-2
Added Pin To Net: NetName=DGND Pin=C1-1
Added Pin To Net: NetName=DGND Pin=C6-1
Added Pin To Net: NetName=DGND Pin=C7-1
Added Pin To Net: NetName=DGND Pin=C10-1
Added Pin To Net: NetName=DGND Pin=C13-1
Added Pin To Net: NetName=DGND Pin=C14-1
Added Pin To Net: NetName=DGND Pin=C16-1
Added Pin To Net: NetName=DGND Pin=C20-1
Added Pin To Net: NetName=DGND Pin=DVDD-2
Added Pin To Net: NetName=DGND Pin=R1-1
Added Pin To Net: NetName=DGND Pin=U1-7
Added Pin To Net: NetName=DGND Pin=U2-1
Added Pin To Net: NetName=DGND Pin=Y1-2
Added Net: Name=DGND
Added Pin To Net: NetName=DVDD Pin=C1-2
Added Pin To Net: NetName=DVDD Pin=C6-2
Added Pin To Net: NetName=DVDD Pin=C7-2
Added Pin To Net: NetName=DVDD Pin=DVDD-1
Added Pin To Net: NetName=DVDD Pin=LK1-3
Added Pin To Net: NetName=DVDD Pin=LK3-2
Added Pin To Net: NetName=DVDD Pin=U1-5
Added Net: Name=DVDD
Added Pin To Net: NetName=FSELECT Pin=R11-2
Added Pin To Net: NetName=FSELECT Pin=U1-9
Added Net: Name=FSELECT
Added Pin To Net: NetName=FSYNC Pin=SPI-3
Added Pin To Net: NetName=FSYNC Pin=U1-15
Added Net: Name=FSYNC
Added Pin To Net: NetName=IOUT Pin=IOUT-1
Added Pin To Net: NetName=IOUT Pin=R5-1
Added Pin To Net: NetName=IOUT Pin=R7-1
Added Pin To Net: NetName=IOUT Pin=U1-19
Added Net: Name=IOUT
Added Pin To Net: NetName=MCLK Pin=R17-2
Added Pin To Net: NetName=MCLK Pin=U1-8
Added Net: Name=MCLK
Added Pin To Net: NetName=Net5V_1 Pin=5V-1
Added Pin To Net: NetName=Net5V_1 Pin=C10-2
Added Pin To Net: NetName=Net5V_1 Pin=U2-3
Added Net: Name=Net5V_1
Added Pin To Net: NetName=NetC3_1 Pin=C3-1
Added Pin To Net: NetName=NetC3_1 Pin=U1-3
Added Net: Name=NetC3_1
Added Pin To Net: NetName=NetC4_1 Pin=C4-1
Added Pin To Net: NetName=NetC4_1 Pin=U1-2
Added Net: Name=NetC4_1
Added Pin To Net: NetName=NetC5_2 Pin=C5-2
Added Pin To Net: NetName=NetC5_2 Pin=R4-2
Added Pin To Net: NetName=NetC5_2 Pin=U1-1
Added Net: Name=NetC5_2
Added Pin To Net: NetName=NetC15_2 Pin=C15-2
Added Pin To Net: NetName=NetC15_2 Pin=R7-2
Added Pin To Net: NetName=NetC15_2 Pin=U1-17
Added Net: Name=NetC15_2
Added Pin To Net: NetName=NetH1_1 Pin=H1-1
Added Pin To Net: NetName=NetH1_1 Pin=R14-1
Added Net: Name=NetH1_1
Added Pin To Net: NetName=NetH1_2 Pin=H1-2
Added Pin To Net: NetName=NetH1_2 Pin=R16-1
Added Net: Name=NetH1_2
Added Pin To Net: NetName=NetH1_3 Pin=H1-3
Added Pin To Net: NetName=NetH1_3 Pin=R9-1
Added Net: Name=NetH1_3
Added Pin To Net: NetName=NetH1_4 Pin=H1-4
Added Pin To Net: NetName=NetH1_4 Pin=R11-1
Added Net: Name=NetH1_4
Added Pin To Net: NetName=NetIOUTB_1 Pin=IOUTB-1
Added Pin To Net: NetName=NetIOUTB_1 Pin=R6-2
Added Pin To Net: NetName=NetIOUTB_1 Pin=U1-20
Added Net: Name=NetIOUTB_1
Added Pin To Net: NetName=NetLK1_2 Pin=LK1-2
Added Pin To Net: NetName=NetLK1_2 Pin=Y1-4
Added Net: Name=NetLK1_2
Added Pin To Net: NetName=NetR17_1 Pin=R17-1
Added Pin To Net: NetName=NetR17_1 Pin=Y1-3
Added Net: Name=NetR17_1
Added Pin To Net: NetName=NetSBOUT_1 Pin=SBOUT-1
Added Pin To Net: NetName=NetSBOUT_1 Pin=U1-16
Added Net: Name=NetSBOUT_1
Added Pin To Net: NetName=PSELECT Pin=R9-2
Added Pin To Net: NetName=PSELECT Pin=U1-10
Added Net: Name=PSELECT
Added Pin To Net: NetName=RESET Pin=R16-2
Added Pin To Net: NetName=RESET Pin=U1-11
Added Net: Name=RESET
Added Pin To Net: NetName=SCLK Pin=SPI-2
Added Pin To Net: NetName=SCLK Pin=U1-14
Added Net: Name=SCLK
Added Pin To Net: NetName=SDATA Pin=SPI-1
Added Pin To Net: NetName=SDATA Pin=U1-13
Added Net: Name=SDATA
Added Pin To Net: NetName=SLEEP Pin=R14-2
Added Pin To Net: NetName=SLEEP Pin=U1-12
Added Net: Name=SLEEP
Added Pin To Net: NetName=VCC3.3V Pin=C16-2
Added Pin To Net: NetName=VCC3.3V Pin=C20-2
Added Pin To Net: NetName=VCC3.3V Pin=LK1-1
Added Pin To Net: NetName=VCC3.3V Pin=U2-2
Added Pin To Net: NetName=VCC3.3V Pin=U2-2
Added Net: Name=VCC3.3V
Added Class: Name=AD9834原理图
Added Room: Name=AD9834原理图
