Added Component: Designator=AS(HDR2X5)
Added Component: Designator=C1(7343-31 TYPE D)
Added Component: Designator=C2(7343-31 TYPE D)
Added Component: Designator=C3(7343-31 TYPE D)
Added Component: Designator=C4(7343-31 TYPE D)
Added Component: Designator=C5(7343-31 TYPE D)
Added Component: Designator=C6(7343-31 TYPE D)
Added Component: Designator=C7(0805)
Added Component: Designator=C8(0805)
Added Component: Designator=C9(0805)
Added Component: Designator=C10(0805)
Added Component: Designator=C11(0805)
Added Component: Designator=C12(0805)
Added Component: Designator=C13(0805)
Added Component: Designator=C14(0805)
Added Component: Designator=C15(0805)
Added Component: Designator=C16(0805)
Added Component: Designator=C17(0805)
Added Component: Designator=C18(0805)
Added Component: Designator=C19(0805)
Added Component: Designator=C20(0805)
Added Component: Designator=C21(0805)
Added Component: Designator=C22(0805)
Added Component: Designator=C23(0805)
Added Component: Designator=C24(0805)
Added Component: Designator=C25(0805)
Added Component: Designator=C26(0805)
Added Component: Designator=C27(0805)
Added Component: Designator=C28(0805)
Added Component: Designator=C29(0805)
Added Component: Designator=C30(0805)
Added Component: Designator=C31(0805)
Added Component: Designator=C32(0805)
Added Component: Designator=C33(0805)
Added Component: Designator=C34(0805)
Added Component: Designator=C35(0805)
Added Component: Designator=C37(0805)
Added Component: Designator=C38(0805)
Added Component: Designator=C39(0805)
Added Component: Designator=D1(SMA/DO-214AC)
Added Component: Designator=D2(0805_s)
Added Component: Designator=D4(0805_s)
Added Component: Designator=D6(0805_s)
Added Component: Designator=D7(0805_s)
Added Component: Designator=D8(0805_s)
Added Component: Designator=D9(0805_s)
Added Component: Designator=JTAG(HDR2X5)
Added Component: Designator=P1(VH3.96-4P)
Added Component: Designator=P3(HDR2X12)
Added Component: Designator=P4(HDR2X12)
Added Component: Designator=P5(HDR2X12)
Added Component: Designator=P6(HDR2X12)
Added Component: Designator=Q1(SOT-23)
Added Component: Designator=Q2(SOT-23)
Added Component: Designator=Q3(SOT-23)
Added Component: Designator=Q4(SOT-23)
Added Component: Designator=Q5(SOT-23)
Added Component: Designator=R1(0805)
Added Component: Designator=R2(0805)
Added Component: Designator=R3(0805)
Added Component: Designator=R4(0805)
Added Component: Designator=R5(0805)
Added Component: Designator=R6(0805)
Added Component: Designator=R7(0805)
Added Component: Designator=R8(0805)
Added Component: Designator=R9(0805)
Added Component: Designator=R10(0805)
Added Component: Designator=R12(0805)
Added Component: Designator=R14(0805)
Added Component: Designator=R15(0805)
Added Component: Designator=R16(0805)
Added Component: Designator=R17(0805)
Added Component: Designator=S1(AN88)
Added Component: Designator=S2(AN66)
Added Component: Designator=U1(EQFP144_A-165_D2-54_L)
Added Component: Designator=U2(SOT223)
Added Component: Designator=U3(SOT223)
Added Component: Designator=U4(SOT223)
Added Component: Designator=U5(LC-SOIC-8_150mil)
Added Component: Designator=X1(XAL-SMD-3225_4P)
Added Pin To Net: NetName=1.2V Pin=C6-1
Added Pin To Net: NetName=1.2V Pin=C12-2
Added Pin To Net: NetName=1.2V Pin=C13-2
Added Pin To Net: NetName=1.2V Pin=C14-2
Added Pin To Net: NetName=1.2V Pin=C15-2
Added Pin To Net: NetName=1.2V Pin=C16-2
Added Pin To Net: NetName=1.2V Pin=C17-2
Added Pin To Net: NetName=1.2V Pin=C18-2
Added Pin To Net: NetName=1.2V Pin=C19-2
Added Pin To Net: NetName=1.2V Pin=C20-2
Added Pin To Net: NetName=1.2V Pin=C21-2
Added Pin To Net: NetName=1.2V Pin=C22-2
Added Pin To Net: NetName=1.2V Pin=C23-2
Added Pin To Net: NetName=1.2V Pin=U1-5
Added Pin To Net: NetName=1.2V Pin=U1-29
Added Pin To Net: NetName=1.2V Pin=U1-37
Added Pin To Net: NetName=1.2V Pin=U1-45
Added Pin To Net: NetName=1.2V Pin=U1-61
Added Pin To Net: NetName=1.2V Pin=U1-78
Added Pin To Net: NetName=1.2V Pin=U1-102
Added Pin To Net: NetName=1.2V Pin=U1-109
Added Pin To Net: NetName=1.2V Pin=U1-116
Added Pin To Net: NetName=1.2V Pin=U1-134
Added Pin To Net: NetName=1.2V Pin=U2-2
Added Net: Name=1.2V
Added Pin To Net: NetName=2.5V Pin=C4-1
Added Pin To Net: NetName=2.5V Pin=C5-1
Added Pin To Net: NetName=2.5V Pin=C10-2
Added Pin To Net: NetName=2.5V Pin=C11-2
Added Pin To Net: NetName=2.5V Pin=C24-2
Added Pin To Net: NetName=2.5V Pin=C25-2
Added Pin To Net: NetName=2.5V Pin=C26-2
Added Pin To Net: NetName=2.5V Pin=C27-2
Added Pin To Net: NetName=2.5V Pin=C28-2
Added Pin To Net: NetName=2.5V Pin=C29-2
Added Pin To Net: NetName=2.5V Pin=C30-2
Added Pin To Net: NetName=2.5V Pin=C31-2
Added Pin To Net: NetName=2.5V Pin=C32-2
Added Pin To Net: NetName=2.5V Pin=C33-2
Added Pin To Net: NetName=2.5V Pin=C34-2
Added Pin To Net: NetName=2.5V Pin=U1-17
Added Pin To Net: NetName=2.5V Pin=U1-26
Added Pin To Net: NetName=2.5V Pin=U1-35
Added Pin To Net: NetName=2.5V Pin=U1-40
Added Pin To Net: NetName=2.5V Pin=U1-47
Added Pin To Net: NetName=2.5V Pin=U1-56
Added Pin To Net: NetName=2.5V Pin=U1-62
Added Pin To Net: NetName=2.5V Pin=U1-81
Added Pin To Net: NetName=2.5V Pin=U1-93
Added Pin To Net: NetName=2.5V Pin=U1-96
Added Pin To Net: NetName=2.5V Pin=U1-107
Added Pin To Net: NetName=2.5V Pin=U1-117
Added Pin To Net: NetName=2.5V Pin=U1-122
Added Pin To Net: NetName=2.5V Pin=U1-130
Added Pin To Net: NetName=2.5V Pin=U1-139
Added Pin To Net: NetName=2.5V Pin=U2-3
Added Pin To Net: NetName=2.5V Pin=U3-2
Added Net: Name=2.5V
Added Pin To Net: NetName=3.3V Pin=AS-4
Added Pin To Net: NetName=3.3V Pin=C2-1
Added Pin To Net: NetName=3.3V Pin=C3-1
Added Pin To Net: NetName=3.3V Pin=C8-2
Added Pin To Net: NetName=3.3V Pin=C9-2
Added Pin To Net: NetName=3.3V Pin=C35-2
Added Pin To Net: NetName=3.3V Pin=C37-1
Added Pin To Net: NetName=3.3V Pin=C38-2
Added Pin To Net: NetName=3.3V Pin=C39-1
Added Pin To Net: NetName=3.3V Pin=D2-2
Added Pin To Net: NetName=3.3V Pin=JTAG-4
Added Pin To Net: NetName=3.3V Pin=Q2-2
Added Pin To Net: NetName=3.3V Pin=Q3-2
Added Pin To Net: NetName=3.3V Pin=Q4-2
Added Pin To Net: NetName=3.3V Pin=Q5-2
Added Pin To Net: NetName=3.3V Pin=R3-1
Added Pin To Net: NetName=3.3V Pin=R4-1
Added Pin To Net: NetName=3.3V Pin=R7-2
Added Pin To Net: NetName=3.3V Pin=R8-2
Added Pin To Net: NetName=3.3V Pin=R9-2
Added Pin To Net: NetName=3.3V Pin=R12-2
Added Pin To Net: NetName=3.3V Pin=R15-2
Added Pin To Net: NetName=3.3V Pin=U3-3
Added Pin To Net: NetName=3.3V Pin=U4-2
Added Pin To Net: NetName=3.3V Pin=U5-3
Added Pin To Net: NetName=3.3V Pin=U5-7
Added Pin To Net: NetName=3.3V Pin=U5-8
Added Pin To Net: NetName=3.3V Pin=X1-4
Added Net: Name=3.3V
Added Pin To Net: NetName=10 Pin=P3-1
Added Pin To Net: NetName=10 Pin=U1-10
Added Net: Name=10
Added Pin To Net: NetName=11 Pin=P3-3
Added Pin To Net: NetName=11 Pin=U1-11
Added Net: Name=11
Added Pin To Net: NetName=28 Pin=P3-5
Added Pin To Net: NetName=28 Pin=U1-28
Added Net: Name=28
Added Pin To Net: NetName=30 Pin=P3-7
Added Pin To Net: NetName=30 Pin=U1-30
Added Net: Name=30
Added Pin To Net: NetName=31 Pin=P3-9
Added Pin To Net: NetName=31 Pin=U1-31
Added Net: Name=31
Added Pin To Net: NetName=32 Pin=P3-11
Added Pin To Net: NetName=32 Pin=U1-32
Added Net: Name=32
Added Pin To Net: NetName=33 Pin=P3-13
Added Pin To Net: NetName=33 Pin=U1-33
Added Net: Name=33
Added Pin To Net: NetName=34 Pin=P3-15
Added Pin To Net: NetName=34 Pin=U1-34
Added Net: Name=34
Added Pin To Net: NetName=38 Pin=P3-17
Added Pin To Net: NetName=38 Pin=U1-38
Added Net: Name=38
Added Pin To Net: NetName=39 Pin=P3-19
Added Pin To Net: NetName=39 Pin=U1-39
Added Net: Name=39
Added Pin To Net: NetName=42 Pin=P3-21
Added Pin To Net: NetName=42 Pin=U1-42
Added Net: Name=42
Added Pin To Net: NetName=43 Pin=P3-23
Added Pin To Net: NetName=43 Pin=U1-43
Added Net: Name=43
Added Pin To Net: NetName=44 Pin=P3-24
Added Pin To Net: NetName=44 Pin=U1-44
Added Net: Name=44
Added Pin To Net: NetName=46 Pin=P3-22
Added Pin To Net: NetName=46 Pin=U1-46
Added Net: Name=46
Added Pin To Net: NetName=49 Pin=P3-20
Added Pin To Net: NetName=49 Pin=U1-49
Added Net: Name=49
Added Pin To Net: NetName=50 Pin=P3-18
Added Pin To Net: NetName=50 Pin=U1-50
Added Net: Name=50
Added Pin To Net: NetName=51 Pin=P3-16
Added Pin To Net: NetName=51 Pin=U1-51
Added Net: Name=51
Added Pin To Net: NetName=52 Pin=P3-14
Added Pin To Net: NetName=52 Pin=U1-52
Added Net: Name=52
Added Pin To Net: NetName=53 Pin=P3-12
Added Pin To Net: NetName=53 Pin=U1-53
Added Net: Name=53
Added Pin To Net: NetName=54 Pin=P3-10
Added Pin To Net: NetName=54 Pin=U1-54
Added Net: Name=54
Added Pin To Net: NetName=55 Pin=P3-8
Added Pin To Net: NetName=55 Pin=U1-55
Added Net: Name=55
Added Pin To Net: NetName=58 Pin=P3-6
Added Pin To Net: NetName=58 Pin=U1-58
Added Net: Name=58
Added Pin To Net: NetName=59 Pin=P3-4
Added Pin To Net: NetName=59 Pin=U1-59
Added Net: Name=59
Added Pin To Net: NetName=60 Pin=P3-2
Added Pin To Net: NetName=60 Pin=U1-60
Added Net: Name=60
Added Pin To Net: NetName=64 Pin=P4-1
Added Pin To Net: NetName=64 Pin=U1-64
Added Net: Name=64
Added Pin To Net: NetName=65 Pin=P4-3
Added Pin To Net: NetName=65 Pin=U1-65
Added Net: Name=65
Added Pin To Net: NetName=66 Pin=P4-5
Added Pin To Net: NetName=66 Pin=U1-66
Added Net: Name=66
Added Pin To Net: NetName=67 Pin=P4-7
Added Pin To Net: NetName=67 Pin=U1-67
Added Net: Name=67
Added Pin To Net: NetName=68 Pin=P4-9
Added Pin To Net: NetName=68 Pin=U1-68
Added Net: Name=68
Added Pin To Net: NetName=69 Pin=P4-11
Added Pin To Net: NetName=69 Pin=U1-69
Added Net: Name=69
Added Pin To Net: NetName=70 Pin=P4-13
Added Pin To Net: NetName=70 Pin=U1-70
Added Net: Name=70
Added Pin To Net: NetName=71 Pin=P4-15
Added Pin To Net: NetName=71 Pin=U1-71
Added Net: Name=71
Added Pin To Net: NetName=72 Pin=P4-17
Added Pin To Net: NetName=72 Pin=U1-72
Added Net: Name=72
Added Pin To Net: NetName=73 Pin=P4-19
Added Pin To Net: NetName=73 Pin=U1-73
Added Net: Name=73
Added Pin To Net: NetName=74 Pin=P4-21
Added Pin To Net: NetName=74 Pin=U1-74
Added Net: Name=74
Added Pin To Net: NetName=75 Pin=P4-23
Added Pin To Net: NetName=75 Pin=U1-75
Added Net: Name=75
Added Pin To Net: NetName=76 Pin=P4-24
Added Pin To Net: NetName=76 Pin=U1-76
Added Net: Name=76
Added Pin To Net: NetName=77 Pin=P4-22
Added Pin To Net: NetName=77 Pin=U1-77
Added Net: Name=77
Added Pin To Net: NetName=80 Pin=P4-20
Added Pin To Net: NetName=80 Pin=U1-80
Added Net: Name=80
Added Pin To Net: NetName=83 Pin=P4-18
Added Pin To Net: NetName=83 Pin=U1-83
Added Net: Name=83
Added Pin To Net: NetName=84 Pin=P4-16
Added Pin To Net: NetName=84 Pin=U1-84
Added Net: Name=84
Added Pin To Net: NetName=85 Pin=P4-14
Added Pin To Net: NetName=85 Pin=U1-85
Added Net: Name=85
Added Pin To Net: NetName=86 Pin=P4-12
Added Pin To Net: NetName=86 Pin=U1-86
Added Net: Name=86
Added Pin To Net: NetName=87 Pin=P4-10
Added Pin To Net: NetName=87 Pin=U1-87
Added Net: Name=87
Added Pin To Net: NetName=98 Pin=P4-8
Added Pin To Net: NetName=98 Pin=U1-98
Added Net: Name=98
Added Pin To Net: NetName=99 Pin=P4-6
Added Pin To Net: NetName=99 Pin=U1-99
Added Net: Name=99
Added Pin To Net: NetName=100 Pin=P4-4
Added Pin To Net: NetName=100 Pin=U1-100
Added Net: Name=100
Added Pin To Net: NetName=101 Pin=P4-2
Added Pin To Net: NetName=101 Pin=U1-101
Added Net: Name=101
Added Pin To Net: NetName=103 Pin=P5-1
Added Pin To Net: NetName=103 Pin=U1-103
Added Net: Name=103
Added Pin To Net: NetName=104 Pin=P5-3
Added Pin To Net: NetName=104 Pin=U1-104
Added Net: Name=104
Added Pin To Net: NetName=105 Pin=P5-5
Added Pin To Net: NetName=105 Pin=U1-105
Added Net: Name=105
Added Pin To Net: NetName=106 Pin=P5-7
Added Pin To Net: NetName=106 Pin=U1-106
Added Net: Name=106
Added Pin To Net: NetName=110 Pin=P5-9
Added Pin To Net: NetName=110 Pin=U1-110
Added Net: Name=110
Added Pin To Net: NetName=111 Pin=P5-11
Added Pin To Net: NetName=111 Pin=U1-111
Added Net: Name=111
Added Pin To Net: NetName=112 Pin=P5-13
Added Pin To Net: NetName=112 Pin=U1-112
Added Net: Name=112
Added Pin To Net: NetName=113 Pin=P5-15
Added Pin To Net: NetName=113 Pin=U1-113
Added Net: Name=113
Added Pin To Net: NetName=114 Pin=P5-17
Added Pin To Net: NetName=114 Pin=U1-114
Added Net: Name=114
Added Pin To Net: NetName=115 Pin=P5-19
Added Pin To Net: NetName=115 Pin=U1-115
Added Net: Name=115
Added Pin To Net: NetName=119 Pin=P5-21
Added Pin To Net: NetName=119 Pin=U1-119
Added Net: Name=119
Added Pin To Net: NetName=120 Pin=P5-23
Added Pin To Net: NetName=120 Pin=U1-120
Added Net: Name=120
Added Pin To Net: NetName=121 Pin=P5-24
Added Pin To Net: NetName=121 Pin=U1-121
Added Net: Name=121
Added Pin To Net: NetName=124 Pin=P5-22
Added Pin To Net: NetName=124 Pin=U1-124
Added Net: Name=124
Added Pin To Net: NetName=125 Pin=P5-20
Added Pin To Net: NetName=125 Pin=U1-125
Added Net: Name=125
Added Pin To Net: NetName=126 Pin=P5-18
Added Pin To Net: NetName=126 Pin=U1-126
Added Net: Name=126
Added Pin To Net: NetName=127 Pin=P5-16
Added Pin To Net: NetName=127 Pin=U1-127
Added Net: Name=127
Added Pin To Net: NetName=128 Pin=P5-14
Added Pin To Net: NetName=128 Pin=U1-128
Added Net: Name=128
Added Pin To Net: NetName=129 Pin=P5-12
Added Pin To Net: NetName=129 Pin=U1-129
Added Net: Name=129
Added Pin To Net: NetName=132 Pin=P5-10
Added Pin To Net: NetName=132 Pin=U1-132
Added Net: Name=132
Added Pin To Net: NetName=133 Pin=P5-8
Added Pin To Net: NetName=133 Pin=U1-133
Added Net: Name=133
Added Pin To Net: NetName=135 Pin=P5-6
Added Pin To Net: NetName=135 Pin=U1-135
Added Net: Name=135
Added Pin To Net: NetName=136 Pin=P5-4
Added Pin To Net: NetName=136 Pin=U1-136
Added Net: Name=136
Added Pin To Net: NetName=137 Pin=P5-2
Added Pin To Net: NetName=137 Pin=U1-137
Added Net: Name=137
Added Pin To Net: NetName=138 Pin=P6-1
Added Pin To Net: NetName=138 Pin=U1-138
Added Net: Name=138
Added Pin To Net: NetName=141 Pin=P6-3
Added Pin To Net: NetName=141 Pin=U1-141
Added Net: Name=141
Added Pin To Net: NetName=142 Pin=P6-5
Added Pin To Net: NetName=142 Pin=U1-142
Added Net: Name=142
Added Pin To Net: NetName=143 Pin=P6-7
Added Pin To Net: NetName=143 Pin=U1-143
Added Net: Name=143
Added Pin To Net: NetName=144 Pin=P6-9
Added Pin To Net: NetName=144 Pin=U1-144
Added Net: Name=144
Added Pin To Net: NetName=AGND Pin=U1-36
Added Pin To Net: NetName=AGND Pin=U1-108
Added Net: Name=AGND
Added Pin To Net: NetName=ASDO Pin=AS-9
Added Pin To Net: NetName=ASDO Pin=U1-6
Added Pin To Net: NetName=ASDO Pin=U5-5
Added Net: Name=ASDO
Added Pin To Net: NetName=CONF_DONE Pin=AS-3
Added Pin To Net: NetName=CONF_DONE Pin=R3-2
Added Pin To Net: NetName=CONF_DONE Pin=R14-1
Added Pin To Net: NetName=CONF_DONE Pin=U1-92
Added Net: Name=CONF_DONE
Added Pin To Net: NetName=DATA0 Pin=R5-1
Added Pin To Net: NetName=DATA0 Pin=U1-13
Added Pin To Net: NetName=DATA0 Pin=U5-2
Added Net: Name=DATA0
Added Pin To Net: NetName=DCLK Pin=AS-1
Added Pin To Net: NetName=DCLK Pin=U1-12
Added Pin To Net: NetName=DCLK Pin=U5-6
Added Net: Name=DCLK
Added Pin To Net: NetName=GNDA Pin=R16-2
Added Pin To Net: NetName=GNDA Pin=R17-2
Added Net: Name=GNDA
Added Pin To Net: NetName=GND Pin=AS-2
Added Pin To Net: NetName=GND Pin=AS-10
Added Pin To Net: NetName=GND Pin=C1-2
Added Pin To Net: NetName=GND Pin=C2-2
Added Pin To Net: NetName=GND Pin=C3-2
Added Pin To Net: NetName=GND Pin=C4-2
Added Pin To Net: NetName=GND Pin=C5-2
Added Pin To Net: NetName=GND Pin=C6-2
Added Pin To Net: NetName=GND Pin=C7-1
Added Pin To Net: NetName=GND Pin=C8-1
Added Pin To Net: NetName=GND Pin=C9-1
Added Pin To Net: NetName=GND Pin=C10-1
Added Pin To Net: NetName=GND Pin=C11-1
Added Pin To Net: NetName=GND Pin=C12-1
Added Pin To Net: NetName=GND Pin=C13-1
Added Pin To Net: NetName=GND Pin=C14-1
Added Pin To Net: NetName=GND Pin=C15-1
Added Pin To Net: NetName=GND Pin=C16-1
Added Pin To Net: NetName=GND Pin=C17-1
Added Pin To Net: NetName=GND Pin=C18-1
Added Pin To Net: NetName=GND Pin=C19-1
Added Pin To Net: NetName=GND Pin=C20-1
Added Pin To Net: NetName=GND Pin=C21-1
Added Pin To Net: NetName=GND Pin=C22-1
Added Pin To Net: NetName=GND Pin=C23-1
Added Pin To Net: NetName=GND Pin=C24-1
Added Pin To Net: NetName=GND Pin=C25-1
Added Pin To Net: NetName=GND Pin=C26-1
Added Pin To Net: NetName=GND Pin=C27-1
Added Pin To Net: NetName=GND Pin=C28-1
Added Pin To Net: NetName=GND Pin=C29-1
Added Pin To Net: NetName=GND Pin=C30-1
Added Pin To Net: NetName=GND Pin=C31-1
Added Pin To Net: NetName=GND Pin=C32-1
Added Pin To Net: NetName=GND Pin=C33-1
Added Pin To Net: NetName=GND Pin=C34-1
Added Pin To Net: NetName=GND Pin=C35-1
Added Pin To Net: NetName=GND Pin=C37-2
Added Pin To Net: NetName=GND Pin=C38-1
Added Pin To Net: NetName=GND Pin=C39-2
Added Pin To Net: NetName=GND Pin=D4-1
Added Pin To Net: NetName=GND Pin=D6-1
Added Pin To Net: NetName=GND Pin=D7-1
Added Pin To Net: NetName=GND Pin=D8-1
Added Pin To Net: NetName=GND Pin=D9-1
Added Pin To Net: NetName=GND Pin=JTAG-2
Added Pin To Net: NetName=GND Pin=JTAG-10
Added Pin To Net: NetName=GND Pin=R1-1
Added Pin To Net: NetName=GND Pin=R6-1
Added Pin To Net: NetName=GND Pin=R10-2
Added Pin To Net: NetName=GND Pin=R16-1
Added Pin To Net: NetName=GND Pin=R17-1
Added Pin To Net: NetName=GND Pin=S2-1
Added Pin To Net: NetName=GND Pin=S2-1
Added Pin To Net: NetName=GND Pin=U1-4
Added Pin To Net: NetName=GND Pin=U1-19
Added Pin To Net: NetName=GND Pin=U1-22
Added Pin To Net: NetName=GND Pin=U1-27
Added Pin To Net: NetName=GND Pin=U1-41
Added Pin To Net: NetName=GND Pin=U1-48
Added Pin To Net: NetName=GND Pin=U1-57
Added Pin To Net: NetName=GND Pin=U1-63
Added Pin To Net: NetName=GND Pin=U1-79
Added Pin To Net: NetName=GND Pin=U1-82
Added Pin To Net: NetName=GND Pin=U1-94
Added Pin To Net: NetName=GND Pin=U1-95
Added Pin To Net: NetName=GND Pin=U1-97
Added Pin To Net: NetName=GND Pin=U1-118
Added Pin To Net: NetName=GND Pin=U1-123
Added Pin To Net: NetName=GND Pin=U1-131
Added Pin To Net: NetName=GND Pin=U1-140
Added Pin To Net: NetName=GND Pin=U1-145
Added Pin To Net: NetName=GND Pin=U2-1
Added Pin To Net: NetName=GND Pin=U3-1
Added Pin To Net: NetName=GND Pin=U4-1
Added Pin To Net: NetName=GND Pin=U5-4
Added Pin To Net: NetName=GND Pin=X1-2
Added Net: Name=GND
Added Pin To Net: NetName=KEY1 Pin=P6-11
Added Pin To Net: NetName=KEY1 Pin=U1-24
Added Net: Name=KEY1
Added Pin To Net: NetName=KEY2 Pin=P6-13
Added Pin To Net: NetName=KEY2 Pin=U1-25
Added Net: Name=KEY2
Added Pin To Net: NetName=KEY3 Pin=P6-15
Added Pin To Net: NetName=KEY3 Pin=U1-91
Added Net: Name=KEY3
Added Pin To Net: NetName=KEY4 Pin=P6-17
Added Pin To Net: NetName=KEY4 Pin=U1-90
Added Net: Name=KEY4
Added Pin To Net: NetName=KEY5 Pin=P6-19
Added Pin To Net: NetName=KEY5 Pin=U1-89
Added Net: Name=KEY5
Added Pin To Net: NetName=KEY6 Pin=P6-21
Added Pin To Net: NetName=KEY6 Pin=U1-88
Added Net: Name=KEY6
Added Pin To Net: NetName=LED1 Pin=Q2-1
Added Pin To Net: NetName=LED1 Pin=U1-1
Added Net: Name=LED1
Added Pin To Net: NetName=LED2 Pin=Q3-1
Added Pin To Net: NetName=LED2 Pin=U1-2
Added Net: Name=LED2
Added Pin To Net: NetName=LED3 Pin=Q4-1
Added Pin To Net: NetName=LED3 Pin=U1-3
Added Net: Name=LED3
Added Pin To Net: NetName=LED4 Pin=Q5-1
Added Pin To Net: NetName=LED4 Pin=U1-7
Added Net: Name=LED4
Added Pin To Net: NetName=NCE Pin=AS-6
Added Pin To Net: NetName=NCE Pin=R6-2
Added Pin To Net: NetName=NCE Pin=U1-21
Added Net: Name=NCE
Added Pin To Net: NetName=NCONFIG Pin=AS-5
Added Pin To Net: NetName=NCONFIG Pin=R4-2
Added Pin To Net: NetName=NCONFIG Pin=S2-2
Added Pin To Net: NetName=NCONFIG Pin=S2-2
Added Pin To Net: NetName=NCONFIG Pin=U1-14
Added Net: Name=NCONFIG
Added Pin To Net: NetName=NCSO Pin=AS-8
Added Pin To Net: NetName=NCSO Pin=U1-8
Added Pin To Net: NetName=NCSO Pin=U5-1
Added Net: Name=NCSO
Added Pin To Net: NetName=NetAS_7 Pin=AS-7
Added Pin To Net: NetName=NetAS_7 Pin=R5-2
Added Net: Name=NetAS_7
Added Pin To Net: NetName=NetC1_1 Pin=C1-1
Added Pin To Net: NetName=NetC1_1 Pin=C7-2
Added Pin To Net: NetName=NetC1_1 Pin=S1-6
Added Pin To Net: NetName=NetC1_1 Pin=U4-3
Added Net: Name=NetC1_1
Added Pin To Net: NetName=NetD1_1 Pin=D1-1
Added Pin To Net: NetName=NetD1_1 Pin=P1-2
Added Pin To Net: NetName=NetD1_1 Pin=P1-3
Added Net: Name=NetD1_1
Added Pin To Net: NetName=NetD1_2 Pin=D1-2
Added Pin To Net: NetName=NetD1_2 Pin=P1-1
Added Pin To Net: NetName=NetD1_2 Pin=S1-4
Added Net: Name=NetD1_2
Added Pin To Net: NetName=NetD2_1 Pin=D2-1
Added Pin To Net: NetName=NetD2_1 Pin=R1-2
Added Net: Name=NetD2_1
Added Pin To Net: NetName=NetD4_2 Pin=D4-2
Added Pin To Net: NetName=NetD4_2 Pin=Q1-3
Added Net: Name=NetD4_2
Added Pin To Net: NetName=NetD6_2 Pin=D6-2
Added Pin To Net: NetName=NetD6_2 Pin=Q2-3
Added Net: Name=NetD6_2
Added Pin To Net: NetName=NetD7_2 Pin=D7-2
Added Pin To Net: NetName=NetD7_2 Pin=Q3-3
Added Net: Name=NetD7_2
Added Pin To Net: NetName=NetD8_2 Pin=D8-2
Added Pin To Net: NetName=NetD8_2 Pin=Q4-3
Added Net: Name=NetD8_2
Added Pin To Net: NetName=NetD9_2 Pin=D9-2
Added Pin To Net: NetName=NetD9_2 Pin=Q5-3
Added Net: Name=NetD9_2
Added Pin To Net: NetName=NetQ1_1 Pin=Q1-1
Added Pin To Net: NetName=NetQ1_1 Pin=R14-2
Added Net: Name=NetQ1_1
Added Pin To Net: NetName=NetQ1_2 Pin=Q1-2
Added Pin To Net: NetName=NetQ1_2 Pin=R15-1
Added Net: Name=NetQ1_2
Added Pin To Net: NetName=NetR2_1 Pin=R2-1
Added Pin To Net: NetName=NetR2_1 Pin=X1-3
Added Net: Name=NetR2_1
Added Pin To Net: NetName=NSTATUS Pin=R12-1
Added Pin To Net: NetName=NSTATUS Pin=U1-9
Added Net: Name=NSTATUS
Added Pin To Net: NetName=SYSCLK Pin=R2-2
Added Pin To Net: NetName=SYSCLK Pin=U1-23
Added Net: Name=SYSCLK
Added Pin To Net: NetName=TCK Pin=JTAG-1
Added Pin To Net: NetName=TCK Pin=R10-1
Added Pin To Net: NetName=TCK Pin=U1-16
Added Net: Name=TCK
Added Pin To Net: NetName=TDI Pin=JTAG-9
Added Pin To Net: NetName=TDI Pin=R8-1
Added Pin To Net: NetName=TDI Pin=U1-15
Added Net: Name=TDI
Added Pin To Net: NetName=TDO Pin=JTAG-3
Added Pin To Net: NetName=TDO Pin=R9-1
Added Pin To Net: NetName=TDO Pin=U1-20
Added Net: Name=TDO
Added Pin To Net: NetName=TMS Pin=JTAG-5
Added Pin To Net: NetName=TMS Pin=R7-1
Added Pin To Net: NetName=TMS Pin=U1-18
Added Net: Name=TMS
