Removed Pin From Net: NetName=GND Pin=P10-1
Removed Pin From Net: NetName=GND Pin=P10-3
Removed Pin From Net: NetName=GND Pin=P10-5
Removed Pin From Net: NetName=GND Pin=P10-7
Removed Pin From Net: NetName=GND Pin=P10-9
Removed Pin From Net: NetName=GND Pin=P10-11
Removed Pin From Net: NetName=GND Pin=P10-13
Removed Pin From Net: NetName=GND Pin=P11-1
Removed Pin From Net: NetName=GND Pin=P11-3
Removed Pin From Net: NetName=GND Pin=P11-5
Removed Pin From Net: NetName=GND Pin=P11-7
Removed Pin From Net: NetName=GND Pin=P11-9
Added Pin To Net: NetName=GND Pin=P10-2
Added Pin To Net: NetName=GND Pin=P10-4
Added Pin To Net: NetName=GND Pin=P10-6
Added Pin To Net: NetName=GND Pin=P10-8
Added Pin To Net: NetName=GND Pin=P10-10
Added Pin To Net: NetName=GND Pin=P10-12
Added Pin To Net: NetName=GND Pin=P10-14
Added Pin To Net: NetName=GND Pin=P11-2
Added Pin To Net: NetName=GND Pin=P11-4
Added Pin To Net: NetName=GND Pin=P11-6
Added Pin To Net: NetName=GND Pin=P11-8
Added Pin To Net: NetName=GND Pin=P11-10
Added Pin To Net: NetName=NetP10_1 Pin=P10-1
Added Pin To Net: NetName=NetP10_1 Pin=R7-1
Added Net: Name=NetP10_1
Added Pin To Net: NetName=NetP10_3 Pin=P10-3
Added Pin To Net: NetName=NetP10_3 Pin=R8-1
Added Net: Name=NetP10_3
Added Pin To Net: NetName=NetP10_5 Pin=P10-5
Added Pin To Net: NetName=NetP10_5 Pin=R9-1
Added Net: Name=NetP10_5
Added Pin To Net: NetName=NetP10_7 Pin=P10-7
Added Pin To Net: NetName=NetP10_7 Pin=R10-1
Added Net: Name=NetP10_7
Added Pin To Net: NetName=NetP10_9 Pin=P10-9
Added Pin To Net: NetName=NetP10_9 Pin=R11-1
Added Net: Name=NetP10_9
Added Pin To Net: NetName=NetP10_11 Pin=P10-11
Added Pin To Net: NetName=NetP10_11 Pin=R12-1
Added Net: Name=NetP10_11
Added Pin To Net: NetName=NetP10_13 Pin=P10-13
Added Pin To Net: NetName=NetP10_13 Pin=R13-1
Added Net: Name=NetP10_13
Added Pin To Net: NetName=NetP11_1 Pin=P11-1
Added Pin To Net: NetName=NetP11_1 Pin=R14-1
Added Net: Name=NetP11_1
Added Pin To Net: NetName=NetP11_3 Pin=P11-3
Added Pin To Net: NetName=NetP11_3 Pin=R15-1
Added Net: Name=NetP11_3
Added Pin To Net: NetName=NetP11_5 Pin=P11-5
Added Pin To Net: NetName=NetP11_5 Pin=R16-1
Added Net: Name=NetP11_5
Added Pin To Net: NetName=NetP11_7 Pin=P11-7
Added Pin To Net: NetName=NetP11_7 Pin=R17-1
Added Net: Name=NetP11_7
