Added Component: Designator=C1(CD-5mm)
Added Component: Designator=C2(CD-3mm)
Added Component: Designator=C3(CD-2.2mm)
Added Component: Designator=C4(CD-2.2mm)
Added Component: Designator=C5(独石电容)
Added Component: Designator=C6(独石电容)
Added Component: Designator=C7(CD-5mm)
Added Component: Designator=C8(CD-3mm)
Added Component: Designator=C9(独石电容)
Added Component: Designator=C10(独石电容)
Added Component: Designator=C11(安规电容)
Added Component: Designator=C12(CD-7.6mm)
Added Component: Designator=C13(CD-7.6mm)
Added Component: Designator=C14(CD-3mm)
Added Component: Designator=C15(独石电容)
Added Component: Designator=C16(CD-3mm)
Added Component: Designator=C17(CD-2.2mm)
Added Component: Designator=C18(CD-5mm)
Added Component: Designator=C19(CD-3mm)
Added Component: Designator=C20(独石电容)
Added Component: Designator=C21(独石电容)
Added Component: Designator=C22(CD-2.2mm)
Added Component: Designator=C23(CD-5mm)
Added Component: Designator=C24(独石电容)
Added Component: Designator=C25(独石电容)
Added Component: Designator=C26(安规电容)
Added Component: Designator=C27(CD-7.6mm)
Added Component: Designator=C28(CD-7.6mm)
Added Component: Designator=C29(CD-3mm)
Added Component: Designator=C30(独石电容)
Added Component: Designator=C31(CD-2.2mm)
Added Component: Designator=C32(CD-2.2mm)
Added Component: Designator=C33(CD-2.2mm)
Added Component: Designator=C34(CD-2.2mm)
Added Component: Designator=C35(CD-2.2mm)
Added Component: Designator=C36(CD-5mm)
Added Component: Designator=C37(CD-3mm)
Added Component: Designator=C38(CD-5mm)
Added Component: Designator=C39(CD-3mm)
Added Component: Designator=C40(独石电容)
Added Component: Designator=C41(独石电容)
Added Component: Designator=C42(独石电容)
Added Component: Designator=C43(独石电容)
Added Component: Designator=C44(CD-5mm)
Added Component: Designator=C45(CD-3mm)
Added Component: Designator=C46(CD-2.2mm)
Added Component: Designator=C47(CD-5mm)
Added Component: Designator=C48(独石电容)
Added Component: Designator=C49(独石电容)
Added Component: Designator=C50(CD-5mm)
Added Component: Designator=C51(CD-3mm)
Added Component: Designator=C52(独石电容)
Added Component: Designator=C53(CD-5mm)
Added Component: Designator=C54(独石电容)
Added Component: Designator=C55(CD-2.2mm)
Added Component: Designator=C56(CD-2.2mm)
Added Component: Designator=C57(CD-2.2mm)
Added Component: Designator=C58(CD-2.2mm)
Added Component: Designator=D1(0805_s)
Added Component: Designator=D2(0805_s)
Added Component: Designator=H1(KF128-5.08-3P)
Added Component: Designator=H2(KF128-5.08-2P)
Added Component: Designator=H3(KF128-5.08-3P)
Added Component: Designator=H4(KF128-5.08-3P)
Added Component: Designator=H5(KF128-5.08-2P)
Added Component: Designator=L1(功率电感-12x12 - duplicate)
Added Component: Designator=L2(功率电感-12x12 - duplicate)
Added Component: Designator=L3(功率电感-12x12 - duplicate)
Added Component: Designator=L4(功率电感-12x12 - duplicate)
Added Component: Designator=L5(功率电感-12x12 - duplicate)
Added Component: Designator=L6(功率电感-12x12 - duplicate)
Added Component: Designator=L7(功率电感-12x12 - duplicate)
Added Component: Designator=L8(功率电感-12x12 - duplicate)
Added Component: Designator=L9(功率电感-12x12 - duplicate)
Added Component: Designator=L10(功率电感-12x12 - duplicate)
Added Component: Designator=L11(功率电感-12x12 - duplicate)
Added Component: Designator=L12(功率电感-12x12 - duplicate)
Added Component: Designator=L13(功率电感-12x12 - duplicate)
Added Component: Designator=L14(功率电感-12x12 - duplicate)
Added Component: Designator=L15(功率电感-12x12 - duplicate)
Added Component: Designator=L16(功率电感-12x12 - duplicate)
Added Component: Designator=P1(VH3.96-4P)
Added Component: Designator=P2(XH2.54-3p)
Added Component: Designator=P3(Power_S_2Port)
Added Component: Designator=P4(VH3.96-4P)
Added Component: Designator=P5(XH2.54-3p)
Added Component: Designator=P6(Power_S_2Port)
Added Component: Designator=P7(VH3.96-4P)
Added Component: Designator=P8(XH2.54-3p)
Added Component: Designator=P9(Power_S_2Port)
Added Component: Designator=P10(VH3.96-4P)
Added Component: Designator=P11(Power_S_2Port)
Added Component: Designator=P12(XH2.54-3p)
Added Component: Designator=P13(VH3.96-4P)
Added Component: Designator=P14(XH2.54-3p)
Added Component: Designator=P15(Power_S_2Port)
Added Component: Designator=P16(VH3.96-4P)
Added Component: Designator=P17(XH2.54-3p)
Added Component: Designator=P18(Power_S_2Port)
Added Component: Designator=P19(VH3.96-4P)
Added Component: Designator=P20(XH2.54-3p)
Added Component: Designator=P21(Power_S_2Port)
Added Component: Designator=P22(VH3.96-4P)
Added Component: Designator=P23(Power_S_2Port)
Added Component: Designator=P24(XH2.54-3p)
Added Component: Designator=P25(VH3.96-4P)
Added Component: Designator=P26(VH3.96-4P)
Added Component: Designator=P27(VH3.96-4P)
Added Component: Designator=P28(VH3.96-4P)
Added Component: Designator=P29(VH3.96-4P)
Added Component: Designator=P30(VH3.96-4P)
Added Component: Designator=P31(VH3.96-4P)
Added Component: Designator=P32(VH3.96-4P)
Added Component: Designator=P33(VH3.96-4P)
Added Component: Designator=R1(0805)
Added Component: Designator=R2(0805)
Added Component: Designator=R3(电位器)
Added Component: Designator=R4(电位器)
Added Component: Designator=R5(0805)
Added Component: Designator=R6(电位器)
Added Component: Designator=R7(电位器)
Added Component: Designator=R8(0805)
Added Component: Designator=R9(0805)
Added Component: Designator=R10(0805)
Added Component: Designator=R11(0805)
Added Component: Designator=R12(0805)
Added Component: Designator=R13(电位器)
Added Component: Designator=R14(电位器)
Added Component: Designator=R15(电位器)
Added Component: Designator=R16(电位器)
Added Component: Designator=R17(0805)
Added Component: Designator=R18(0805)
Added Component: Designator=S1(SWITCH)
Added Component: Designator=S2(SWITCH)
Added Component: Designator=U1(TO-220)
Added Component: Designator=U2(TO-220)
Added Component: Designator=U3(TO-220)
Added Component: Designator=U4(TO-220)
Added Component: Designator=U5(TO-220)
Added Component: Designator=U6(TO-220)
Added Component: Designator=U7(TO-220)
Added Component: Designator=U8(TO-220)
Added Component: Designator=U9(TO-220)
Added Component: Designator=U10(TO-220)
Added Component: Designator=U11(TO-220)
Added Component: Designator=U12(TO-220)
Added Component: Designator=U13(TO-220)
Added Component: Designator=U14(TO-220)
Added Component: Designator=Z1(整流桥)
Added Component: Designator=Z2(整流桥)
Added Pin To Net: NetName=GND2 Pin=C1-2
Added Pin To Net: NetName=NetC2_1 Pin=C2-1
Added Pin To Net: NetName=NetC2_2 Pin=C2-2
Added Pin To Net: NetName=NetC3_1 Pin=C3-1
Added Pin To Net: NetName=GND1 Pin=C3-2
Added Pin To Net: NetName=NetC4_1 Pin=C4-1
Added Pin To Net: NetName=NetC4_2 Pin=C4-2
Added Pin To Net: NetName=GND2 Pin=C5-1
Added Pin To Net: NetName=NetC2_2 Pin=C6-1
Added Pin To Net: NetName=NetC2_1 Pin=C6-2
Added Pin To Net: NetName=GND1 Pin=C7-2
Added Pin To Net: NetName=NetC8_1 Pin=C8-1
Added Pin To Net: NetName=GND-HIGH_ADJ Pin=C8-2
Added Pin To Net: NetName=GND1 Pin=C9-1
Added Pin To Net: NetName=GND-HIGH_ADJ Pin=C10-1
Added Pin To Net: NetName=NetC8_1 Pin=C10-2
Added Pin To Net: NetName=NetC11_1 Pin=C11-1
Added Pin To Net: NetName=NetC11_2 Pin=C11-2
Added Pin To Net: NetName=NetC12_1 Pin=C12-1
Added Pin To Net: NetName=NetC12_2 Pin=C12-2
Added Pin To Net: NetName=NetC12_1 Pin=C13-1
Added Pin To Net: NetName=NetC12_2 Pin=C13-2
Added Pin To Net: NetName=POW1+ Pin=C14-1
Added Pin To Net: NetName=POW1- Pin=C14-2
Added Pin To Net: NetName=POW1- Pin=C15-1
Added Pin To Net: NetName=POW1+ Pin=C15-2
Added Pin To Net: NetName=NetC2_2 Pin=C16-1
Added Pin To Net: NetName=NetC16_2 Pin=C16-2
Added Pin To Net: NetName=GND1 Pin=C17-1
Added Pin To Net: NetName=NetC17_2 Pin=C17-2
Added Pin To Net: NetName=GND1 Pin=C18-1
Added Pin To Net: NetName=GND-HIGH_ADJ Pin=C19-1
Added Pin To Net: NetName=NetC19_2 Pin=C19-2
Added Pin To Net: NetName=NetC16_2 Pin=C20-1
Added Pin To Net: NetName=NetC2_2 Pin=C20-2
Added Pin To Net: NetName=NetC19_2 Pin=C21-1
Added Pin To Net: NetName=GND-HIGH_ADJ Pin=C21-2
Added Pin To Net: NetName=NetC4_2 Pin=C22-1
Added Pin To Net: NetName=NetC22_2 Pin=C22-2
Added Pin To Net: NetName=GND2 Pin=C23-1
Added Pin To Net: NetName=GND1 Pin=C24-2
Added Pin To Net: NetName=GND2 Pin=C25-2
Added Pin To Net: NetName=NetC26_1 Pin=C26-1
Added Pin To Net: NetName=NetC26_2 Pin=C26-2
Added Pin To Net: NetName=NetC27_1 Pin=C27-1
Added Pin To Net: NetName=NetC27_2 Pin=C27-2
Added Pin To Net: NetName=NetC27_1 Pin=C28-1
Added Pin To Net: NetName=NetC27_2 Pin=C28-2
Added Pin To Net: NetName=POW2+ Pin=C29-1
Added Pin To Net: NetName=POW2- Pin=C29-2
Added Pin To Net: NetName=POW2- Pin=C30-1
Added Pin To Net: NetName=POW2+ Pin=C30-2
Added Pin To Net: NetName=NetC31_1 Pin=C31-1
Added Pin To Net: NetName=GND_ALPHA Pin=C31-2
Added Pin To Net: NetName=+12 Pin=C32-1
Added Pin To Net: NetName=GND_ALPHA Pin=C32-2
Added Pin To Net: NetName=+9 Pin=C33-1
Added Pin To Net: NetName=GND_ALPHA Pin=C33-2
Added Pin To Net: NetName=+5 Pin=C34-1
Added Pin To Net: NetName=GND_ALPHA Pin=C34-2
Added Pin To Net: NetName=NetC35_1 Pin=C35-1
Added Pin To Net: NetName=GND3 Pin=C35-2
Added Pin To Net: NetName=GND3 Pin=C36-2
Added Pin To Net: NetName=NetC31_1 Pin=C37-1
Added Pin To Net: NetName=GND_ALPHA Pin=C37-2
Added Pin To Net: NetName=GND4 Pin=C38-2
Added Pin To Net: NetName=NetC39_1 Pin=C39-1
Added Pin To Net: NetName=NetC39_2 Pin=C39-2
Added Pin To Net: NetName=GND3 Pin=C40-1
Added Pin To Net: NetName=GND_ALPHA Pin=C41-1
Added Pin To Net: NetName=NetC31_1 Pin=C41-2
Added Pin To Net: NetName=GND4 Pin=C42-1
Added Pin To Net: NetName=NetC39_2 Pin=C43-1
Added Pin To Net: NetName=NetC39_1 Pin=C43-2
Added Pin To Net: NetName=NetC44_1 Pin=C44-1
Added Pin To Net: NetName=GND4 Pin=C44-2
Added Pin To Net: NetName=GND_ALPHA Pin=C45-1
Added Pin To Net: NetName=NetC45_2 Pin=C45-2
Added Pin To Net: NetName=GND3 Pin=C46-1
Added Pin To Net: NetName=NetC46_2 Pin=C46-2
Added Pin To Net: NetName=GND3 Pin=C47-1
Added Pin To Net: NetName=GND3 Pin=C48-2
Added Pin To Net: NetName=NetC45_2 Pin=C49-1
Added Pin To Net: NetName=GND_ALPHA Pin=C49-2
Added Pin To Net: NetName=GND4 Pin=C50-1
Added Pin To Net: NetName=NetC39_2 Pin=C51-1
Added Pin To Net: NetName=NetC51_2 Pin=C51-2
Added Pin To Net: NetName=NetC51_2 Pin=C52-1
Added Pin To Net: NetName=NetC39_2 Pin=C52-2
Added Pin To Net: NetName=GND4 Pin=C53-1
Added Pin To Net: NetName=NetC53_2 Pin=C53-2
Added Pin To Net: NetName=GND4 Pin=C54-2
Added Pin To Net: NetName=GND_ALPHA Pin=C55-1
Added Pin To Net: NetName=NetC45_2 Pin=C55-2
Added Pin To Net: NetName=GND_ALPHA Pin=C56-1
Added Pin To Net: NetName=-12 Pin=C56-2
Added Pin To Net: NetName=GND_ALPHA Pin=C57-1
Added Pin To Net: NetName=-9 Pin=C57-2
Added Pin To Net: NetName=-5 Pin=C58-1
Added Pin To Net: NetName=-9 Pin=C58-2
Added Pin To Net: NetName=NetD1_1 Pin=D1-1
Added Pin To Net: NetName=POW1+ Pin=D1-2
Added Pin To Net: NetName=NetD2_1 Pin=D2-1
Added Pin To Net: NetName=POW2+ Pin=D2-2
Added Pin To Net: NetName=NetC8_1 Pin=H1-1
Added Pin To Net: NetName=GND-HIGH_ADJ Pin=H1-2
Added Pin To Net: NetName=NetC19_2 Pin=H1-3
Added Pin To Net: NetName=NetC11_1 Pin=H2-1
Added Pin To Net: NetName=NetC11_2 Pin=H2-2
Added Pin To Net: NetName=NetC8_1 Pin=H3-1
Added Pin To Net: NetName=GND-HIGH_ADJ Pin=H3-2
Added Pin To Net: NetName=NetC19_2 Pin=H3-3
Added Pin To Net: NetName=NetC8_1 Pin=H4-1
Added Pin To Net: NetName=GND-HIGH_ADJ Pin=H4-2
Added Pin To Net: NetName=NetC19_2 Pin=H4-3
Added Pin To Net: NetName=NetC26_1 Pin=H5-1
Added Pin To Net: NetName=NetC26_2 Pin=H5-2
Added Pin To Net: NetName=NetC2_1 Pin=L1-2
Added Pin To Net: NetName=NetC8_1 Pin=L2-2
Added Pin To Net: NetName=NetL3_1 Pin=L3-1
Added Pin To Net: NetName=POW1+ Pin=L3-2
Added Pin To Net: NetName=GND2 Pin=L4-1
Added Pin To Net: NetName=NetC2_2 Pin=L4-2
Added Pin To Net: NetName=GND1 Pin=L5-1
Added Pin To Net: NetName=GND-HIGH_ADJ Pin=L5-2
Added Pin To Net: NetName=NetL6_1 Pin=L6-1
Added Pin To Net: NetName=POW1- Pin=L6-2
Added Pin To Net: NetName=NetC19_2 Pin=L7-2
Added Pin To Net: NetName=NetC16_2 Pin=L8-2
Added Pin To Net: NetName=NetL9_1 Pin=L9-1
Added Pin To Net: NetName=POW2+ Pin=L9-2
Added Pin To Net: NetName=NetL10_1 Pin=L10-1
Added Pin To Net: NetName=POW2- Pin=L10-2
Added Pin To Net: NetName=NetC31_1 Pin=L11-2
Added Pin To Net: NetName=NetC39_1 Pin=L12-2
Added Pin To Net: NetName=GND3 Pin=L13-1
Added Pin To Net: NetName=GND_ALPHA Pin=L13-2
Added Pin To Net: NetName=GND4 Pin=L14-1
Added Pin To Net: NetName=NetC39_2 Pin=L14-2
Added Pin To Net: NetName=NetC45_2 Pin=L15-2
Added Pin To Net: NetName=NetC51_2 Pin=L16-2
Added Pin To Net: NetName=NetC2_1 Pin=P1-1
Added Pin To Net: NetName=NetC2_2 Pin=P1-2
Added Pin To Net: NetName=NetC2_2 Pin=P1-3
Added Pin To Net: NetName=NetC16_2 Pin=P1-4
Added Pin To Net: NetName=NetC2_1 Pin=P2-1
Added Pin To Net: NetName=NetC2_2 Pin=P2-2
Added Pin To Net: NetName=NetC16_2 Pin=P2-3
Added Pin To Net: NetName=NetC2_1 Pin=P3-1
Added Pin To Net: NetName=NetC2_2 Pin=P3-2
Added Pin To Net: NetName=NetC2_1 Pin=P4-1
Added Pin To Net: NetName=NetC2_2 Pin=P4-2
Added Pin To Net: NetName=NetC2_2 Pin=P4-3
Added Pin To Net: NetName=NetC16_2 Pin=P4-4
Added Pin To Net: NetName=NetC2_1 Pin=P5-1
Added Pin To Net: NetName=NetC2_2 Pin=P5-2
Added Pin To Net: NetName=NetC16_2 Pin=P5-3
Added Pin To Net: NetName=NetC2_1 Pin=P6-1
Added Pin To Net: NetName=NetC2_2 Pin=P6-2
Added Pin To Net: NetName=NetC2_1 Pin=P7-1
Added Pin To Net: NetName=NetC2_2 Pin=P7-2
Added Pin To Net: NetName=NetC2_2 Pin=P7-3
Added Pin To Net: NetName=NetC16_2 Pin=P7-4
Added Pin To Net: NetName=NetC2_1 Pin=P8-1
Added Pin To Net: NetName=NetC2_2 Pin=P8-2
Added Pin To Net: NetName=NetC16_2 Pin=P8-3
Added Pin To Net: NetName=NetC2_1 Pin=P9-1
Added Pin To Net: NetName=NetC2_2 Pin=P9-2
Added Pin To Net: NetName=NetC2_1 Pin=P10-1
Added Pin To Net: NetName=NetC2_2 Pin=P10-2
Added Pin To Net: NetName=NetC2_2 Pin=P10-3
Added Pin To Net: NetName=NetC16_2 Pin=P10-4
Added Pin To Net: NetName=NetC2_1 Pin=P11-1
Added Pin To Net: NetName=NetC2_2 Pin=P11-2
Added Pin To Net: NetName=NetC2_1 Pin=P12-1
Added Pin To Net: NetName=NetC2_2 Pin=P12-2
Added Pin To Net: NetName=NetC16_2 Pin=P12-3
Added Pin To Net: NetName=NetC39_1 Pin=P13-1
Added Pin To Net: NetName=NetC39_2 Pin=P13-2
Added Pin To Net: NetName=NetC39_2 Pin=P13-3
Added Pin To Net: NetName=NetC51_2 Pin=P13-4
Added Pin To Net: NetName=NetC39_1 Pin=P14-1
Added Pin To Net: NetName=NetC39_2 Pin=P14-2
Added Pin To Net: NetName=NetC51_2 Pin=P14-3
Added Pin To Net: NetName=NetC39_1 Pin=P15-1
Added Pin To Net: NetName=NetC39_2 Pin=P15-2
Added Pin To Net: NetName=NetC39_1 Pin=P16-1
Added Pin To Net: NetName=NetC39_2 Pin=P16-2
Added Pin To Net: NetName=NetC39_2 Pin=P16-3
Added Pin To Net: NetName=NetC51_2 Pin=P16-4
Added Pin To Net: NetName=NetC39_1 Pin=P17-1
Added Pin To Net: NetName=NetC39_2 Pin=P17-2
Added Pin To Net: NetName=NetC51_2 Pin=P17-3
Added Pin To Net: NetName=NetC39_1 Pin=P18-1
Added Pin To Net: NetName=NetC39_2 Pin=P18-2
Added Pin To Net: NetName=NetC39_1 Pin=P19-1
Added Pin To Net: NetName=NetC39_2 Pin=P19-2
Added Pin To Net: NetName=NetC39_2 Pin=P19-3
Added Pin To Net: NetName=NetC51_2 Pin=P19-4
Added Pin To Net: NetName=NetC39_1 Pin=P20-1
Added Pin To Net: NetName=NetC39_2 Pin=P20-2
Added Pin To Net: NetName=NetC51_2 Pin=P20-3
Added Pin To Net: NetName=NetC39_1 Pin=P21-1
Added Pin To Net: NetName=NetC39_2 Pin=P21-2
Added Pin To Net: NetName=NetC39_1 Pin=P22-1
Added Pin To Net: NetName=NetC39_2 Pin=P22-2
Added Pin To Net: NetName=NetC39_2 Pin=P22-3
Added Pin To Net: NetName=NetC51_2 Pin=P22-4
Added Pin To Net: NetName=NetC39_1 Pin=P23-1
Added Pin To Net: NetName=NetC39_2 Pin=P23-2
Added Pin To Net: NetName=NetC39_1 Pin=P24-1
Added Pin To Net: NetName=NetC39_2 Pin=P24-2
Added Pin To Net: NetName=NetC51_2 Pin=P24-3
Added Pin To Net: NetName=+12 Pin=P25-1
Added Pin To Net: NetName=GND_ALPHA Pin=P25-2
Added Pin To Net: NetName=GND_ALPHA Pin=P25-3
Added Pin To Net: NetName=-12 Pin=P25-4
Added Pin To Net: NetName=+9 Pin=P26-1
Added Pin To Net: NetName=GND_ALPHA Pin=P26-2
Added Pin To Net: NetName=GND_ALPHA Pin=P26-3
Added Pin To Net: NetName=-9 Pin=P26-4
Added Pin To Net: NetName=+5 Pin=P27-1
Added Pin To Net: NetName=GND_ALPHA Pin=P27-2
Added Pin To Net: NetName=GND_ALPHA Pin=P27-3
Added Pin To Net: NetName=-5 Pin=P27-4
Added Pin To Net: NetName=+12 Pin=P28-1
Added Pin To Net: NetName=GND_ALPHA Pin=P28-2
Added Pin To Net: NetName=GND_ALPHA Pin=P28-3
Added Pin To Net: NetName=-12 Pin=P28-4
Added Pin To Net: NetName=+5 Pin=P29-1
Added Pin To Net: NetName=GND_ALPHA Pin=P29-2
Added Pin To Net: NetName=GND_ALPHA Pin=P29-3
Added Pin To Net: NetName=-5 Pin=P29-4
Added Pin To Net: NetName=+9 Pin=P30-1
Added Pin To Net: NetName=GND_ALPHA Pin=P30-2
Added Pin To Net: NetName=GND_ALPHA Pin=P30-3
Added Pin To Net: NetName=-9 Pin=P30-4
Added Pin To Net: NetName=+12 Pin=P31-1
Added Pin To Net: NetName=GND_ALPHA Pin=P31-2
Added Pin To Net: NetName=GND_ALPHA Pin=P31-3
Added Pin To Net: NetName=-12 Pin=P31-4
Added Pin To Net: NetName=+5 Pin=P32-1
Added Pin To Net: NetName=GND_ALPHA Pin=P32-2
Added Pin To Net: NetName=GND_ALPHA Pin=P32-3
Added Pin To Net: NetName=-5 Pin=P32-4
Added Pin To Net: NetName=+9 Pin=P33-1
Added Pin To Net: NetName=GND_ALPHA Pin=P33-2
Added Pin To Net: NetName=GND_ALPHA Pin=P33-3
Added Pin To Net: NetName=-9 Pin=P33-4
Added Pin To Net: NetName=NetC3_1 Pin=R1-1
Added Pin To Net: NetName=NetC4_1 Pin=R2-1
Added Pin To Net: NetName=GND1 Pin=R3-2
Added Pin To Net: NetName=NetC3_1 Pin=R3-3
Added Pin To Net: NetName=GND2 Pin=R4-2
Added Pin To Net: NetName=NetC4_1 Pin=R4-3
Added Pin To Net: NetName=POW1- Pin=R5-1
Added Pin To Net: NetName=NetD1_1 Pin=R5-2
Added Pin To Net: NetName=NetC17_2 Pin=R6-1
Added Pin To Net: NetName=GND1 Pin=R6-2
Added Pin To Net: NetName=NetC22_2 Pin=R7-1
Added Pin To Net: NetName=GND2 Pin=R7-2
Added Pin To Net: NetName=NetC17_2 Pin=R8-2
Added Pin To Net: NetName=NetC22_2 Pin=R9-2
Added Pin To Net: NetName=NetC35_1 Pin=R10-1
Added Pin To Net: NetName=POW2- Pin=R11-1
Added Pin To Net: NetName=NetD2_1 Pin=R11-2
Added Pin To Net: NetName=NetC44_1 Pin=R12-1
Added Pin To Net: NetName=GND3 Pin=R13-2
Added Pin To Net: NetName=NetC35_1 Pin=R13-3
Added Pin To Net: NetName=GND4 Pin=R14-2
Added Pin To Net: NetName=NetC44_1 Pin=R14-3
Added Pin To Net: NetName=NetC46_2 Pin=R15-1
Added Pin To Net: NetName=GND3 Pin=R15-2
Added Pin To Net: NetName=NetC53_2 Pin=R16-1
Added Pin To Net: NetName=GND4 Pin=R16-2
Added Pin To Net: NetName=NetC46_2 Pin=R17-2
Added Pin To Net: NetName=NetC53_2 Pin=R18-2
Added Pin To Net: NetName=NetL3_1 Pin=S1-1
Added Pin To Net: NetName=NetC12_1 Pin=S1-2
Added Pin To Net: NetName=NetL6_1 Pin=S1-6
Added Pin To Net: NetName=NetC27_2 Pin=S2-2
Added Pin To Net: NetName=NetL10_1 Pin=S2-3
Added Pin To Net: NetName=NetL9_1 Pin=S2-4
Added Pin To Net: NetName=NetC27_1 Pin=S2-5
Added Pin To Net: NetName=NetC3_1 Pin=U1-1
Added Pin To Net: NetName=POW1+ Pin=U1-3
Added Pin To Net: NetName=NetC4_1 Pin=U2-1
Added Pin To Net: NetName=POW1+ Pin=U2-3
Added Pin To Net: NetName=NetC17_2 Pin=U3-1
Added Pin To Net: NetName=POW1- Pin=U3-2
Added Pin To Net: NetName=NetC22_2 Pin=U4-1
Added Pin To Net: NetName=POW1- Pin=U4-2
Added Pin To Net: NetName=NetC35_1 Pin=U5-1
Added Pin To Net: NetName=POW2+ Pin=U5-3
Added Pin To Net: NetName=NetC44_1 Pin=U6-1
Added Pin To Net: NetName=POW2+ Pin=U6-3
Added Pin To Net: NetName=NetC31_1 Pin=U7-1
Added Pin To Net: NetName=GND_ALPHA Pin=U7-2
Added Pin To Net: NetName=+12 Pin=U7-3
Added Pin To Net: NetName=+12 Pin=U8-1
Added Pin To Net: NetName=GND_ALPHA Pin=U8-2
Added Pin To Net: NetName=+9 Pin=U8-3
Added Pin To Net: NetName=+9 Pin=U9-1
Added Pin To Net: NetName=GND_ALPHA Pin=U9-2
Added Pin To Net: NetName=+5 Pin=U9-3
Added Pin To Net: NetName=GND_ALPHA Pin=U10-1
Added Pin To Net: NetName=NetC45_2 Pin=U10-2
Added Pin To Net: NetName=-12 Pin=U10-3
Added Pin To Net: NetName=GND_ALPHA Pin=U11-1
Added Pin To Net: NetName=-12 Pin=U11-2
Added Pin To Net: NetName=-9 Pin=U11-3
Added Pin To Net: NetName=GND_ALPHA Pin=U12-1
Added Pin To Net: NetName=-9 Pin=U12-2
Added Pin To Net: NetName=-5 Pin=U12-3
Added Pin To Net: NetName=NetC46_2 Pin=U13-1
Added Pin To Net: NetName=POW2- Pin=U13-2
Added Pin To Net: NetName=NetC53_2 Pin=U14-1
Added Pin To Net: NetName=POW2- Pin=U14-2
Added Pin To Net: NetName=NetC12_1 Pin=Z1-1
Added Pin To Net: NetName=NetC11_2 Pin=Z1-2
Added Pin To Net: NetName=NetC11_1 Pin=Z1-3
Added Pin To Net: NetName=NetC12_2 Pin=Z1-4
Added Pin To Net: NetName=NetC27_1 Pin=Z2-1
Added Pin To Net: NetName=NetC26_2 Pin=Z2-2
Added Pin To Net: NetName=NetC26_1 Pin=Z2-3
Added Pin To Net: NetName=NetC27_2 Pin=Z2-4
Added Pin To Net: NetName=NetC1_1 Pin=C1-1
Added Pin To Net: NetName=NetC1_1 Pin=C5-2
Added Pin To Net: NetName=NetC1_1 Pin=L1-1
Added Pin To Net: NetName=NetC1_1 Pin=R2-2
Added Pin To Net: NetName=NetC1_1 Pin=U2-2
Added Net: Name=NetC1_1
Added Pin To Net: NetName=NetC7_1 Pin=C7-1
Added Pin To Net: NetName=NetC7_1 Pin=C9-2
Added Pin To Net: NetName=NetC7_1 Pin=L2-1
Added Pin To Net: NetName=NetC7_1 Pin=R1-2
Added Pin To Net: NetName=NetC7_1 Pin=U1-2
Added Net: Name=NetC7_1
Added Pin To Net: NetName=NetC18_2 Pin=C18-2
Added Pin To Net: NetName=NetC18_2 Pin=C24-1
Added Pin To Net: NetName=NetC18_2 Pin=L7-1
Added Pin To Net: NetName=NetC18_2 Pin=R8-1
Added Pin To Net: NetName=NetC18_2 Pin=U3-3
Added Net: Name=NetC18_2
Added Pin To Net: NetName=NetC23_2 Pin=C23-2
Added Pin To Net: NetName=NetC23_2 Pin=C25-1
Added Pin To Net: NetName=NetC23_2 Pin=L8-1
Added Pin To Net: NetName=NetC23_2 Pin=R9-1
Added Pin To Net: NetName=NetC23_2 Pin=U4-3
Added Net: Name=NetC23_2
Added Pin To Net: NetName=NetC36_1 Pin=C36-1
Added Pin To Net: NetName=NetC36_1 Pin=C40-2
Added Pin To Net: NetName=NetC36_1 Pin=L11-1
Added Pin To Net: NetName=NetC36_1 Pin=R10-2
Added Pin To Net: NetName=NetC36_1 Pin=U5-2
Added Net: Name=NetC36_1
Added Pin To Net: NetName=NetC38_1 Pin=C38-1
Added Pin To Net: NetName=NetC38_1 Pin=C42-2
Added Pin To Net: NetName=NetC38_1 Pin=L12-1
Added Pin To Net: NetName=NetC38_1 Pin=R12-2
Added Pin To Net: NetName=NetC38_1 Pin=U6-2
Added Net: Name=NetC38_1
Added Pin To Net: NetName=NetC47_2 Pin=C47-2
Added Pin To Net: NetName=NetC47_2 Pin=C48-1
Added Pin To Net: NetName=NetC47_2 Pin=L15-1
Added Pin To Net: NetName=NetC47_2 Pin=R17-1
Added Pin To Net: NetName=NetC47_2 Pin=U13-3
Added Net: Name=NetC47_2
Added Pin To Net: NetName=NetC50_2 Pin=C50-2
Added Pin To Net: NetName=NetC50_2 Pin=C54-1
Added Pin To Net: NetName=NetC50_2 Pin=L16-1
Added Pin To Net: NetName=NetC50_2 Pin=R18-1
Added Pin To Net: NetName=NetC50_2 Pin=U14-3
Added Net: Name=NetC50_2
