Change Component Designator: Old Designator=B3 New Designator=B5
Change Component Designator: Old Designator=B4 New Designator=B6
Change Component Designator: Old Designator=B5 New Designator=B3
Change Component Designator: Old Designator=B6 New Designator=B4
Change Component Designator: Old Designator=C1 New Designator=C11
Change Component Designator: Old Designator=C2 New Designator=C26
Change Component Designator: Old Designator=C3 New Designator=C12
Change Component Designator: Old Designator=C4 New Designator=C13
Change Component Designator: Old Designator=C5 New Designator=C27
Change Component Designator: Old Designator=C6 New Designator=C28
Change Component Designator: Old Designator=C7 New Designator=C14
Change Component Designator: Old Designator=C8 New Designator=C29
Change Component Designator: Old Designator=C9 New Designator=C15
Change Component Designator: Old Designator=C10 New Designator=C30
Change Component Designator: Old Designator=C12 New Designator=C3
Change Component Designator: Old Designator=C13 New Designator=C4
Change Component Designator: Old Designator=C14 New Designator=C17
Change Component Designator: Old Designator=C15 New Designator=C22
Change Component Designator: Old Designator=C16 New Designator=C35
Change Component Designator: Old Designator=C17 New Designator=C44
Change Component Designator: Old Designator=C18 New Designator=C46
Change Component Designator: Old Designator=C19 New Designator=C53
Change Component Designator: Old Designator=C20 New Designator=C7
Change Component Designator: Old Designator=C21 New Designator=C1
Change Component Designator: Old Designator=C22 New Designator=C18
Change Component Designator: Old Designator=C24 New Designator=C36
Change Component Designator: Old Designator=C25 New Designator=C38
Change Component Designator: Old Designator=C26 New Designator=C47
Change Component Designator: Old Designator=C27 New Designator=C50
Change Component Designator: Old Designator=C28 New Designator=C9
Change Component Designator: Old Designator=C29 New Designator=C24
Change Component Designator: Old Designator=C30 New Designator=C25
Change Component Designator: Old Designator=C31 New Designator=C5
Change Component Designator: Old Designator=C32 New Designator=C40
Change Component Designator: Old Designator=C33 New Designator=C42
Change Component Designator: Old Designator=C34 New Designator=C48
Change Component Designator: Old Designator=C35 New Designator=C54
Change Component Designator: Old Designator=C36 New Designator=C8
Change Component Designator: Old Designator=C37 New Designator=C19
Change Component Designator: Old Designator=C38 New Designator=C37
Change Component Designator: Old Designator=C39 New Designator=C45
Change Component Designator: Old Designator=C40 New Designator=C39
Change Component Designator: Old Designator=C41 New Designator=C51
Change Component Designator: Old Designator=C42 New Designator=C2
Change Component Designator: Old Designator=C43 New Designator=C16
Change Component Designator: Old Designator=C44 New Designator=C10
Change Component Designator: Old Designator=C45 New Designator=C21
Change Component Designator: Old Designator=C46 New Designator=C41
Change Component Designator: Old Designator=C47 New Designator=C49
Change Component Designator: Old Designator=C48 New Designator=C43
Change Component Designator: Old Designator=C49 New Designator=C52
Change Component Designator: Old Designator=C50 New Designator=C6
Change Component Designator: Old Designator=C51 New Designator=C20
Change Component Designator: Old Designator=C52 New Designator=C31
Change Component Designator: Old Designator=C53 New Designator=C32
Change Component Designator: Old Designator=C54 New Designator=C33
Change Component Designator: Old Designator=C55 New Designator=C34
Change Component Designator: Old Designator=C56 New Designator=C55
Change Component Designator: Old Designator=C57 New Designator=C56
Change Component Designator: Old Designator=C58 New Designator=C57
Change Component Designator: Old Designator=C59 New Designator=C58
Change Component Designator: Old Designator=H1 New Designator=H2
Change Component Designator: Old Designator=H2 New Designator=H5
Change Component Designator: Old Designator=H3 New Designator=H1
Change Component Designator: Old Designator=H4 New Designator=H3
Change Component Designator: Old Designator=H5 New Designator=H4
Change Component Designator: Old Designator=L1 New Designator=L3
Change Component Designator: Old Designator=L2 New Designator=L6
Change Component Designator: Old Designator=L3 New Designator=L9
Change Component Designator: Old Designator=L4 New Designator=L10
Change Component Designator: Old Designator=L5 New Designator=L2
Change Component Designator: Old Designator=L6 New Designator=L1
Change Component Designator: Old Designator=L7 New Designator=L5
Change Component Designator: Old Designator=L8 New Designator=L7
Change Component Designator: Old Designator=L9 New Designator=L8
Change Component Designator: Old Designator=L10 New Designator=L11
Change Component Designator: Old Designator=L11 New Designator=L12
Change Component Designator: Old Designator=L12 New Designator=L15
Change Component Designator: Old Designator=L13 New Designator=L16
Change Component Designator: Old Designator=L14 New Designator=L4
Change Component Designator: Old Designator=L15 New Designator=L13
Change Component Designator: Old Designator=L16 New Designator=L14
Change Component Designator: Old Designator=P1 New Designator=P7
Change Component Designator: Old Designator=P2 New Designator=P10
Change Component Designator: Old Designator=P3 New Designator=P4
Change Component Designator: Old Designator=P4 New Designator=P1
Change Component Designator: Old Designator=P5 New Designator=P25
Change Component Designator: Old Designator=P6 New Designator=P28
Change Component Designator: Old Designator=P7 New Designator=P26
Change Component Designator: Old Designator=P8 New Designator=P30
Change Component Designator: Old Designator=P9 New Designator=P27
Change Component Designator: Old Designator=P10 New Designator=P29
Change Component Designator: Old Designator=P11 New Designator=P31
Change Component Designator: Old Designator=P12 New Designator=P33
Change Component Designator: Old Designator=P13 New Designator=P32
Change Component Designator: Old Designator=P14 New Designator=P2
Change Component Designator: Old Designator=P15 New Designator=P5
Change Component Designator: Old Designator=P16 New Designator=P8
Change Component Designator: Old Designator=P17 New Designator=P12
Change Component Designator: Old Designator=P18 New Designator=P3
Change Component Designator: Old Designator=P19 New Designator=P6
Change Component Designator: Old Designator=P20 New Designator=P9
Change Component Designator: Old Designator=P21 New Designator=P11
Change Component Designator: Old Designator=P? New Designator=P13
Change Component Designator: Old Designator=P? New Designator=P14
Change Component Designator: Old Designator=P? New Designator=P15
Change Component Designator: Old Designator=P? New Designator=P16
Change Component Designator: Old Designator=P? New Designator=P17
Change Component Designator: Old Designator=P? New Designator=P18
Change Component Designator: Old Designator=P? New Designator=P19
Change Component Designator: Old Designator=P? New Designator=P20
Change Component Designator: Old Designator=P? New Designator=P21
Change Component Designator: Old Designator=P? New Designator=P22
Change Component Designator: Old Designator=P? New Designator=P23
Change Component Designator: Old Designator=P? New Designator=P24
Change Component Designator: Old Designator=R1 New Designator=R5
Change Component Designator: Old Designator=R2 New Designator=R11
Change Component Designator: Old Designator=R3 New Designator=R1
Change Component Designator: Old Designator=R4 New Designator=R2
Change Component Designator: Old Designator=R5 New Designator=R10
Change Component Designator: Old Designator=R6 New Designator=R12
Change Component Designator: Old Designator=R8 New Designator=R3
Change Component Designator: Old Designator=R9 New Designator=R4
Change Component Designator: Old Designator=R10 New Designator=R13
Change Component Designator: Old Designator=R11 New Designator=R14
Change Component Designator: Old Designator=R12 New Designator=R9
Change Component Designator: Old Designator=R13 New Designator=R17
Change Component Designator: Old Designator=R14 New Designator=R18
Change Component Designator: Old Designator=R15 New Designator=R8
Change Component Designator: Old Designator=R16 New Designator=R6
Change Component Designator: Old Designator=R17 New Designator=R7
Change Component Designator: Old Designator=R18 New Designator=R15
Change Component Designator: Old Designator=R19 New Designator=R16
Change Component Designator: Old Designator=S1 New Designator=S2
Change Component Designator: Old Designator=S2 New Designator=S1
Change Component Designator: Old Designator=U2 New Designator=U5
Change Component Designator: Old Designator=U4 New Designator=U13
Change Component Designator: Old Designator=U5 New Designator=U2
Change Component Designator: Old Designator=U7 New Designator=U4
Change Component Designator: Old Designator=U8 New Designator=U14
Change Component Designator: Old Designator=U9 New Designator=U7
Change Component Designator: Old Designator=U10 New Designator=U8
Change Component Designator: Old Designator=U11 New Designator=U9
Change Component Designator: Old Designator=U12 New Designator=U10
Change Component Designator: Old Designator=U13 New Designator=U11
Change Component Designator: Old Designator=U14 New Designator=U12
