Added Component: Designator=+5v(0805)
Added Component: Designator=-5v(0805)
Added Component: Designator=C1(0603C)
Added Component: Designator=C2(3216C-TYPE_A)
Added Component: Designator=C3(0603C)
Added Component: Designator=C4(3216C-TYPE_A)
Added Component: Designator=C5(0603C)
Added Component: Designator=C6(0603C)
Added Component: Designator=C7(0603C)
Added Component: Designator=C8(0603C)
Added Component: Designator=C9(0603C)
Added Component: Designator=C10(3216C-TYPE_A)
Added Component: Designator=C11(0603C)
Added Component: Designator=C12(3216C-TYPE_A)
Added Component: Designator=C13(0603C)
Added Component: Designator=C14(0603C)
Added Component: Designator=C15(0603C)
Added Component: Designator=C16(0603C)
Added Component: Designator=C17(0603C)
Added Component: Designator=C18(3216C-TYPE_A)
Added Component: Designator=C19(0603C)
Added Component: Designator=C20(3216C-TYPE_A)
Added Component: Designator=C21(0603C)
Added Component: Designator=C22(0603C)
Added Component: Designator=C23(0603C)
Added Component: Designator=C24(0603C)
Added Component: Designator=C25(0603C)
Added Component: Designator=C26(0603C)
Added Component: Designator=C27(0603C)
Added Component: Designator=C28(0603C)
Added Component: Designator=C29(0603C)
Added Component: Designator=C30(0603C)
Added Component: Designator=C31(0603C)
Added Component: Designator=C32(0603C)
Added Component: Designator=C33(0603C)
Added Component: Designator=C34(0603C)
Added Component: Designator=C35(0603C)
Added Component: Designator=C36(0603C)
Added Component: Designator=C37(0603C)
Added Component: Designator=C38(0603C)
Added Component: Designator=C39(0603C)
Added Component: Designator=C40(0603C)
Added Component: Designator=C41(0603C)
Added Component: Designator=C42(0603C)
Added Component: Designator=C43(0603C)
Added Component: Designator=C44(0603C)
Added Component: Designator=C45(0603C)
Added Component: Designator=C46(0603C)
Added Component: Designator=C47(0603C)
Added Component: Designator=C48(3216C-TYPE_A)
Added Component: Designator=C49(0603C)
Added Component: Designator=C50(3216C-TYPE_A)
Added Component: Designator=C51(0603C)
Added Component: Designator=D1(SMA/DO-214AC)
Added Component: Designator=D2(SMA/DO-214AC)
Added Component: Designator=H1(VH3.96-4P)
Added Component: Designator=I1(SMA-2)
Added Component: Designator=I2(SMA-2)
Added Component: Designator=KEY1(KEY_M)
Added Component: Designator=L1(0603R)
Added Component: Designator=L2(0603R)
Added Component: Designator=L3(0603R)
Added Component: Designator=LO(SMA-2)
Added Component: Designator=P10(HDR3X1_A)
Added Component: Designator=P11(HDR3X1_A)
Added Component: Designator=P12(HDR3X1_A)
Added Component: Designator=P13(HDR3X1_A)
Added Component: Designator=P20(HDR3X1_A)
Added Component: Designator=P21(HDR3X1_A)
Added Component: Designator=P22(HDR3X1_A)
Added Component: Designator=P23(HDR3X1_A)
Added Component: Designator=PEN(HDR3X1_A)
Added Component: Designator=Q1(SMA-2)
Added Component: Designator=Q2(SMA-2)
Added Component: Designator=R1(0603R)
Added Component: Designator=R2(0603R)
Added Component: Designator=R3(0603R)
Added Component: Designator=R4(0603R)
Added Component: Designator=R5(0603R)
Added Component: Designator=R6(0603R)
Added Component: Designator=R7(0603R)
Added Component: Designator=R8(0603R)
Added Component: Designator=R9(0603R)
Added Component: Designator=R10(0603R)
Added Component: Designator=R11(0603R)
Added Component: Designator=R12(0603R)
Added Component: Designator=R13(0603R)
Added Component: Designator=R14(0603R)
Added Component: Designator=R15(0603R)
Added Component: Designator=R16(0603R)
Added Component: Designator=R17(0603R)
Added Component: Designator=R18(0603R)
Added Component: Designator=R19(0603R)
Added Component: Designator=R20(0603R)
Added Component: Designator=R21(0603R)
Added Component: Designator=R22(0603R)
Added Component: Designator=R23(0603R)
Added Component: Designator=R24(0603R)
Added Component: Designator=R25(0603R)
Added Component: Designator=R26(0603R)
Added Component: Designator=R27(0603R)
Added Component: Designator=R28(0603R)
Added Component: Designator=R29(0603R)
Added Component: Designator=R30(0603R)
Added Component: Designator=R31(0603R)
Added Component: Designator=R32(0603R)
Added Component: Designator=R33(0603R)
Added Component: Designator=R34(0603R)
Added Component: Designator=R35(0603R)
Added Component: Designator=R36(0603R)
Added Component: Designator=R37(0603R)
Added Component: Designator=R38(0603R)
Added Component: Designator=R39(0603R)
Added Component: Designator=R40(0603R)
Added Component: Designator=R41(0603R)
Added Component: Designator=R42(0603R)
Added Component: Designator=R43(0603R)
Added Component: Designator=R44(0603R)
Added Component: Designator=R45(0603R)
Added Component: Designator=R46(0603R)
Added Component: Designator=R47(0603R)
Added Component: Designator=RF1(SMA-2)
Added Component: Designator=RF2(SMA-2)
Added Component: Designator=U1(CP_32_2)
Added Component: Designator=U2(SDA08C)
Added Component: Designator=U3(SDA08C)
Added Component: Designator=U4(SDA08C)
Added Component: Designator=U5(R_8)
Added Component: Designator=U6(R_8)
Added Component: Designator=U7(R_8)
Added Component: Designator=U8(R_8)
Added Pin To Net: NetName=+5VS Pin=C26-2
Added Pin To Net: NetName=+5VS Pin=C30-2
Added Pin To Net: NetName=+5VS Pin=C34-2
Added Pin To Net: NetName=+5VS Pin=C38-2
Added Pin To Net: NetName=+5VS Pin=L1-2
Added Pin To Net: NetName=+5VS Pin=U5-7
Added Pin To Net: NetName=+5VS Pin=U5-8
Added Pin To Net: NetName=+5VS Pin=U6-7
Added Pin To Net: NetName=+5VS Pin=U6-8
Added Pin To Net: NetName=+5VS Pin=U7-7
Added Pin To Net: NetName=+5VS Pin=U7-8
Added Pin To Net: NetName=+5VS Pin=U8-7
Added Pin To Net: NetName=+5VS Pin=U8-8
Added Net: Name=+5VS
Added Pin To Net: NetName=+5V Pin=+5v-1
Added Pin To Net: NetName=+5V Pin=C1-2
Added Pin To Net: NetName=+5V Pin=C2-1
Added Pin To Net: NetName=+5V Pin=C5-2
Added Pin To Net: NetName=+5V Pin=C9-2
Added Pin To Net: NetName=+5V Pin=C10-1
Added Pin To Net: NetName=+5V Pin=C13-2
Added Pin To Net: NetName=+5V Pin=C17-2
Added Pin To Net: NetName=+5V Pin=C18-1
Added Pin To Net: NetName=+5V Pin=C21-2
Added Pin To Net: NetName=+5V Pin=C44-2
Added Pin To Net: NetName=+5V Pin=C45-2
Added Pin To Net: NetName=+5V Pin=C46-2
Added Pin To Net: NetName=+5V Pin=C47-2
Added Pin To Net: NetName=+5V Pin=C50-1
Added Pin To Net: NetName=+5V Pin=C51-1
Added Pin To Net: NetName=+5V Pin=D1-2
Added Pin To Net: NetName=+5V Pin=H1-1
Added Pin To Net: NetName=+5V Pin=KEY1-1
Added Pin To Net: NetName=+5V Pin=KEY1-1
Added Pin To Net: NetName=+5V Pin=L1-1
Added Pin To Net: NetName=+5V Pin=L3-2
Added Pin To Net: NetName=+5V Pin=P10-3
Added Pin To Net: NetName=+5V Pin=P11-3
Added Pin To Net: NetName=+5V Pin=P12-3
Added Pin To Net: NetName=+5V Pin=P13-3
Added Pin To Net: NetName=+5V Pin=P20-3
Added Pin To Net: NetName=+5V Pin=P21-3
Added Pin To Net: NetName=+5V Pin=P22-3
Added Pin To Net: NetName=+5V Pin=P23-3
Added Pin To Net: NetName=+5V Pin=R20-1
Added Pin To Net: NetName=+5V Pin=R26-1
Added Pin To Net: NetName=+5V Pin=R32-1
Added Pin To Net: NetName=+5V Pin=U1-11
Added Pin To Net: NetName=+5V Pin=U1-14
Added Pin To Net: NetName=+5V Pin=U1-27
Added Pin To Net: NetName=+5V Pin=U1-30
Added Pin To Net: NetName=+5V Pin=U2-3
Added Pin To Net: NetName=+5V Pin=U2-7
Added Pin To Net: NetName=+5V Pin=U3-3
Added Pin To Net: NetName=+5V Pin=U3-7
Added Pin To Net: NetName=+5V Pin=U4-3
Added Pin To Net: NetName=+5V Pin=U4-7
Added Net: Name=+5V
Added Pin To Net: NetName=-5VS Pin=C27-2
Added Pin To Net: NetName=-5VS Pin=C28-2
Added Pin To Net: NetName=-5VS Pin=C31-2
Added Pin To Net: NetName=-5VS Pin=C32-2
Added Pin To Net: NetName=-5VS Pin=C35-2
Added Pin To Net: NetName=-5VS Pin=C36-2
Added Pin To Net: NetName=-5VS Pin=C39-2
Added Pin To Net: NetName=-5VS Pin=C40-2
Added Pin To Net: NetName=-5VS Pin=L2-2
Added Pin To Net: NetName=-5VS Pin=U5-4
Added Pin To Net: NetName=-5VS Pin=U6-4
Added Pin To Net: NetName=-5VS Pin=U7-4
Added Pin To Net: NetName=-5VS Pin=U8-4
Added Net: Name=-5VS
Added Pin To Net: NetName=-5V Pin=-5v-2
Added Pin To Net: NetName=-5V Pin=C3-1
Added Pin To Net: NetName=-5V Pin=C4-2
Added Pin To Net: NetName=-5V Pin=C5-1
Added Pin To Net: NetName=-5V Pin=C11-1
Added Pin To Net: NetName=-5V Pin=C12-2
Added Pin To Net: NetName=-5V Pin=C13-1
Added Pin To Net: NetName=-5V Pin=C19-1
Added Pin To Net: NetName=-5V Pin=C20-2
Added Pin To Net: NetName=-5V Pin=C21-1
Added Pin To Net: NetName=-5V Pin=C42-1
Added Pin To Net: NetName=-5V Pin=C43-1
Added Pin To Net: NetName=-5V Pin=C48-2
Added Pin To Net: NetName=-5V Pin=C49-2
Added Pin To Net: NetName=-5V Pin=D2-1
Added Pin To Net: NetName=-5V Pin=H1-4
Added Pin To Net: NetName=-5V Pin=L2-1
Added Pin To Net: NetName=-5V Pin=U1-21
Added Pin To Net: NetName=-5V Pin=U2-6
Added Pin To Net: NetName=-5V Pin=U3-6
Added Pin To Net: NetName=-5V Pin=U4-6
Added Net: Name=-5V
Added Pin To Net: NetName=4LON Pin=C23-2
Added Pin To Net: NetName=4LON Pin=C24-2
Added Pin To Net: NetName=4LON Pin=R31-1
Added Pin To Net: NetName=4LON Pin=R32-2
Added Pin To Net: NetName=4LON Pin=U1-4
Added Pin To Net: NetName=4LON Pin=U1-5
Added Net: Name=4LON
Added Pin To Net: NetName=ENBL Pin=PEN-2
Added Pin To Net: NetName=ENBL Pin=U1-26
Added Net: Name=ENBL
Added Pin To Net: NetName=GND Pin=+5v-2
Added Pin To Net: NetName=GND Pin=-5v-1
Added Pin To Net: NetName=GND Pin=C1-1
Added Pin To Net: NetName=GND Pin=C2-2
Added Pin To Net: NetName=GND Pin=C3-2
Added Pin To Net: NetName=GND Pin=C4-1
Added Pin To Net: NetName=GND Pin=C6-1
Added Pin To Net: NetName=GND Pin=C9-1
Added Pin To Net: NetName=GND Pin=C10-2
Added Pin To Net: NetName=GND Pin=C11-2
Added Pin To Net: NetName=GND Pin=C12-1
Added Pin To Net: NetName=GND Pin=C14-1
Added Pin To Net: NetName=GND Pin=C17-1
Added Pin To Net: NetName=GND Pin=C18-2
Added Pin To Net: NetName=GND Pin=C19-2
Added Pin To Net: NetName=GND Pin=C20-1
Added Pin To Net: NetName=GND Pin=C22-1
Added Pin To Net: NetName=GND Pin=C26-1
Added Pin To Net: NetName=GND Pin=C28-1
Added Pin To Net: NetName=GND Pin=C30-1
Added Pin To Net: NetName=GND Pin=C32-1
Added Pin To Net: NetName=GND Pin=C34-1
Added Pin To Net: NetName=GND Pin=C36-1
Added Pin To Net: NetName=GND Pin=C38-1
Added Pin To Net: NetName=GND Pin=C40-1
Added Pin To Net: NetName=GND Pin=C41-1
Added Pin To Net: NetName=GND Pin=C42-2
Added Pin To Net: NetName=GND Pin=C43-2
Added Pin To Net: NetName=GND Pin=C44-1
Added Pin To Net: NetName=GND Pin=C45-1
Added Pin To Net: NetName=GND Pin=C46-1
Added Pin To Net: NetName=GND Pin=C47-1
Added Pin To Net: NetName=GND Pin=C48-1
Added Pin To Net: NetName=GND Pin=C49-1
Added Pin To Net: NetName=GND Pin=C50-2
Added Pin To Net: NetName=GND Pin=C51-2
Added Pin To Net: NetName=GND Pin=D1-1
Added Pin To Net: NetName=GND Pin=D2-2
Added Pin To Net: NetName=GND Pin=H1-2
Added Pin To Net: NetName=GND Pin=H1-3
Added Pin To Net: NetName=GND Pin=I1-2
Added Pin To Net: NetName=GND Pin=I2-2
Added Pin To Net: NetName=GND Pin=LO-2
Added Pin To Net: NetName=GND Pin=P10-1
Added Pin To Net: NetName=GND Pin=P11-1
Added Pin To Net: NetName=GND Pin=P12-1
Added Pin To Net: NetName=GND Pin=P13-1
Added Pin To Net: NetName=GND Pin=P20-1
Added Pin To Net: NetName=GND Pin=P21-1
Added Pin To Net: NetName=GND Pin=P22-1
Added Pin To Net: NetName=GND Pin=P23-1
Added Pin To Net: NetName=GND Pin=PEN-1
Added Pin To Net: NetName=GND Pin=Q1-2
Added Pin To Net: NetName=GND Pin=Q2-2
Added Pin To Net: NetName=GND Pin=R7-2
Added Pin To Net: NetName=GND Pin=R8-1
Added Pin To Net: NetName=GND Pin=R9-2
Added Pin To Net: NetName=GND Pin=R10-1
Added Pin To Net: NetName=GND Pin=R11-2
Added Pin To Net: NetName=GND Pin=R12-1
Added Pin To Net: NetName=GND Pin=R19-2
Added Pin To Net: NetName=GND Pin=R25-2
Added Pin To Net: NetName=GND Pin=R31-2
Added Pin To Net: NetName=GND Pin=R47-1
Added Pin To Net: NetName=GND Pin=RF1-2
Added Pin To Net: NetName=GND Pin=RF2-2
Added Pin To Net: NetName=GND Pin=U1-3
Added Pin To Net: NetName=GND Pin=U1-20
Added Pin To Net: NetName=GND Pin=U1-33
Added Pin To Net: NetName=GND Pin=U2-9
Added Pin To Net: NetName=GND Pin=U3-9
Added Pin To Net: NetName=GND Pin=U4-9
Added Pin To Net: NetName=GND Pin=U5-1
Added Pin To Net: NetName=GND Pin=U5-3
Added Pin To Net: NetName=GND Pin=U6-1
Added Pin To Net: NetName=GND Pin=U6-3
Added Pin To Net: NetName=GND Pin=U7-1
Added Pin To Net: NetName=GND Pin=U7-3
Added Pin To Net: NetName=GND Pin=U8-1
Added Pin To Net: NetName=GND Pin=U8-3
Added Net: Name=GND
Added Pin To Net: NetName=I1PO Pin=C25-1
Added Pin To Net: NetName=I1PO Pin=R35-1
Added Pin To Net: NetName=I1PO Pin=R46-1
Added Pin To Net: NetName=I1PO Pin=U1-24
Added Pin To Net: NetName=I1PO Pin=U5-2
Added Net: Name=I1PO
Added Pin To Net: NetName=I2PO Pin=R43-1
Added Pin To Net: NetName=I2PO Pin=R46-2
Added Pin To Net: NetName=I2PO Pin=U1-17
Added Net: Name=I2PO
Added Pin To Net: NetName=NetC6_2 Pin=C6-2
Added Pin To Net: NetName=NetC6_2 Pin=U2-2
Added Net: Name=NetC6_2
Added Pin To Net: NetName=NetC7_1 Pin=C7-1
Added Pin To Net: NetName=NetC7_1 Pin=R23-2
Added Net: Name=NetC7_1
Added Pin To Net: NetName=NetC8_1 Pin=C8-1
Added Pin To Net: NetName=NetC8_1 Pin=R24-2
Added Net: Name=NetC8_1
Added Pin To Net: NetName=NetC14_2 Pin=C14-2
Added Pin To Net: NetName=NetC14_2 Pin=U3-2
Added Net: Name=NetC14_2
Added Pin To Net: NetName=NetC15_1 Pin=C15-1
Added Pin To Net: NetName=NetC15_1 Pin=R29-2
Added Net: Name=NetC15_1
Added Pin To Net: NetName=NetC16_1 Pin=C16-1
Added Pin To Net: NetName=NetC16_1 Pin=R30-2
Added Net: Name=NetC16_1
Added Pin To Net: NetName=NetC22_2 Pin=C22-2
Added Pin To Net: NetName=NetC22_2 Pin=U4-2
Added Net: Name=NetC22_2
Added Pin To Net: NetName=NetC23_1 Pin=C23-1
Added Pin To Net: NetName=NetC23_1 Pin=R33-2
Added Net: Name=NetC23_1
Added Pin To Net: NetName=NetC24_1 Pin=C24-1
Added Pin To Net: NetName=NetC24_1 Pin=R34-2
Added Net: Name=NetC24_1
Added Pin To Net: NetName=NetC25_2 Pin=C25-2
Added Pin To Net: NetName=NetC25_2 Pin=R35-2
Added Pin To Net: NetName=NetC25_2 Pin=R36-1
Added Pin To Net: NetName=NetC25_2 Pin=U5-6
Added Net: Name=NetC25_2
Added Pin To Net: NetName=NetC27_1 Pin=C27-1
Added Pin To Net: NetName=NetC27_1 Pin=U5-5
Added Net: Name=NetC27_1
Added Pin To Net: NetName=NetC29_2 Pin=C29-2
Added Pin To Net: NetName=NetC29_2 Pin=R37-2
Added Pin To Net: NetName=NetC29_2 Pin=R38-1
Added Pin To Net: NetName=NetC29_2 Pin=U6-6
Added Net: Name=NetC29_2
Added Pin To Net: NetName=NetC31_1 Pin=C31-1
Added Pin To Net: NetName=NetC31_1 Pin=U6-5
Added Net: Name=NetC31_1
Added Pin To Net: NetName=NetC33_1 Pin=C33-1
Added Pin To Net: NetName=NetC33_1 Pin=R39-1
Added Pin To Net: NetName=NetC33_1 Pin=R43-2
Added Pin To Net: NetName=NetC33_1 Pin=U7-2
Added Net: Name=NetC33_1
Added Pin To Net: NetName=NetC33_2 Pin=C33-2
Added Pin To Net: NetName=NetC33_2 Pin=R39-2
Added Pin To Net: NetName=NetC33_2 Pin=R40-1
Added Pin To Net: NetName=NetC33_2 Pin=U7-6
Added Net: Name=NetC33_2
Added Pin To Net: NetName=NetC35_1 Pin=C35-1
Added Pin To Net: NetName=NetC35_1 Pin=U7-5
Added Net: Name=NetC35_1
Added Pin To Net: NetName=NetC37_1 Pin=C37-1
Added Pin To Net: NetName=NetC37_1 Pin=R41-1
Added Pin To Net: NetName=NetC37_1 Pin=R44-2
Added Pin To Net: NetName=NetC37_1 Pin=U8-2
Added Net: Name=NetC37_1
Added Pin To Net: NetName=NetC37_2 Pin=C37-2
Added Pin To Net: NetName=NetC37_2 Pin=R41-2
Added Pin To Net: NetName=NetC37_2 Pin=R42-1
Added Pin To Net: NetName=NetC37_2 Pin=U8-6
Added Net: Name=NetC37_2
Added Pin To Net: NetName=NetC39_1 Pin=C39-1
Added Pin To Net: NetName=NetC39_1 Pin=U8-5
Added Net: Name=NetC39_1
Added Pin To Net: NetName=NetC41_2 Pin=C41-2
Added Pin To Net: NetName=NetC41_2 Pin=U1-6
Added Net: Name=NetC41_2
Added Pin To Net: NetName=NetI1_1 Pin=I1-1
Added Pin To Net: NetName=NetI1_1 Pin=R36-2
Added Net: Name=NetI1_1
Added Pin To Net: NetName=NetI2_1 Pin=I2-1
Added Pin To Net: NetName=NetI2_1 Pin=R40-2
Added Net: Name=NetI2_1
Added Pin To Net: NetName=NetL3_1 Pin=L3-1
Added Pin To Net: NetName=NetL3_1 Pin=PEN-3
Added Net: Name=NetL3_1
Added Pin To Net: NetName=NetLO_1 Pin=LO-1
Added Pin To Net: NetName=NetLO_1 Pin=R6-1
Added Pin To Net: NetName=NetLO_1 Pin=R12-2
Added Net: Name=NetLO_1
Added Pin To Net: NetName=NetQ1_1 Pin=Q1-1
Added Pin To Net: NetName=NetQ1_1 Pin=R38-2
Added Net: Name=NetQ1_1
Added Pin To Net: NetName=NetQ2_1 Pin=Q2-1
Added Pin To Net: NetName=NetQ2_1 Pin=R42-2
Added Net: Name=NetQ2_1
Added Pin To Net: NetName=NetR1_1 Pin=R1-1
Added Pin To Net: NetName=NetR1_1 Pin=R7-1
Added Net: Name=NetR1_1
Added Pin To Net: NetName=NetR1_2 Pin=R1-2
Added Pin To Net: NetName=NetR1_2 Pin=R13-1
Added Pin To Net: NetName=NetR1_2 Pin=U2-1
Added Net: Name=NetR1_2
Added Pin To Net: NetName=NetR2_1 Pin=R2-1
Added Pin To Net: NetName=NetR2_1 Pin=R8-2
Added Pin To Net: NetName=NetR2_1 Pin=RF1-1
Added Net: Name=NetR2_1
Added Pin To Net: NetName=NetR2_2 Pin=R2-2
Added Pin To Net: NetName=NetR2_2 Pin=R14-1
Added Pin To Net: NetName=NetR2_2 Pin=U2-8
Added Net: Name=NetR2_2
Added Pin To Net: NetName=NetR3_1 Pin=R3-1
Added Pin To Net: NetName=NetR3_1 Pin=R9-1
Added Net: Name=NetR3_1
Added Pin To Net: NetName=NetR3_2 Pin=R3-2
Added Pin To Net: NetName=NetR3_2 Pin=R15-1
Added Pin To Net: NetName=NetR3_2 Pin=U3-1
Added Net: Name=NetR3_2
Added Pin To Net: NetName=NetR4_1 Pin=R4-1
Added Pin To Net: NetName=NetR4_1 Pin=R10-2
Added Pin To Net: NetName=NetR4_1 Pin=RF2-1
Added Net: Name=NetR4_1
Added Pin To Net: NetName=NetR4_2 Pin=R4-2
Added Pin To Net: NetName=NetR4_2 Pin=R16-1
Added Pin To Net: NetName=NetR4_2 Pin=U3-8
Added Net: Name=NetR4_2
Added Pin To Net: NetName=NetR5_1 Pin=R5-1
Added Pin To Net: NetName=NetR5_1 Pin=R11-1
Added Net: Name=NetR5_1
Added Pin To Net: NetName=NetR5_2 Pin=R5-2
Added Pin To Net: NetName=NetR5_2 Pin=R17-1
Added Pin To Net: NetName=NetR5_2 Pin=U4-1
Added Net: Name=NetR5_2
Added Pin To Net: NetName=NetR6_2 Pin=R6-2
Added Pin To Net: NetName=NetR6_2 Pin=R18-1
Added Pin To Net: NetName=NetR6_2 Pin=U4-8
Added Net: Name=NetR6_2
Added Pin To Net: NetName=NetR13_2 Pin=R13-2
Added Pin To Net: NetName=NetR13_2 Pin=R23-1
Added Pin To Net: NetName=NetR13_2 Pin=U2-5
Added Net: Name=NetR13_2
Added Pin To Net: NetName=NetR14_2 Pin=R14-2
Added Pin To Net: NetName=NetR14_2 Pin=R24-1
Added Pin To Net: NetName=NetR14_2 Pin=U2-4
Added Net: Name=NetR14_2
Added Pin To Net: NetName=NetR15_2 Pin=R15-2
Added Pin To Net: NetName=NetR15_2 Pin=R29-1
Added Pin To Net: NetName=NetR15_2 Pin=U3-5
Added Net: Name=NetR15_2
Added Pin To Net: NetName=NetR16_2 Pin=R16-2
Added Pin To Net: NetName=NetR16_2 Pin=R30-1
Added Pin To Net: NetName=NetR16_2 Pin=U3-4
Added Net: Name=NetR16_2
Added Pin To Net: NetName=NetR17_2 Pin=R17-2
Added Pin To Net: NetName=NetR17_2 Pin=R33-1
Added Pin To Net: NetName=NetR17_2 Pin=U4-5
Added Net: Name=NetR17_2
Added Pin To Net: NetName=NetR18_2 Pin=R18-2
Added Pin To Net: NetName=NetR18_2 Pin=R34-1
Added Pin To Net: NetName=NetR18_2 Pin=U4-4
Added Net: Name=NetR18_2
Added Pin To Net: NetName=NetR19_1 Pin=R19-1
Added Pin To Net: NetName=NetR19_1 Pin=R20-2
Added Pin To Net: NetName=NetR19_1 Pin=R21-2
Added Pin To Net: NetName=NetR19_1 Pin=R22-1
Added Net: Name=NetR19_1
Added Pin To Net: NetName=NetR25_1 Pin=R25-1
Added Pin To Net: NetName=NetR25_1 Pin=R26-2
Added Pin To Net: NetName=NetR25_1 Pin=R27-2
Added Pin To Net: NetName=NetR25_1 Pin=R28-1
Added Net: Name=NetR25_1
Added Pin To Net: NetName=PH10 Pin=P10-2
Added Pin To Net: NetName=PH10 Pin=U1-31
Added Net: Name=PH10
Added Pin To Net: NetName=PH11 Pin=P11-2
Added Pin To Net: NetName=PH11 Pin=U1-32
Added Net: Name=PH11
Added Pin To Net: NetName=PH12 Pin=P12-2
Added Pin To Net: NetName=PH12 Pin=U1-1
Added Net: Name=PH12
Added Pin To Net: NetName=PH13 Pin=P13-2
Added Pin To Net: NetName=PH13 Pin=U1-2
Added Net: Name=PH13
Added Pin To Net: NetName=PH20 Pin=P20-2
Added Pin To Net: NetName=PH20 Pin=U1-10
Added Net: Name=PH20
Added Pin To Net: NetName=PH21 Pin=P21-2
Added Pin To Net: NetName=PH21 Pin=U1-9
Added Net: Name=PH21
Added Pin To Net: NetName=PH22 Pin=P22-2
Added Pin To Net: NetName=PH22 Pin=U1-8
Added Net: Name=PH22
Added Pin To Net: NetName=PH23 Pin=P23-2
Added Pin To Net: NetName=PH23 Pin=U1-7
Added Net: Name=PH23
Added Pin To Net: NetName=Q1PO Pin=C29-1
Added Pin To Net: NetName=Q1PO Pin=R37-1
Added Pin To Net: NetName=Q1PO Pin=R45-1
Added Pin To Net: NetName=Q1PO Pin=U1-23
Added Pin To Net: NetName=Q1PO Pin=U6-2
Added Net: Name=Q1PO
Added Pin To Net: NetName=Q2PO Pin=R44-1
Added Pin To Net: NetName=Q2PO Pin=R45-2
Added Pin To Net: NetName=Q2PO Pin=U1-18
Added Net: Name=Q2PO
Added Pin To Net: NetName=RF1N Pin=C7-2
Added Pin To Net: NetName=RF1N Pin=R21-1
Added Pin To Net: NetName=RF1N Pin=U1-28
Added Net: Name=RF1N
Added Pin To Net: NetName=RF1P Pin=C8-2
Added Pin To Net: NetName=RF1P Pin=R22-2
Added Pin To Net: NetName=RF1P Pin=U1-29
Added Net: Name=RF1P
Added Pin To Net: NetName=RF2N Pin=C15-2
Added Pin To Net: NetName=RF2N Pin=R27-1
Added Pin To Net: NetName=RF2N Pin=U1-13
Added Net: Name=RF2N
Added Pin To Net: NetName=RF2P Pin=C16-2
Added Pin To Net: NetName=RF2P Pin=R28-2
Added Pin To Net: NetName=RF2P Pin=U1-12
Added Net: Name=RF2P
Added Pin To Net: NetName=RSET Pin=KEY1-2
Added Pin To Net: NetName=RSET Pin=KEY1-2
Added Pin To Net: NetName=RSET Pin=R47-2
Added Pin To Net: NetName=RSET Pin=U1-15
Added Net: Name=RSET
Added Class: Name=IQ解调器原理图
Added Room: Name=IQ解调器原理图
