Removed Pin From Net: NetName=RFOUTB_P Pin=I2-1
Removed Pin From Net: NetName=GND Pin=I2-4
Removed Pin From Net: NetName=RFOUTB_N Pin=I2-5
Removed Pin From Net: NetName=NetC28_2 Pin=R22-1
Removed Pin From Net: NetName=NetC29_2 Pin=R23-1
Added Component: Designator=C30(0805)
Added Component: Designator=R22(0805)
Added Component: Designator=R23(0805)
Added Component: Designator=R24(0805)
Added Component: Designator=R25(0805)
Added Component: Designator=Vo_S3(SMA-LYING)
Added Pin To Net: NetName=RFOUTB_P Pin=C29-1
Added Pin To Net: NetName=RFOUTB_N Pin=C30-1
Added Pin To Net: NetName=RFOUTA_P Pin=R22-1
Added Pin To Net: NetName=3.3V Pin=R22-2
Added Pin To Net: NetName=3.3V Pin=R23-1
Added Pin To Net: NetName=RFOUTA_N Pin=R23-2
Added Pin To Net: NetName=3.3V Pin=R24-1
Added Pin To Net: NetName=RFOUTB_P Pin=R24-2
Added Pin To Net: NetName=3.3V Pin=R25-1
Added Pin To Net: NetName=RFOUTB_N Pin=R25-2
Added Pin To Net: NetName=NetC28_2 Pin=Vo_S1-0
Added Pin To Net: NetName=NetC29_2 Pin=Vo_S2-0
Added Pin To Net: NetName=NetC30_2 Pin=C30-2
Added Pin To Net: NetName=NetC30_2 Pin=Vo_S3-0
Added Net: Name=NetC30_2
