Added Component: Designator=U1(ADI-CP-32-2_M)
Added Pin To Net: NetName=CLK Pin=U1-1
Added Pin To Net: NetName=DATA Pin=U1-2
Added Pin To Net: NetName=LE Pin=U1-3
Added Pin To Net: NetName=CE Pin=U1-4
Added Pin To Net: NetName=SW Pin=U1-5
Added Pin To Net: NetName=3.3V Pin=U1-6
Added Pin To Net: NetName=CP Pin=U1-7
Added Pin To Net: NetName=PGND Pin=U1-8
Added Pin To Net: NetName=AGND Pin=U1-9
Added Pin To Net: NetName=3.3V Pin=U1-10
Added Pin To Net: NetName=AGND Pin=U1-11
Added Pin To Net: NetName=RFOUTA_P Pin=U1-12
Added Pin To Net: NetName=RFOUTA_N Pin=U1-13
Added Pin To Net: NetName=RFOUTB_P Pin=U1-14
Added Pin To Net: NetName=RFOUTB_N Pin=U1-15
Added Pin To Net: NetName=3.3V Pin=U1-16
Added Pin To Net: NetName=3.3V Pin=U1-17
Added Pin To Net: NetName=AGND Pin=U1-18
Added Pin To Net: NetName=TEMP Pin=U1-19
Added Pin To Net: NetName=VTUNE Pin=U1-20
Added Pin To Net: NetName=AGND Pin=U1-21
Added Pin To Net: NetName=RSET Pin=U1-22
Added Pin To Net: NetName=VCOM Pin=U1-23
Added Pin To Net: NetName=VREF Pin=U1-24
Added Pin To Net: NetName=LD Pin=U1-25
Added Pin To Net: NetName=PDBRF Pin=U1-26
Added Pin To Net: NetName=DGND Pin=U1-27
Added Pin To Net: NetName=3.3V Pin=U1-28
Added Pin To Net: NetName=REFIN Pin=U1-29
Added Pin To Net: NetName=MUXOUT Pin=U1-30
Added Pin To Net: NetName=DGND Pin=U1-31
Added Pin To Net: NetName=3.3V Pin=U1-32
Added Pin To Net: NetName=GND Pin=U1-33
