Added Component: Designator=C1(0805)
Added Component: Designator=C2(0805)
Added Component: Designator=C3(0805)
Added Component: Designator=C4(0805)
Added Component: Designator=C5(0805)
Added Component: Designator=C6(0805)
Added Component: Designator=C7(0805)
Added Component: Designator=C8(0805)
Added Component: Designator=C9(0805)
Added Component: Designator=C10(0805)
Added Component: Designator=C11(0805)
Added Component: Designator=C12(0805)
Added Component: Designator=C13(0805)
Added Component: Designator=C14(0805)
Added Component: Designator=C15(0805)
Added Component: Designator=C16(0805)
Added Component: Designator=C17(0805)
Added Component: Designator=C18(0805)
Added Component: Designator=C19(0805)
Added Component: Designator=C20(0805)
Added Component: Designator=C21(0805)
Added Component: Designator=C22(0805)
Added Component: Designator=C26(0805)
Added Component: Designator=C27(0805)
Added Component: Designator=C28(0805)
Added Component: Designator=C29(0805)
Added Component: Designator=D1(0805_s)
Added Component: Designator=D2(0805_s)
Added Component: Designator=D4(SMA/DO-214AC)
Added Component: Designator=I1(SM-22)
Added Component: Designator=I2(SM-22)
Added Component: Designator=P1(DC3-14P)
Added Component: Designator=P2(VH3.96-4P)
Added Component: Designator=R1(0805)
Added Component: Designator=R2(0805)
Added Component: Designator=R3(0805)
Added Component: Designator=R4(0805)
Added Component: Designator=R5(0805)
Added Component: Designator=R6(0805)
Added Component: Designator=R7(0805)
Added Component: Designator=R9(0805)
Added Component: Designator=R10(0805)
Added Component: Designator=R11(0805)
Added Component: Designator=R12(0805)
Added Component: Designator=R13(0805)
Added Component: Designator=R14(0805)
Added Component: Designator=R15(0805)
Added Component: Designator=R16(0805)
Added Component: Designator=R18(0805)
Added Component: Designator=R19(0805)
Added Component: Designator=R20(0805)
Added Component: Designator=R22(0805)
Added Component: Designator=R23(0805)
Added Component: Designator=Vo_S1(SMA-LYING)
Added Component: Designator=Vo_S2(SMA-LYING)
Added Component: Designator=X1(SMD4_7050)
Added Pin To Net: NetName=GND Pin=C1-1
Added Pin To Net: NetName=3.3V Pin=C1-2
Added Pin To Net: NetName=GND Pin=C2-1
Added Pin To Net: NetName=VCOM Pin=C2-2
Added Pin To Net: NetName=GND Pin=C3-1
Added Pin To Net: NetName=TEMP Pin=C3-2
Added Pin To Net: NetName=GND Pin=C4-1
Added Pin To Net: NetName=VREF Pin=C4-2
Added Pin To Net: NetName=GND Pin=C5-1
Added Pin To Net: NetName=VREF Pin=C5-2
Added Pin To Net: NetName=GND Pin=C6-1
Added Pin To Net: NetName=VCOM Pin=C6-2
Added Pin To Net: NetName=GND Pin=C7-1
Added Pin To Net: NetName=TEMP Pin=C7-2
Added Pin To Net: NetName=REFIN Pin=C8-1
Added Pin To Net: NetName=NetC8_2 Pin=C8-2
Added Pin To Net: NetName=NetC9_1 Pin=C9-1
Added Pin To Net: NetName=CP Pin=C9-2
Added Pin To Net: NetName=GND Pin=C10-1
Added Pin To Net: NetName=VTUNE Pin=C10-2
Added Pin To Net: NetName=GND Pin=C11-1
Added Pin To Net: NetName=CP Pin=C11-2
Added Pin To Net: NetName=GND Pin=C12-1
Added Pin To Net: NetName=3.3V Pin=C12-2
Added Pin To Net: NetName=GND Pin=C13-1
Added Pin To Net: NetName=3.3V Pin=C13-2
Added Pin To Net: NetName=GND Pin=C14-1
Added Pin To Net: NetName=3.3V Pin=C14-2
Added Pin To Net: NetName=GND Pin=C15-1
Added Pin To Net: NetName=3.3V Pin=C15-2
Added Pin To Net: NetName=GND Pin=C16-1
Added Pin To Net: NetName=3.3V Pin=C16-2
Added Pin To Net: NetName=GND Pin=C17-1
Added Pin To Net: NetName=3.3V Pin=C17-2
Added Pin To Net: NetName=GND Pin=C18-1
Added Pin To Net: NetName=3.3V Pin=C18-2
Added Pin To Net: NetName=GND Pin=C19-1
Added Pin To Net: NetName=3.3V Pin=C19-2
Added Pin To Net: NetName=GND Pin=C20-1
Added Pin To Net: NetName=3.3V Pin=C20-2
Added Pin To Net: NetName=GND Pin=C21-1
Added Pin To Net: NetName=3.3V Pin=C21-2
Added Pin To Net: NetName=GND Pin=C22-1
Added Pin To Net: NetName=3.3V Pin=C22-2
Added Pin To Net: NetName=GND Pin=C26-1
Added Pin To Net: NetName=NetC24_1 Pin=C26-2
Added Pin To Net: NetName=GND Pin=C27-1
Added Pin To Net: NetName=3.3V Pin=C27-2
Added Pin To Net: NetName=NetC28_1 Pin=C28-1
Added Pin To Net: NetName=NetC28_2 Pin=C28-2
Added Pin To Net: NetName=NetC29_1 Pin=C29-1
Added Pin To Net: NetName=NetC29_2 Pin=C29-2
Added Pin To Net: NetName=GND Pin=D1-1
Added Pin To Net: NetName=NetD1_2 Pin=D1-2
Added Pin To Net: NetName=NetD2_1 Pin=D2-1
Added Pin To Net: NetName=NetC24_1 Pin=D2-2
Added Pin To Net: NetName=GND Pin=D4-1
Added Pin To Net: NetName=NetC24_1 Pin=D4-2
Added Pin To Net: NetName=RFOUTA_P Pin=I1-1
Added Pin To Net: NetName=NetC28_1 Pin=I1-3
Added Pin To Net: NetName=GND Pin=I1-4
Added Pin To Net: NetName=RFOUTA_N Pin=I1-5
Added Pin To Net: NetName=RFOUTB_P Pin=I2-1
Added Pin To Net: NetName=NetC29_1 Pin=I2-3
Added Pin To Net: NetName=GND Pin=I2-4
Added Pin To Net: NetName=RFOUTB_N Pin=I2-5
Added Pin To Net: NetName=GND Pin=P1-1
Added Pin To Net: NetName=CLK D Pin=P1-2
Added Pin To Net: NetName=MUXOUT D Pin=P1-3
Added Pin To Net: NetName=DATA D Pin=P1-4
Added Pin To Net: NetName=GND Pin=P1-5
Added Pin To Net: NetName=PDBRF D Pin=P1-6
Added Pin To Net: NetName=LD D Pin=P1-7
Added Pin To Net: NetName=CE D Pin=P1-9
Added Pin To Net: NetName=LE D Pin=P1-10
Added Pin To Net: NetName=GND Pin=P1-11
Added Pin To Net: NetName=GND Pin=P1-12
Added Pin To Net: NetName=GND Pin=P1-13
Added Pin To Net: NetName=GND Pin=P1-14
Added Pin To Net: NetName=NetC24_1 Pin=P2-1
Added Pin To Net: NetName=GND Pin=P2-2
Added Pin To Net: NetName=GND Pin=P2-3
Added Pin To Net: NetName=LD D Pin=R1-1
Added Pin To Net: NetName=LD Pin=R1-2
Added Pin To Net: NetName=PDBRF D Pin=R2-1
Added Pin To Net: NetName=PDBRF Pin=R2-2
Added Pin To Net: NetName=MUXOUT D Pin=R3-1
Added Pin To Net: NetName=MUXOUT Pin=R3-2
Added Pin To Net: NetName=CLK D Pin=R4-1
Added Pin To Net: NetName=CLK Pin=R4-2
Added Pin To Net: NetName=DATA D Pin=R5-1
Added Pin To Net: NetName=DATA Pin=R5-2
Added Pin To Net: NetName=LE D Pin=R6-1
Added Pin To Net: NetName=LE Pin=R6-2
Added Pin To Net: NetName=CE D Pin=R7-1
Added Pin To Net: NetName=CE Pin=R7-2
Added Pin To Net: NetName=LD Pin=R9-1
Added Pin To Net: NetName=NetD1_2 Pin=R9-2
Added Pin To Net: NetName=RSET Pin=R10-1
Added Pin To Net: NetName=GND Pin=R10-2
Added Pin To Net: NetName=GND Pin=R11-1
Added Pin To Net: NetName=NetC8_2 Pin=R11-2
Added Pin To Net: NetName=CP Pin=R12-1
Added Pin To Net: NetName=VTUNE Pin=R12-2
Added Pin To Net: NetName=NetR13_1 Pin=R13-1
Added Pin To Net: NetName=NetC9_1 Pin=R13-2
Added Pin To Net: NetName=NetR13_1 Pin=R14-1
Added Pin To Net: NetName=SW Pin=R14-2
Added Pin To Net: NetName=NetR13_1 Pin=R15-1
Added Pin To Net: NetName=GND Pin=R15-2
Added Pin To Net: NetName=GND Pin=R16-1
Added Pin To Net: NetName=NetD2_1 Pin=R16-2
Added Pin To Net: NetName=AGND Pin=R18-1
Added Pin To Net: NetName=GND Pin=R18-2
Added Pin To Net: NetName=DGND Pin=R19-1
Added Pin To Net: NetName=GND Pin=R19-2
Added Pin To Net: NetName=PGND Pin=R20-1
Added Pin To Net: NetName=GND Pin=R20-2
Added Pin To Net: NetName=NetC28_2 Pin=R22-1
Added Pin To Net: NetName=NetR22_2 Pin=R22-2
Added Pin To Net: NetName=NetC29_2 Pin=R23-1
Added Pin To Net: NetName=NetR23_2 Pin=R23-2
Added Pin To Net: NetName=NetR22_2 Pin=Vo_S1-0
Added Pin To Net: NetName=NetR23_2 Pin=Vo_S2-0
Added Pin To Net: NetName=3.3V Pin=X1-1
Added Pin To Net: NetName=GND Pin=X1-2
Added Pin To Net: NetName=NetC8_2 Pin=X1-3
Added Pin To Net: NetName=3.3V Pin=X1-4
