Removed Pin From Net: NetName=RFOUTA_N Pin=I1-1
Removed Pin From Net: NetName=RFOUTA_P Pin=I1-5
Removed Pin From Net: NetName=GND Pin=U1-8
Removed Pin From Net: NetName=GND Pin=U1-9
Removed Pin From Net: NetName=GND Pin=U1-11
Removed Pin From Net: NetName=GND Pin=U1-18
Removed Pin From Net: NetName=GND Pin=U1-21
Removed Pin From Net: NetName=GND Pin=U1-27
Removed Pin From Net: NetName=GND Pin=U1-31
Change Component Designator: OldDesignator=DIFF B+ NewDesignator=Vo_S2
Change Component Designator: OldDesignator=DIFF B- NewDesignator=Vo_S3
Change Component Designator: OldDesignator=OUT A NewDesignator=Vo_S1
Added Component: Designator=C22(0805)
Added Component: Designator=R18(0805)
Added Component: Designator=R19(0805)
Added Component: Designator=R20(0805)
Added Pin To Net: NetName=GND Pin=C22-1
Added Pin To Net: NetName=3.3V Pin=C22-2
Added Pin To Net: NetName=RFOUTA_P Pin=I1-1
Added Pin To Net: NetName=RFOUTA_N Pin=I1-5
Added Pin To Net: NetName=AGND Pin=R18-1
Added Pin To Net: NetName=GND Pin=R18-2
Added Pin To Net: NetName=DGND Pin=R19-1
Added Pin To Net: NetName=GND Pin=R19-2
Added Pin To Net: NetName=PGND Pin=R20-1
Added Pin To Net: NetName=GND Pin=R20-2
Added Pin To Net: NetName=PGND Pin=U1-8
Added Pin To Net: NetName=AGND Pin=U1-9
Added Pin To Net: NetName=AGND Pin=U1-11
Added Pin To Net: NetName=AGND Pin=U1-18
Added Pin To Net: NetName=AGND Pin=U1-21
Added Pin To Net: NetName=DGND Pin=U1-27
Added Pin To Net: NetName=DGND Pin=U1-31
Added Pin To Net: NetName=GND Pin=Vo_S1-1
Added Pin To Net: NetName=GND Pin=Vo_S1-1
Added Pin To Net: NetName=GND Pin=Vo_S1-1
Added Pin To Net: NetName=GND Pin=Vo_S1-1
Added Pin To Net: NetName=GND Pin=Vo_S2-1
Added Pin To Net: NetName=GND Pin=Vo_S2-1
Added Pin To Net: NetName=GND Pin=Vo_S2-1
Added Pin To Net: NetName=GND Pin=Vo_S2-1
Added Pin To Net: NetName=GND Pin=Vo_S3-1
Added Pin To Net: NetName=GND Pin=Vo_S3-1
Added Pin To Net: NetName=GND Pin=Vo_S3-1
Added Pin To Net: NetName=GND Pin=Vo_S3-1
